{"/home/runner/work/docente-plus-plus/docente-plus-plus/js/agenda.js": {"path":"/home/runner/work/docente-plus-plus/docente-plus-plus/js/agenda.js","statementMap":{"0":{"start":{"line":10,"column":4},"end":{"line":10,"column":74}},"1":{"start":{"line":20,"column":4},"end":{"line":23,"column":61}},"2":{"start":{"line":21,"column":27},"end":{"line":21,"column":48}},"3":{"start":{"line":22,"column":8},"end":{"line":22,"column":64}},"4":{"start":{"line":23,"column":22},"end":{"line":23,"column":59}},"5":{"start":{"line":32,"column":20},"end":{"line":32,"column":52}},"6":{"start":{"line":33,"column":4},"end":{"line":36,"column":61}},"7":{"start":{"line":34,"column":29},"end":{"line":34,"column":78}},"8":{"start":{"line":35,"column":8},"end":{"line":35,"column":40}},"9":{"start":{"line":36,"column":22},"end":{"line":36,"column":59}},"10":{"start":{"line":45,"column":21},"end":{"line":56,"column":5}},"11":{"start":{"line":58,"column":4},"end":{"line":58,"column":32}},"12":{"start":{"line":59,"column":4},"end":{"line":59,"column":15}},"13":{"start":{"line":61,"column":4},"end":{"line":61,"column":20}},"14":{"start":{"line":71,"column":23},"end":{"line":71,"column":68}},"15":{"start":{"line":71,"column":51},"end":{"line":71,"column":67}},"16":{"start":{"line":73,"column":4},"end":{"line":75,"column":5}},"17":{"start":{"line":74,"column":8},"end":{"line":74,"column":20}},"18":{"start":{"line":77,"column":4},"end":{"line":81,"column":6}},"19":{"start":{"line":83,"column":4},"end":{"line":83,"column":15}},"20":{"start":{"line":85,"column":4},"end":{"line":85,"column":36}},"21":{"start":{"line":94,"column":23},"end":{"line":94,"column":68}},"22":{"start":{"line":94,"column":51},"end":{"line":94,"column":67}},"23":{"start":{"line":96,"column":4},"end":{"line":98,"column":5}},"24":{"start":{"line":97,"column":8},"end":{"line":97,"column":21}},"25":{"start":{"line":100,"column":4},"end":{"line":100,"column":39}},"26":{"start":{"line":101,"column":4},"end":{"line":101,"column":15}},"27":{"start":{"line":103,"column":4},"end":{"line":103,"column":16}},"28":{"start":{"line":112,"column":4},"end":{"line":112,"column":60}},"29":{"start":{"line":112,"column":34},"end":{"line":112,"column":50}},"30":{"start":{"line":121,"column":18},"end":{"line":130,"column":5}},"31":{"start":{"line":132,"column":4},"end":{"line":132,"column":75}},"32":{"start":{"line":140,"column":24},"end":{"line":140,"column":26}},"33":{"start":{"line":141,"column":18},"end":{"line":141,"column":28}},"34":{"start":{"line":142,"column":4},"end":{"line":142,"column":31}},"35":{"start":{"line":144,"column":21},"end":{"line":144,"column":36}},"36":{"start":{"line":145,"column":4},"end":{"line":145,"column":45}},"37":{"start":{"line":147,"column":21},"end":{"line":147,"column":36}},"38":{"start":{"line":148,"column":4},"end":{"line":148,"column":45}},"39":{"start":{"line":151,"column":27},"end":{"line":151,"column":53}},"40":{"start":{"line":152,"column":28},"end":{"line":152,"column":76}},"41":{"start":{"line":152,"column":55},"end":{"line":152,"column":75}},"42":{"start":{"line":154,"column":4},"end":{"line":162,"column":5}},"43":{"start":{"line":155,"column":8},"end":{"line":161,"column":11}},"44":{"start":{"line":165,"column":27},"end":{"line":165,"column":60}},"45":{"start":{"line":166,"column":26},"end":{"line":166,"column":75}},"46":{"start":{"line":166,"column":53},"end":{"line":166,"column":74}},"47":{"start":{"line":168,"column":4},"end":{"line":184,"column":5}},"48":{"start":{"line":169,"column":8},"end":{"line":175,"column":11}},"49":{"start":{"line":176,"column":11},"end":{"line":184,"column":5}},"50":{"start":{"line":177,"column":8},"end":{"line":183,"column":11}},"51":{"start":{"line":187,"column":29},"end":{"line":187,"column":77}},"52":{"start":{"line":187,"column":56},"end":{"line":187,"column":76}},"53":{"start":{"line":188,"column":4},"end":{"line":196,"column":5}},"54":{"start":{"line":189,"column":8},"end":{"line":195,"column":11}},"55":{"start":{"line":199,"column":31},"end":{"line":199,"column":90}},"56":{"start":{"line":199,"column":58},"end":{"line":199,"column":89}},"57":{"start":{"line":200,"column":4},"end":{"line":208,"column":5}},"58":{"start":{"line":201,"column":8},"end":{"line":207,"column":11}},"59":{"start":{"line":210,"column":4},"end":{"line":210,"column":23}},"60":{"start":{"line":220,"column":18},"end":{"line":220,"column":39}},"61":{"start":{"line":221,"column":4},"end":{"line":223,"column":5}},"62":{"start":{"line":222,"column":8},"end":{"line":222,"column":21}},"63":{"start":{"line":226,"column":4},"end":{"line":229,"column":7}},"64":{"start":{"line":231,"column":4},"end":{"line":231,"column":16}},"65":{"start":{"line":242,"column":21},"end":{"line":242,"column":67}},"66":{"start":{"line":242,"column":45},"end":{"line":242,"column":66}},"67":{"start":{"line":243,"column":22},"end":{"line":243,"column":57}},"68":{"start":{"line":245,"column":27},"end":{"line":245,"column":42}},"69":{"start":{"line":246,"column":22},"end":{"line":246,"column":36}},"70":{"start":{"line":247,"column":4},"end":{"line":247,"column":63}},"71":{"start":{"line":249,"column":20},"end":{"line":249,"column":39}},"72":{"start":{"line":250,"column":4},"end":{"line":250,"column":47}},"73":{"start":{"line":252,"column":22},"end":{"line":260,"column":5}},"74":{"start":{"line":262,"column":4},"end":{"line":262,"column":34}},"75":{"start":{"line":270,"column":24},"end":{"line":270,"column":26}},"76":{"start":{"line":271,"column":24},"end":{"line":271,"column":79}},"77":{"start":{"line":274,"column":4},"end":{"line":286,"column":7}},"78":{"start":{"line":275,"column":8},"end":{"line":285,"column":9}},"79":{"start":{"line":276,"column":29},"end":{"line":276,"column":75}},"80":{"start":{"line":276,"column":53},"end":{"line":276,"column":74}},"81":{"start":{"line":277,"column":12},"end":{"line":284,"column":13}},"82":{"start":{"line":278,"column":16},"end":{"line":283,"column":19}},"83":{"start":{"line":288,"column":4},"end":{"line":288,"column":23}}},"fnMap":{"0":{"name":"generateEventId","decl":{"start":{"line":9,"column":9},"end":{"line":9,"column":24}},"loc":{"start":{"line":9,"column":27},"end":{"line":11,"column":1}},"line":9},"1":{"name":"getEventsInRange","decl":{"start":{"line":19,"column":16},"end":{"line":19,"column":32}},"loc":{"start":{"line":19,"column":53},"end":{"line":24,"column":1}},"line":19},"2":{"name":"(anonymous_2)","decl":{"start":{"line":20,"column":31},"end":{"line":20,"column":32}},"loc":{"start":{"line":20,"column":40},"end":{"line":23,"column":5}},"line":20},"3":{"name":"(anonymous_3)","decl":{"start":{"line":23,"column":12},"end":{"line":23,"column":13}},"loc":{"start":{"line":23,"column":22},"end":{"line":23,"column":59}},"line":23},"4":{"name":"getEventsForDate","decl":{"start":{"line":31,"column":16},"end":{"line":31,"column":32}},"loc":{"start":{"line":31,"column":39},"end":{"line":37,"column":1}},"line":31},"5":{"name":"(anonymous_5)","decl":{"start":{"line":33,"column":31},"end":{"line":33,"column":32}},"loc":{"start":{"line":33,"column":40},"end":{"line":36,"column":5}},"line":33},"6":{"name":"(anonymous_6)","decl":{"start":{"line":36,"column":12},"end":{"line":36,"column":13}},"loc":{"start":{"line":36,"column":22},"end":{"line":36,"column":59}},"line":36},"7":{"name":"createEvent","decl":{"start":{"line":44,"column":16},"end":{"line":44,"column":27}},"loc":{"start":{"line":44,"column":39},"end":{"line":62,"column":1}},"line":44},"8":{"name":"updateEvent","decl":{"start":{"line":70,"column":16},"end":{"line":70,"column":27}},"loc":{"start":{"line":70,"column":46},"end":{"line":86,"column":1}},"line":70},"9":{"name":"(anonymous_9)","decl":{"start":{"line":71,"column":46},"end":{"line":71,"column":47}},"loc":{"start":{"line":71,"column":51},"end":{"line":71,"column":67}},"line":71},"10":{"name":"deleteEvent","decl":{"start":{"line":93,"column":16},"end":{"line":93,"column":27}},"loc":{"start":{"line":93,"column":37},"end":{"line":104,"column":1}},"line":93},"11":{"name":"(anonymous_11)","decl":{"start":{"line":94,"column":46},"end":{"line":94,"column":47}},"loc":{"start":{"line":94,"column":51},"end":{"line":94,"column":67}},"line":94},"12":{"name":"getEventById","decl":{"start":{"line":111,"column":16},"end":{"line":111,"column":28}},"loc":{"start":{"line":111,"column":38},"end":{"line":113,"column":1}},"line":111},"13":{"name":"(anonymous_13)","decl":{"start":{"line":112,"column":29},"end":{"line":112,"column":30}},"loc":{"start":{"line":112,"column":34},"end":{"line":112,"column":50}},"line":112},"14":{"name":"getEventTypeInfo","decl":{"start":{"line":120,"column":16},"end":{"line":120,"column":32}},"loc":{"start":{"line":120,"column":39},"end":{"line":133,"column":1}},"line":120},"15":{"name":"generateSmartSuggestions","decl":{"start":{"line":139,"column":16},"end":{"line":139,"column":40}},"loc":{"start":{"line":139,"column":43},"end":{"line":211,"column":1}},"line":139},"16":{"name":"(anonymous_16)","decl":{"start":{"line":152,"column":50},"end":{"line":152,"column":51}},"loc":{"start":{"line":152,"column":55},"end":{"line":152,"column":75}},"line":152},"17":{"name":"(anonymous_17)","decl":{"start":{"line":166,"column":48},"end":{"line":166,"column":49}},"loc":{"start":{"line":166,"column":53},"end":{"line":166,"column":74}},"line":166},"18":{"name":"(anonymous_18)","decl":{"start":{"line":187,"column":51},"end":{"line":187,"column":52}},"loc":{"start":{"line":187,"column":56},"end":{"line":187,"column":76}},"line":187},"19":{"name":"(anonymous_19)","decl":{"start":{"line":199,"column":53},"end":{"line":199,"column":54}},"loc":{"start":{"line":199,"column":58},"end":{"line":199,"column":89}},"line":199},"20":{"name":"linkEventToSchedule","decl":{"start":{"line":219,"column":16},"end":{"line":219,"column":35}},"loc":{"start":{"line":219,"column":58},"end":{"line":232,"column":1}},"line":219},"21":{"name":"createEventFromScheduleSlot","decl":{"start":{"line":241,"column":16},"end":{"line":241,"column":43}},"loc":{"start":{"line":241,"column":62},"end":{"line":263,"column":1}},"line":241},"22":{"name":"(anonymous_22)","decl":{"start":{"line":242,"column":40},"end":{"line":242,"column":41}},"loc":{"start":{"line":242,"column":45},"end":{"line":242,"column":66}},"line":242},"23":{"name":"getRecurringEventSuggestions","decl":{"start":{"line":269,"column":16},"end":{"line":269,"column":44}},"loc":{"start":{"line":269,"column":47},"end":{"line":289,"column":1}},"line":269},"24":{"name":"(anonymous_24)","decl":{"start":{"line":274,"column":43},"end":{"line":274,"column":44}},"loc":{"start":{"line":274,"column":60},"end":{"line":286,"column":5}},"line":274},"25":{"name":"(anonymous_25)","decl":{"start":{"line":276,"column":48},"end":{"line":276,"column":49}},"loc":{"start":{"line":276,"column":53},"end":{"line":276,"column":74}},"line":276}},"branchMap":{"0":{"loc":{"start":{"line":22,"column":15},"end":{"line":22,"column":63}},"type":"binary-expr","locations":[{"start":{"line":22,"column":15},"end":{"line":22,"column":38}},{"start":{"line":22,"column":42},"end":{"line":22,"column":63}}],"line":22},"1":{"loc":{"start":{"line":50,"column":14},"end":{"line":50,"column":40}},"type":"binary-expr","locations":[{"start":{"line":50,"column":14},"end":{"line":50,"column":28}},{"start":{"line":50,"column":32},"end":{"line":50,"column":40}}],"line":50},"2":{"loc":{"start":{"line":51,"column":14},"end":{"line":51,"column":34}},"type":"binary-expr","locations":[{"start":{"line":51,"column":14},"end":{"line":51,"column":28}},{"start":{"line":51,"column":32},"end":{"line":51,"column":34}}],"line":51},"3":{"loc":{"start":{"line":52,"column":24},"end":{"line":52,"column":57}},"type":"binary-expr","locations":[{"start":{"line":52,"column":24},"end":{"line":52,"column":48}},{"start":{"line":52,"column":52},"end":{"line":52,"column":57}}],"line":52},"4":{"loc":{"start":{"line":53,"column":17},"end":{"line":53,"column":42}},"type":"binary-expr","locations":[{"start":{"line":53,"column":17},"end":{"line":53,"column":34}},{"start":{"line":53,"column":38},"end":{"line":53,"column":42}}],"line":53},"5":{"loc":{"start":{"line":73,"column":4},"end":{"line":75,"column":5}},"type":"if","locations":[{"start":{"line":73,"column":4},"end":{"line":75,"column":5}},{"start":{},"end":{}}],"line":73},"6":{"loc":{"start":{"line":96,"column":4},"end":{"line":98,"column":5}},"type":"if","locations":[{"start":{"line":96,"column":4},"end":{"line":98,"column":5}},{"start":{},"end":{}}],"line":96},"7":{"loc":{"start":{"line":112,"column":11},"end":{"line":112,"column":59}},"type":"binary-expr","locations":[{"start":{"line":112,"column":11},"end":{"line":112,"column":51}},{"start":{"line":112,"column":55},"end":{"line":112,"column":59}}],"line":112},"8":{"loc":{"start":{"line":132,"column":11},"end":{"line":132,"column":74}},"type":"binary-expr","locations":[{"start":{"line":132,"column":11},"end":{"line":132,"column":22}},{"start":{"line":132,"column":26},"end":{"line":132,"column":74}}],"line":132},"9":{"loc":{"start":{"line":154,"column":4},"end":{"line":162,"column":5}},"type":"if","locations":[{"start":{"line":154,"column":4},"end":{"line":162,"column":5}},{"start":{},"end":{}}],"line":154},"10":{"loc":{"start":{"line":168,"column":4},"end":{"line":184,"column":5}},"type":"if","locations":[{"start":{"line":168,"column":4},"end":{"line":184,"column":5}},{"start":{"line":176,"column":11},"end":{"line":184,"column":5}}],"line":168},"11":{"loc":{"start":{"line":168,"column":8},"end":{"line":168,"column":60}},"type":"binary-expr","locations":[{"start":{"line":168,"column":8},"end":{"line":168,"column":32}},{"start":{"line":168,"column":36},"end":{"line":168,"column":60}}],"line":168},"12":{"loc":{"start":{"line":176,"column":11},"end":{"line":184,"column":5}},"type":"if","locations":[{"start":{"line":176,"column":11},"end":{"line":184,"column":5}},{"start":{},"end":{}}],"line":176},"13":{"loc":{"start":{"line":188,"column":4},"end":{"line":196,"column":5}},"type":"if","locations":[{"start":{"line":188,"column":4},"end":{"line":196,"column":5}},{"start":{},"end":{}}],"line":188},"14":{"loc":{"start":{"line":199,"column":58},"end":{"line":199,"column":89}},"type":"binary-expr","locations":[{"start":{"line":199,"column":58},"end":{"line":199,"column":65}},{"start":{"line":199,"column":69},"end":{"line":199,"column":89}}],"line":199},"15":{"loc":{"start":{"line":200,"column":4},"end":{"line":208,"column":5}},"type":"if","locations":[{"start":{"line":200,"column":4},"end":{"line":208,"column":5}},{"start":{},"end":{}}],"line":200},"16":{"loc":{"start":{"line":221,"column":4},"end":{"line":223,"column":5}},"type":"if","locations":[{"start":{"line":221,"column":4},"end":{"line":223,"column":5}},{"start":{},"end":{}}],"line":221},"17":{"loc":{"start":{"line":243,"column":22},"end":{"line":243,"column":57}},"type":"cond-expr","locations":[{"start":{"line":243,"column":33},"end":{"line":243,"column":46}},{"start":{"line":243,"column":49},"end":{"line":243,"column":57}}],"line":243},"18":{"loc":{"start":{"line":257,"column":27},"end":{"line":257,"column":65}},"type":"binary-expr","locations":[{"start":{"line":257,"column":27},"end":{"line":257,"column":44}},{"start":{"line":257,"column":48},"end":{"line":257,"column":65}}],"line":257},"19":{"loc":{"start":{"line":271,"column":24},"end":{"line":271,"column":79}},"type":"binary-expr","locations":[{"start":{"line":271,"column":24},"end":{"line":271,"column":60}},{"start":{"line":271,"column":64},"end":{"line":271,"column":79}}],"line":271},"20":{"loc":{"start":{"line":275,"column":8},"end":{"line":285,"column":9}},"type":"if","locations":[{"start":{"line":275,"column":8},"end":{"line":285,"column":9}},{"start":{},"end":{}}],"line":275},"21":{"loc":{"start":{"line":277,"column":12},"end":{"line":284,"column":13}},"type":"if","locations":[{"start":{"line":277,"column":12},"end":{"line":284,"column":13}},{"start":{},"end":{}}],"line":277}},"s":{"0":0,"1":0,"2":0,"3":0,"4":0,"5":0,"6":0,"7":0,"8":0,"9":0,"10":0,"11":0,"12":0,"13":0,"14":0,"15":0,"16":0,"17":0,"18":0,"19":0,"20":0,"21":0,"22":0,"23":0,"24":0,"25":0,"26":0,"27":0,"28":0,"29":0,"30":0,"31":0,"32":0,"33":0,"34":0,"35":0,"36":0,"37":0,"38":0,"39":0,"40":0,"41":0,"42":0,"43":0,"44":0,"45":0,"46":0,"47":0,"48":0,"49":0,"50":0,"51":0,"52":0,"53":0,"54":0,"55":0,"56":0,"57":0,"58":0,"59":0,"60":0,"61":0,"62":0,"63":0,"64":0,"65":0,"66":0,"67":0,"68":0,"69":0,"70":0,"71":0,"72":0,"73":0,"74":0,"75":0,"76":0,"77":0,"78":0,"79":0,"80":0,"81":0,"82":0,"83":0},"f":{"0":0,"1":0,"2":0,"3":0,"4":0,"5":0,"6":0,"7":0,"8":0,"9":0,"10":0,"11":0,"12":0,"13":0,"14":0,"15":0,"16":0,"17":0,"18":0,"19":0,"20":0,"21":0,"22":0,"23":0,"24":0,"25":0},"b":{"0":[0,0],"1":[0,0],"2":[0,0],"3":[0,0],"4":[0,0],"5":[0,0],"6":[0,0],"7":[0,0],"8":[0,0],"9":[0,0],"10":[0,0],"11":[0,0],"12":[0,0],"13":[0,0],"14":[0,0],"15":[0,0],"16":[0,0],"17":[0,0],"18":[0,0],"19":[0,0],"20":[0,0],"21":[0,0]},"inputSourceMap":null}
,"/home/runner/work/docente-plus-plus/docente-plus-plus/js/ai-agent.js": {"path":"/home/runner/work/docente-plus-plus/docente-plus-plus/js/ai-agent.js","statementMap":{"0":{"start":{"line":9,"column":29},"end":{"line":9,"column":77}},"1":{"start":{"line":13,"column":31},"end":{"line":64,"column":1}},"2":{"start":{"line":67,"column":22},"end":{"line":78,"column":1}},"3":{"start":{"line":84,"column":16},"end":{"line":84,"column":49}},"4":{"start":{"line":85,"column":4},"end":{"line":85,"column":21}},"5":{"start":{"line":85,"column":14},"end":{"line":85,"column":21}},"6":{"start":{"line":88,"column":4},"end":{"line":88,"column":22}},"7":{"start":{"line":91,"column":23},"end":{"line":91,"column":61}},"8":{"start":{"line":92,"column":4},"end":{"line":94,"column":5}},"9":{"start":{"line":93,"column":8},"end":{"line":93,"column":36}},"10":{"start":{"line":97,"column":4},"end":{"line":97,"column":29}},"11":{"start":{"line":100,"column":4},"end":{"line":100,"column":52}},"12":{"start":{"line":102,"column":4},"end":{"line":102,"column":44}},"13":{"start":{"line":109,"column":16},"end":{"line":109,"column":49}},"14":{"start":{"line":110,"column":4},"end":{"line":110,"column":21}},"15":{"start":{"line":110,"column":14},"end":{"line":110,"column":21}},"16":{"start":{"line":112,"column":26},"end":{"line":112,"column":65}},"17":{"start":{"line":113,"column":4},"end":{"line":129,"column":5}},"18":{"start":{"line":114,"column":8},"end":{"line":128,"column":9}},"19":{"start":{"line":115,"column":29},"end":{"line":115,"column":54}},"20":{"start":{"line":117,"column":12},"end":{"line":120,"column":13}},"21":{"start":{"line":118,"column":16},"end":{"line":118,"column":54}},"22":{"start":{"line":119,"column":16},"end":{"line":119,"column":41}},"23":{"start":{"line":121,"column":12},"end":{"line":124,"column":13}},"24":{"start":{"line":122,"column":16},"end":{"line":122,"column":52}},"25":{"start":{"line":123,"column":16},"end":{"line":123,"column":42}},"26":{"start":{"line":126,"column":12},"end":{"line":126,"column":64}},"27":{"start":{"line":127,"column":12},"end":{"line":127,"column":31}},"28":{"start":{"line":136,"column":21},"end":{"line":136,"column":61}},"29":{"start":{"line":137,"column":4},"end":{"line":137,"column":70}},"30":{"start":{"line":144,"column":16},"end":{"line":144,"column":49}},"31":{"start":{"line":145,"column":4},"end":{"line":145,"column":21}},"32":{"start":{"line":145,"column":14},"end":{"line":145,"column":21}},"33":{"start":{"line":147,"column":4},"end":{"line":147,"column":28}},"34":{"start":{"line":148,"column":4},"end":{"line":148,"column":27}},"35":{"start":{"line":149,"column":4},"end":{"line":149,"column":56}},"36":{"start":{"line":150,"column":4},"end":{"line":150,"column":58}},"37":{"start":{"line":153,"column":4},"end":{"line":153,"column":47}},"38":{"start":{"line":155,"column":4},"end":{"line":155,"column":61}},"39":{"start":{"line":162,"column":16},"end":{"line":162,"column":49}},"40":{"start":{"line":163,"column":4},"end":{"line":163,"column":21}},"41":{"start":{"line":163,"column":14},"end":{"line":163,"column":21}},"42":{"start":{"line":165,"column":4},"end":{"line":171,"column":5}},"43":{"start":{"line":166,"column":8},"end":{"line":166,"column":39}},"44":{"start":{"line":167,"column":8},"end":{"line":167,"column":55}},"45":{"start":{"line":169,"column":8},"end":{"line":169,"column":36}},"46":{"start":{"line":170,"column":8},"end":{"line":170,"column":56}},"47":{"start":{"line":178,"column":21},"end":{"line":178,"column":26}},"48":{"start":{"line":182,"column":4},"end":{"line":182,"column":49}},"49":{"start":{"line":183,"column":4},"end":{"line":183,"column":49}},"50":{"start":{"line":184,"column":4},"end":{"line":184,"column":50}},"51":{"start":{"line":187,"column":4},"end":{"line":187,"column":75}},"52":{"start":{"line":188,"column":4},"end":{"line":188,"column":74}},"53":{"start":{"line":189,"column":4},"end":{"line":189,"column":56}},"54":{"start":{"line":192,"column":8},"end":{"line":192,"column":35}},"55":{"start":{"line":192,"column":28},"end":{"line":192,"column":35}},"56":{"start":{"line":193,"column":8},"end":{"line":193,"column":26}},"57":{"start":{"line":194,"column":8},"end":{"line":194,"column":38}},"58":{"start":{"line":196,"column":21},"end":{"line":196,"column":48}},"59":{"start":{"line":197,"column":8},"end":{"line":197,"column":27}},"60":{"start":{"line":198,"column":8},"end":{"line":198,"column":27}},"61":{"start":{"line":199,"column":8},"end":{"line":199,"column":32}},"62":{"start":{"line":200,"column":8},"end":{"line":200,"column":30}},"63":{"start":{"line":202,"column":8},"end":{"line":202,"column":27}},"64":{"start":{"line":206,"column":8},"end":{"line":206,"column":43}},"65":{"start":{"line":206,"column":36},"end":{"line":206,"column":43}},"66":{"start":{"line":207,"column":8},"end":{"line":207,"column":26}},"67":{"start":{"line":208,"column":8},"end":{"line":208,"column":38}},"68":{"start":{"line":210,"column":21},"end":{"line":210,"column":48}},"69":{"start":{"line":211,"column":22},"end":{"line":211,"column":34}},"70":{"start":{"line":212,"column":8},"end":{"line":212,"column":31}},"71":{"start":{"line":213,"column":8},"end":{"line":213,"column":31}},"72":{"start":{"line":214,"column":8},"end":{"line":214,"column":32}},"73":{"start":{"line":215,"column":8},"end":{"line":215,"column":30}},"74":{"start":{"line":217,"column":8},"end":{"line":217,"column":27}},"75":{"start":{"line":221,"column":8},"end":{"line":221,"column":32}},"76":{"start":{"line":221,"column":25},"end":{"line":221,"column":32}},"77":{"start":{"line":223,"column":23},"end":{"line":223,"column":41}},"78":{"start":{"line":224,"column":23},"end":{"line":224,"column":41}},"79":{"start":{"line":226,"column":22},"end":{"line":226,"column":42}},"80":{"start":{"line":227,"column":21},"end":{"line":227,"column":40}},"81":{"start":{"line":230,"column":25},"end":{"line":230,"column":40}},"82":{"start":{"line":231,"column":26},"end":{"line":231,"column":42}},"83":{"start":{"line":232,"column":24},"end":{"line":232,"column":52}},"84":{"start":{"line":233,"column":23},"end":{"line":233,"column":53}},"85":{"start":{"line":235,"column":8},"end":{"line":235,"column":58}},"86":{"start":{"line":236,"column":8},"end":{"line":236,"column":55}},"87":{"start":{"line":238,"column":8},"end":{"line":238,"column":40}},"88":{"start":{"line":239,"column":8},"end":{"line":239,"column":38}},"89":{"start":{"line":240,"column":8},"end":{"line":240,"column":33}},"90":{"start":{"line":241,"column":8},"end":{"line":241,"column":34}},"91":{"start":{"line":243,"column":8},"end":{"line":243,"column":27}},"92":{"start":{"line":247,"column":8},"end":{"line":247,"column":58}},"93":{"start":{"line":247,"column":51},"end":{"line":247,"column":58}},"94":{"start":{"line":249,"column":22},"end":{"line":249,"column":34}},"95":{"start":{"line":250,"column":23},"end":{"line":250,"column":45}},"96":{"start":{"line":251,"column":23},"end":{"line":251,"column":45}},"97":{"start":{"line":253,"column":22},"end":{"line":253,"column":42}},"98":{"start":{"line":254,"column":21},"end":{"line":254,"column":40}},"99":{"start":{"line":257,"column":25},"end":{"line":257,"column":40}},"100":{"start":{"line":258,"column":26},"end":{"line":258,"column":42}},"101":{"start":{"line":259,"column":24},"end":{"line":259,"column":52}},"102":{"start":{"line":260,"column":23},"end":{"line":260,"column":53}},"103":{"start":{"line":262,"column":8},"end":{"line":262,"column":58}},"104":{"start":{"line":263,"column":8},"end":{"line":263,"column":55}},"105":{"start":{"line":265,"column":8},"end":{"line":265,"column":40}},"106":{"start":{"line":266,"column":8},"end":{"line":266,"column":38}},"107":{"start":{"line":267,"column":8},"end":{"line":267,"column":33}},"108":{"start":{"line":268,"column":8},"end":{"line":268,"column":34}},"109":{"start":{"line":270,"column":8},"end":{"line":270,"column":27}},"110":{"start":{"line":274,"column":8},"end":{"line":274,"column":32}},"111":{"start":{"line":274,"column":25},"end":{"line":274,"column":32}},"112":{"start":{"line":275,"column":8},"end":{"line":275,"column":27}},"113":{"start":{"line":276,"column":8},"end":{"line":276,"column":41}},"114":{"start":{"line":279,"column":21},"end":{"line":279,"column":48}},"115":{"start":{"line":280,"column":8},"end":{"line":280,"column":45}},"116":{"start":{"line":282,"column":8},"end":{"line":282,"column":27}},"117":{"start":{"line":286,"column":8},"end":{"line":286,"column":32}},"118":{"start":{"line":286,"column":25},"end":{"line":286,"column":32}},"119":{"start":{"line":287,"column":8},"end":{"line":287,"column":27}},"120":{"start":{"line":288,"column":8},"end":{"line":288,"column":41}},"121":{"start":{"line":291,"column":21},"end":{"line":291,"column":48}},"122":{"start":{"line":292,"column":8},"end":{"line":292,"column":45}},"123":{"start":{"line":294,"column":8},"end":{"line":294,"column":27}},"124":{"start":{"line":302,"column":18},"end":{"line":302,"column":59}},"125":{"start":{"line":303,"column":4},"end":{"line":303,"column":23}},"126":{"start":{"line":303,"column":16},"end":{"line":303,"column":23}},"127":{"start":{"line":306,"column":27},"end":{"line":306,"column":46}},"128":{"start":{"line":309,"column":4},"end":{"line":309,"column":38}},"129":{"start":{"line":312,"column":4},"end":{"line":312,"column":46}},"130":{"start":{"line":315,"column":4},"end":{"line":315,"column":20}},"131":{"start":{"line":318,"column":4},"end":{"line":318,"column":33}},"132":{"start":{"line":321,"column":4},"end":{"line":321,"column":31}},"133":{"start":{"line":328,"column":18},"end":{"line":328,"column":59}},"134":{"start":{"line":329,"column":4},"end":{"line":329,"column":23}},"135":{"start":{"line":329,"column":16},"end":{"line":329,"column":23}},"136":{"start":{"line":330,"column":4},"end":{"line":330,"column":33}},"137":{"start":{"line":338,"column":4},"end":{"line":340,"column":5}},"138":{"start":{"line":339,"column":8},"end":{"line":339,"column":43}},"139":{"start":{"line":343,"column":17},"end":{"line":343,"column":58}},"140":{"start":{"line":344,"column":4},"end":{"line":348,"column":5}},"141":{"start":{"line":345,"column":8},"end":{"line":347,"column":9}},"142":{"start":{"line":346,"column":12},"end":{"line":346,"column":26}},"143":{"start":{"line":350,"column":4},"end":{"line":350,"column":18}},"144":{"start":{"line":357,"column":27},"end":{"line":357,"column":72}},"145":{"start":{"line":358,"column":4},"end":{"line":361,"column":5}},"146":{"start":{"line":359,"column":28},"end":{"line":359,"column":61}},"147":{"start":{"line":360,"column":8},"end":{"line":360,"column":49}},"148":{"start":{"line":368,"column":33},"end":{"line":368,"column":82}},"149":{"start":{"line":369,"column":4},"end":{"line":369,"column":38}},"150":{"start":{"line":369,"column":31},"end":{"line":369,"column":38}},"151":{"start":{"line":372,"column":24},"end":{"line":372,"column":86}},"152":{"start":{"line":375,"column":4},"end":{"line":375,"column":40}},"153":{"start":{"line":378,"column":4},"end":{"line":384,"column":7}},"154":{"start":{"line":379,"column":23},"end":{"line":379,"column":55}},"155":{"start":{"line":380,"column":8},"end":{"line":380,"column":47}},"156":{"start":{"line":381,"column":8},"end":{"line":381,"column":46}},"157":{"start":{"line":382,"column":8},"end":{"line":382,"column":90}},"158":{"start":{"line":382,"column":31},"end":{"line":382,"column":89}},"159":{"start":{"line":383,"column":8},"end":{"line":383,"column":49}},"160":{"start":{"line":392,"column":26},"end":{"line":392,"column":70}},"161":{"start":{"line":393,"column":26},"end":{"line":393,"column":77}},"162":{"start":{"line":395,"column":4},"end":{"line":395,"column":49}},"163":{"start":{"line":395,"column":42},"end":{"line":395,"column":49}},"164":{"start":{"line":398,"column":4},"end":{"line":398,"column":42}},"165":{"start":{"line":402,"column":25},"end":{"line":402,"column":60}},"166":{"start":{"line":403,"column":4},"end":{"line":403,"column":43}},"167":{"start":{"line":405,"column":4},"end":{"line":405,"column":63}},"168":{"start":{"line":413,"column":4},"end":{"line":425,"column":6}},"169":{"start":{"line":432,"column":26},"end":{"line":432,"column":70}},"170":{"start":{"line":433,"column":26},"end":{"line":433,"column":77}},"171":{"start":{"line":435,"column":4},"end":{"line":437,"column":5}},"172":{"start":{"line":436,"column":8},"end":{"line":436,"column":45}},"173":{"start":{"line":438,"column":4},"end":{"line":440,"column":5}},"174":{"start":{"line":439,"column":8},"end":{"line":439,"column":37}},"175":{"start":{"line":447,"column":25},"end":{"line":447,"column":68}},"176":{"start":{"line":448,"column":24},"end":{"line":448,"column":66}},"177":{"start":{"line":450,"column":4},"end":{"line":453,"column":5}},"178":{"start":{"line":451,"column":8},"end":{"line":451,"column":71}},"179":{"start":{"line":452,"column":8},"end":{"line":452,"column":55}},"180":{"start":{"line":455,"column":4},"end":{"line":462,"column":5}},"181":{"start":{"line":456,"column":8},"end":{"line":460,"column":11}},"182":{"start":{"line":457,"column":12},"end":{"line":459,"column":13}},"183":{"start":{"line":458,"column":16},"end":{"line":458,"column":41}},"184":{"start":{"line":461,"column":8},"end":{"line":461,"column":54}},"185":{"start":{"line":470,"column":24},"end":{"line":470,"column":66}},"186":{"start":{"line":471,"column":26},"end":{"line":471,"column":70}},"187":{"start":{"line":472,"column":26},"end":{"line":472,"column":77}},"188":{"start":{"line":474,"column":4},"end":{"line":474,"column":65}},"189":{"start":{"line":474,"column":58},"end":{"line":474,"column":65}},"190":{"start":{"line":476,"column":23},"end":{"line":476,"column":47}},"191":{"start":{"line":477,"column":4},"end":{"line":480,"column":5}},"192":{"start":{"line":478,"column":8},"end":{"line":478,"column":56}},"193":{"start":{"line":479,"column":8},"end":{"line":479,"column":15}},"194":{"start":{"line":483,"column":4},"end":{"line":483,"column":42}},"195":{"start":{"line":487,"column":25},"end":{"line":501,"column":5}},"196":{"start":{"line":503,"column":4},"end":{"line":503,"column":43}},"197":{"start":{"line":506,"column":4},"end":{"line":506,"column":27}},"198":{"start":{"line":508,"column":4},"end":{"line":508,"column":59}},"199":{"start":{"line":518,"column":4},"end":{"line":522,"column":6}}},"fnMap":{"0":{"name":"initAIAgentFAB","decl":{"start":{"line":83,"column":16},"end":{"line":83,"column":30}},"loc":{"start":{"line":83,"column":33},"end":{"line":103,"column":1}},"line":83},"1":{"name":"loadFABPosition","decl":{"start":{"line":108,"column":9},"end":{"line":108,"column":24}},"loc":{"start":{"line":108,"column":27},"end":{"line":130,"column":1}},"line":108},"2":{"name":"saveFABPosition","decl":{"start":{"line":135,"column":9},"end":{"line":135,"column":24}},"loc":{"start":{"line":135,"column":36},"end":{"line":138,"column":1}},"line":135},"3":{"name":"resetFABPosition","decl":{"start":{"line":143,"column":16},"end":{"line":143,"column":32}},"loc":{"start":{"line":143,"column":35},"end":{"line":156,"column":1}},"line":143},"4":{"name":"toggleFABVisibility","decl":{"start":{"line":161,"column":16},"end":{"line":161,"column":35}},"loc":{"start":{"line":161,"column":45},"end":{"line":172,"column":1}},"line":161},"5":{"name":"setupFABDragAndDrop","decl":{"start":{"line":177,"column":9},"end":{"line":177,"column":28}},"loc":{"start":{"line":177,"column":34},"end":{"line":296,"column":1}},"line":177},"6":{"name":"startDrag","decl":{"start":{"line":191,"column":13},"end":{"line":191,"column":22}},"loc":{"start":{"line":191,"column":26},"end":{"line":203,"column":5}},"line":191},"7":{"name":"startDragTouch","decl":{"start":{"line":205,"column":13},"end":{"line":205,"column":27}},"loc":{"start":{"line":205,"column":31},"end":{"line":218,"column":5}},"line":205},"8":{"name":"drag","decl":{"start":{"line":220,"column":13},"end":{"line":220,"column":17}},"loc":{"start":{"line":220,"column":21},"end":{"line":244,"column":5}},"line":220},"9":{"name":"dragTouch","decl":{"start":{"line":246,"column":13},"end":{"line":246,"column":22}},"loc":{"start":{"line":246,"column":26},"end":{"line":271,"column":5}},"line":246},"10":{"name":"endDrag","decl":{"start":{"line":273,"column":13},"end":{"line":273,"column":20}},"loc":{"start":{"line":273,"column":24},"end":{"line":283,"column":5}},"line":273},"11":{"name":"endDragTouch","decl":{"start":{"line":285,"column":13},"end":{"line":285,"column":25}},"loc":{"start":{"line":285,"column":29},"end":{"line":295,"column":5}},"line":285},"12":{"name":"openAIAgentModal","decl":{"start":{"line":301,"column":16},"end":{"line":301,"column":32}},"loc":{"start":{"line":301,"column":35},"end":{"line":322,"column":1}},"line":301},"13":{"name":"closeAIAgentModal","decl":{"start":{"line":327,"column":16},"end":{"line":327,"column":33}},"loc":{"start":{"line":327,"column":36},"end":{"line":331,"column":1}},"line":327},"14":{"name":"getCurrentSection","decl":{"start":{"line":336,"column":9},"end":{"line":336,"column":26}},"loc":{"start":{"line":336,"column":29},"end":{"line":351,"column":1}},"line":336},"15":{"name":"updateContextInfo","decl":{"start":{"line":356,"column":9},"end":{"line":356,"column":26}},"loc":{"start":{"line":356,"column":36},"end":{"line":362,"column":1}},"line":356},"16":{"name":"loadContextualSuggestions","decl":{"start":{"line":367,"column":9},"end":{"line":367,"column":34}},"loc":{"start":{"line":367,"column":44},"end":{"line":385,"column":1}},"line":367},"17":{"name":"(anonymous_17)","decl":{"start":{"line":378,"column":24},"end":{"line":378,"column":25}},"loc":{"start":{"line":378,"column":38},"end":{"line":384,"column":5}},"line":378},"18":{"name":"(anonymous_18)","decl":{"start":{"line":382,"column":25},"end":{"line":382,"column":26}},"loc":{"start":{"line":382,"column":31},"end":{"line":382,"column":89}},"line":382},"19":{"name":"handleSuggestionClick","decl":{"start":{"line":391,"column":9},"end":{"line":391,"column":30}},"loc":{"start":{"line":391,"column":46},"end":{"line":406,"column":1}},"line":391},"20":{"name":"generateMockResponse","decl":{"start":{"line":412,"column":9},"end":{"line":412,"column":29}},"loc":{"start":{"line":412,"column":45},"end":{"line":426,"column":1}},"line":412},"21":{"name":"clearAIOutput","decl":{"start":{"line":431,"column":9},"end":{"line":431,"column":22}},"loc":{"start":{"line":431,"column":25},"end":{"line":441,"column":1}},"line":431},"22":{"name":"setupModalEventListeners","decl":{"start":{"line":446,"column":9},"end":{"line":446,"column":33}},"loc":{"start":{"line":446,"column":36},"end":{"line":463,"column":1}},"line":446},"23":{"name":"(anonymous_23)","decl":{"start":{"line":456,"column":49},"end":{"line":456,"column":50}},"loc":{"start":{"line":456,"column":56},"end":{"line":460,"column":9}},"line":456},"24":{"name":"handleUserPromptSubmit","decl":{"start":{"line":469,"column":9},"end":{"line":469,"column":31}},"loc":{"start":{"line":469,"column":34},"end":{"line":509,"column":1}},"line":469},"25":{"name":"parseUserRequest","decl":{"start":{"line":515,"column":9},"end":{"line":515,"column":25}},"loc":{"start":{"line":515,"column":34},"end":{"line":523,"column":1}},"line":515},"26":{"name":"addSettingsSuggestions","decl":{"start":{"line":530,"column":16},"end":{"line":530,"column":38}},"loc":{"start":{"line":530,"column":41},"end":{"line":534,"column":1}},"line":530}},"branchMap":{"0":{"loc":{"start":{"line":85,"column":4},"end":{"line":85,"column":21}},"type":"if","locations":[{"start":{"line":85,"column":4},"end":{"line":85,"column":21}},{"start":{},"end":{}}],"line":85},"1":{"loc":{"start":{"line":92,"column":4},"end":{"line":94,"column":5}},"type":"if","locations":[{"start":{"line":92,"column":4},"end":{"line":94,"column":5}},{"start":{},"end":{}}],"line":92},"2":{"loc":{"start":{"line":110,"column":4},"end":{"line":110,"column":21}},"type":"if","locations":[{"start":{"line":110,"column":4},"end":{"line":110,"column":21}},{"start":{},"end":{}}],"line":110},"3":{"loc":{"start":{"line":113,"column":4},"end":{"line":129,"column":5}},"type":"if","locations":[{"start":{"line":113,"column":4},"end":{"line":129,"column":5}},{"start":{},"end":{}}],"line":113},"4":{"loc":{"start":{"line":117,"column":12},"end":{"line":120,"column":13}},"type":"if","locations":[{"start":{"line":117,"column":12},"end":{"line":120,"column":13}},{"start":{},"end":{}}],"line":117},"5":{"loc":{"start":{"line":121,"column":12},"end":{"line":124,"column":13}},"type":"if","locations":[{"start":{"line":121,"column":12},"end":{"line":124,"column":13}},{"start":{},"end":{}}],"line":121},"6":{"loc":{"start":{"line":145,"column":4},"end":{"line":145,"column":21}},"type":"if","locations":[{"start":{"line":145,"column":4},"end":{"line":145,"column":21}},{"start":{},"end":{}}],"line":145},"7":{"loc":{"start":{"line":163,"column":4},"end":{"line":163,"column":21}},"type":"if","locations":[{"start":{"line":163,"column":4},"end":{"line":163,"column":21}},{"start":{},"end":{}}],"line":163},"8":{"loc":{"start":{"line":165,"column":4},"end":{"line":171,"column":5}},"type":"if","locations":[{"start":{"line":165,"column":4},"end":{"line":171,"column":5}},{"start":{"line":168,"column":11},"end":{"line":171,"column":5}}],"line":165},"9":{"loc":{"start":{"line":192,"column":8},"end":{"line":192,"column":35}},"type":"if","locations":[{"start":{"line":192,"column":8},"end":{"line":192,"column":35}},{"start":{},"end":{}}],"line":192},"10":{"loc":{"start":{"line":206,"column":8},"end":{"line":206,"column":43}},"type":"if","locations":[{"start":{"line":206,"column":8},"end":{"line":206,"column":43}},{"start":{},"end":{}}],"line":206},"11":{"loc":{"start":{"line":221,"column":8},"end":{"line":221,"column":32}},"type":"if","locations":[{"start":{"line":221,"column":8},"end":{"line":221,"column":32}},{"start":{},"end":{}}],"line":221},"12":{"loc":{"start":{"line":247,"column":8},"end":{"line":247,"column":58}},"type":"if","locations":[{"start":{"line":247,"column":8},"end":{"line":247,"column":58}},{"start":{},"end":{}}],"line":247},"13":{"loc":{"start":{"line":247,"column":12},"end":{"line":247,"column":49}},"type":"binary-expr","locations":[{"start":{"line":247,"column":12},"end":{"line":247,"column":23}},{"start":{"line":247,"column":27},"end":{"line":247,"column":49}}],"line":247},"14":{"loc":{"start":{"line":274,"column":8},"end":{"line":274,"column":32}},"type":"if","locations":[{"start":{"line":274,"column":8},"end":{"line":274,"column":32}},{"start":{},"end":{}}],"line":274},"15":{"loc":{"start":{"line":286,"column":8},"end":{"line":286,"column":32}},"type":"if","locations":[{"start":{"line":286,"column":8},"end":{"line":286,"column":32}},{"start":{},"end":{}}],"line":286},"16":{"loc":{"start":{"line":303,"column":4},"end":{"line":303,"column":23}},"type":"if","locations":[{"start":{"line":303,"column":4},"end":{"line":303,"column":23}},{"start":{},"end":{}}],"line":303},"17":{"loc":{"start":{"line":329,"column":4},"end":{"line":329,"column":23}},"type":"if","locations":[{"start":{"line":329,"column":4},"end":{"line":329,"column":23}},{"start":{},"end":{}}],"line":329},"18":{"loc":{"start":{"line":338,"column":4},"end":{"line":340,"column":5}},"type":"if","locations":[{"start":{"line":338,"column":4},"end":{"line":340,"column":5}},{"start":{},"end":{}}],"line":338},"19":{"loc":{"start":{"line":338,"column":8},"end":{"line":338,"column":49}},"type":"binary-expr","locations":[{"start":{"line":338,"column":8},"end":{"line":338,"column":18}},{"start":{"line":338,"column":22},"end":{"line":338,"column":49}}],"line":338},"20":{"loc":{"start":{"line":345,"column":8},"end":{"line":347,"column":9}},"type":"if","locations":[{"start":{"line":345,"column":8},"end":{"line":347,"column":9}},{"start":{},"end":{}}],"line":345},"21":{"loc":{"start":{"line":345,"column":12},"end":{"line":345,"column":95}},"type":"binary-expr","locations":[{"start":{"line":345,"column":12},"end":{"line":345,"column":44}},{"start":{"line":345,"column":48},"end":{"line":345,"column":95}}],"line":345},"22":{"loc":{"start":{"line":358,"column":4},"end":{"line":361,"column":5}},"type":"if","locations":[{"start":{"line":358,"column":4},"end":{"line":361,"column":5}},{"start":{},"end":{}}],"line":358},"23":{"loc":{"start":{"line":359,"column":28},"end":{"line":359,"column":61}},"type":"binary-expr","locations":[{"start":{"line":359,"column":28},"end":{"line":359,"column":50}},{"start":{"line":359,"column":54},"end":{"line":359,"column":61}}],"line":359},"24":{"loc":{"start":{"line":369,"column":4},"end":{"line":369,"column":38}},"type":"if","locations":[{"start":{"line":369,"column":4},"end":{"line":369,"column":38}},{"start":{},"end":{}}],"line":369},"25":{"loc":{"start":{"line":372,"column":24},"end":{"line":372,"column":86}},"type":"binary-expr","locations":[{"start":{"line":372,"column":24},"end":{"line":372,"column":55}},{"start":{"line":372,"column":59},"end":{"line":372,"column":86}}],"line":372},"26":{"loc":{"start":{"line":395,"column":4},"end":{"line":395,"column":49}},"type":"if","locations":[{"start":{"line":395,"column":4},"end":{"line":395,"column":49}},{"start":{},"end":{}}],"line":395},"27":{"loc":{"start":{"line":395,"column":8},"end":{"line":395,"column":40}},"type":"binary-expr","locations":[{"start":{"line":395,"column":8},"end":{"line":395,"column":22}},{"start":{"line":395,"column":26},"end":{"line":395,"column":40}}],"line":395},"28":{"loc":{"start":{"line":435,"column":4},"end":{"line":437,"column":5}},"type":"if","locations":[{"start":{"line":435,"column":4},"end":{"line":437,"column":5}},{"start":{},"end":{}}],"line":435},"29":{"loc":{"start":{"line":438,"column":4},"end":{"line":440,"column":5}},"type":"if","locations":[{"start":{"line":438,"column":4},"end":{"line":440,"column":5}},{"start":{},"end":{}}],"line":438},"30":{"loc":{"start":{"line":450,"column":4},"end":{"line":453,"column":5}},"type":"if","locations":[{"start":{"line":450,"column":4},"end":{"line":453,"column":5}},{"start":{},"end":{}}],"line":450},"31":{"loc":{"start":{"line":450,"column":8},"end":{"line":450,"column":62}},"type":"binary-expr","locations":[{"start":{"line":450,"column":8},"end":{"line":450,"column":20}},{"start":{"line":450,"column":24},"end":{"line":450,"column":62}}],"line":450},"32":{"loc":{"start":{"line":455,"column":4},"end":{"line":462,"column":5}},"type":"if","locations":[{"start":{"line":455,"column":4},"end":{"line":462,"column":5}},{"start":{},"end":{}}],"line":455},"33":{"loc":{"start":{"line":455,"column":8},"end":{"line":455,"column":60}},"type":"binary-expr","locations":[{"start":{"line":455,"column":8},"end":{"line":455,"column":19}},{"start":{"line":455,"column":23},"end":{"line":455,"column":60}}],"line":455},"34":{"loc":{"start":{"line":457,"column":12},"end":{"line":459,"column":13}},"type":"if","locations":[{"start":{"line":457,"column":12},"end":{"line":459,"column":13}},{"start":{},"end":{}}],"line":457},"35":{"loc":{"start":{"line":457,"column":16},"end":{"line":457,"column":46}},"type":"binary-expr","locations":[{"start":{"line":457,"column":16},"end":{"line":457,"column":33}},{"start":{"line":457,"column":37},"end":{"line":457,"column":46}}],"line":457},"36":{"loc":{"start":{"line":474,"column":4},"end":{"line":474,"column":65}},"type":"if","locations":[{"start":{"line":474,"column":4},"end":{"line":474,"column":65}},{"start":{},"end":{}}],"line":474},"37":{"loc":{"start":{"line":474,"column":8},"end":{"line":474,"column":56}},"type":"binary-expr","locations":[{"start":{"line":474,"column":8},"end":{"line":474,"column":20}},{"start":{"line":474,"column":24},"end":{"line":474,"column":38}},{"start":{"line":474,"column":42},"end":{"line":474,"column":56}}],"line":474},"38":{"loc":{"start":{"line":477,"column":4},"end":{"line":480,"column":5}},"type":"if","locations":[{"start":{"line":477,"column":4},"end":{"line":480,"column":5}},{"start":{},"end":{}}],"line":477}},"s":{"0":0,"1":0,"2":0,"3":0,"4":0,"5":0,"6":0,"7":0,"8":0,"9":0,"10":0,"11":0,"12":0,"13":0,"14":0,"15":0,"16":0,"17":0,"18":0,"19":0,"20":0,"21":0,"22":0,"23":0,"24":0,"25":0,"26":0,"27":0,"28":0,"29":0,"30":0,"31":0,"32":0,"33":0,"34":0,"35":0,"36":0,"37":0,"38":0,"39":0,"40":0,"41":0,"42":0,"43":0,"44":0,"45":0,"46":0,"47":0,"48":0,"49":0,"50":0,"51":0,"52":0,"53":0,"54":0,"55":0,"56":0,"57":0,"58":0,"59":0,"60":0,"61":0,"62":0,"63":0,"64":0,"65":0,"66":0,"67":0,"68":0,"69":0,"70":0,"71":0,"72":0,"73":0,"74":0,"75":0,"76":0,"77":0,"78":0,"79":0,"80":0,"81":0,"82":0,"83":0,"84":0,"85":0,"86":0,"87":0,"88":0,"89":0,"90":0,"91":0,"92":0,"93":0,"94":0,"95":0,"96":0,"97":0,"98":0,"99":0,"100":0,"101":0,"102":0,"103":0,"104":0,"105":0,"106":0,"107":0,"108":0,"109":0,"110":0,"111":0,"112":0,"113":0,"114":0,"115":0,"116":0,"117":0,"118":0,"119":0,"120":0,"121":0,"122":0,"123":0,"124":0,"125":0,"126":0,"127":0,"128":0,"129":0,"130":0,"131":0,"132":0,"133":0,"134":0,"135":0,"136":0,"137":0,"138":0,"139":0,"140":0,"141":0,"142":0,"143":0,"144":0,"145":0,"146":0,"147":0,"148":0,"149":0,"150":0,"151":0,"152":0,"153":0,"154":0,"155":0,"156":0,"157":0,"158":0,"159":0,"160":0,"161":0,"162":0,"163":0,"164":0,"165":0,"166":0,"167":0,"168":0,"169":0,"170":0,"171":0,"172":0,"173":0,"174":0,"175":0,"176":0,"177":0,"178":0,"179":0,"180":0,"181":0,"182":0,"183":0,"184":0,"185":0,"186":0,"187":0,"188":0,"189":0,"190":0,"191":0,"192":0,"193":0,"194":0,"195":0,"196":0,"197":0,"198":0,"199":0},"f":{"0":0,"1":0,"2":0,"3":0,"4":0,"5":0,"6":0,"7":0,"8":0,"9":0,"10":0,"11":0,"12":0,"13":0,"14":0,"15":0,"16":0,"17":0,"18":0,"19":0,"20":0,"21":0,"22":0,"23":0,"24":0,"25":0,"26":0},"b":{"0":[0,0],"1":[0,0],"2":[0,0],"3":[0,0],"4":[0,0],"5":[0,0],"6":[0,0],"7":[0,0],"8":[0,0],"9":[0,0],"10":[0,0],"11":[0,0],"12":[0,0],"13":[0,0],"14":[0,0],"15":[0,0],"16":[0,0],"17":[0,0],"18":[0,0],"19":[0,0],"20":[0,0],"21":[0,0],"22":[0,0],"23":[0,0],"24":[0,0],"25":[0,0],"26":[0,0],"27":[0,0],"28":[0,0],"29":[0,0],"30":[0,0],"31":[0,0],"32":[0,0],"33":[0,0],"34":[0,0],"35":[0,0],"36":[0,0],"37":[0,0,0],"38":[0,0]},"inputSourceMap":null}
,"/home/runner/work/docente-plus-plus/docente-plus-plus/js/ai.js": {"path":"/home/runner/work/docente-plus-plus/docente-plus-plus/js/ai.js","statementMap":{"0":{"start":{"line":8,"column":18},"end":{"line":8,"column":58}},"1":{"start":{"line":9,"column":4},"end":{"line":9,"column":23}},"2":{"start":{"line":9,"column":16},"end":{"line":9,"column":23}},"3":{"start":{"line":10,"column":24},"end":{"line":10,"column":42}},"4":{"start":{"line":11,"column":4},"end":{"line":11,"column":29}},"5":{"start":{"line":11,"column":22},"end":{"line":11,"column":29}},"6":{"start":{"line":13,"column":4},"end":{"line":13,"column":67}},"7":{"start":{"line":14,"column":4},"end":{"line":14,"column":25}},"8":{"start":{"line":15,"column":4},"end":{"line":15,"column":21}},"9":{"start":{"line":17,"column":4},"end":{"line":17,"column":54}},"10":{"start":{"line":17,"column":21},"end":{"line":17,"column":47}},"11":{"start":{"line":21,"column":23},"end":{"line":21,"column":126}},"12":{"start":{"line":22,"column":4},"end":{"line":22,"column":36}},"13":{"start":{"line":24,"column":4},"end":{"line":32,"column":5}},"14":{"start":{"line":25,"column":8},"end":{"line":25,"column":153}},"15":{"start":{"line":26,"column":11},"end":{"line":32,"column":5}},"16":{"start":{"line":27,"column":22},"end":{"line":27,"column":87}},"17":{"start":{"line":28,"column":8},"end":{"line":28,"column":107}},"18":{"start":{"line":29,"column":8},"end":{"line":29,"column":245}},"19":{"start":{"line":30,"column":8},"end":{"line":30,"column":19}},"20":{"start":{"line":31,"column":8},"end":{"line":31,"column":35}},"21":{"start":{"line":34,"column":4},"end":{"line":34,"column":66}},"22":{"start":{"line":35,"column":4},"end":{"line":35,"column":15}},"23":{"start":{"line":36,"column":4},"end":{"line":36,"column":25}}},"fnMap":{"0":{"name":"sendMessageToAI","decl":{"start":{"line":7,"column":16},"end":{"line":7,"column":31}},"loc":{"start":{"line":7,"column":34},"end":{"line":18,"column":1}},"line":7},"1":{"name":"(anonymous_1)","decl":{"start":{"line":17,"column":15},"end":{"line":17,"column":16}},"loc":{"start":{"line":17,"column":21},"end":{"line":17,"column":47}},"line":17},"2":{"name":"getAIResponse","decl":{"start":{"line":20,"column":9},"end":{"line":20,"column":22}},"loc":{"start":{"line":20,"column":32},"end":{"line":37,"column":1}},"line":20}},"branchMap":{"0":{"loc":{"start":{"line":9,"column":4},"end":{"line":9,"column":23}},"type":"if","locations":[{"start":{"line":9,"column":4},"end":{"line":9,"column":23}},{"start":{},"end":{}}],"line":9},"1":{"loc":{"start":{"line":11,"column":4},"end":{"line":11,"column":29}},"type":"if","locations":[{"start":{"line":11,"column":4},"end":{"line":11,"column":29}},{"start":{},"end":{}}],"line":11},"2":{"loc":{"start":{"line":24,"column":4},"end":{"line":32,"column":5}},"type":"if","locations":[{"start":{"line":24,"column":4},"end":{"line":32,"column":5}},{"start":{"line":26,"column":11},"end":{"line":32,"column":5}}],"line":24},"3":{"loc":{"start":{"line":24,"column":8},"end":{"line":24,"column":66}},"type":"binary-expr","locations":[{"start":{"line":24,"column":8},"end":{"line":24,"column":38}},{"start":{"line":24,"column":42},"end":{"line":24,"column":66}}],"line":24},"4":{"loc":{"start":{"line":26,"column":11},"end":{"line":32,"column":5}},"type":"if","locations":[{"start":{"line":26,"column":11},"end":{"line":32,"column":5}},{"start":{},"end":{}}],"line":26},"5":{"loc":{"start":{"line":26,"column":15},"end":{"line":26,"column":70}},"type":"binary-expr","locations":[{"start":{"line":26,"column":15},"end":{"line":26,"column":39}},{"start":{"line":26,"column":43},"end":{"line":26,"column":70}}],"line":26},"6":{"loc":{"start":{"line":27,"column":22},"end":{"line":27,"column":87}},"type":"binary-expr","locations":[{"start":{"line":27,"column":22},"end":{"line":27,"column":60}},{"start":{"line":27,"column":64},"end":{"line":27,"column":87}}],"line":27}},"s":{"0":0,"1":0,"2":0,"3":0,"4":0,"5":0,"6":0,"7":0,"8":0,"9":0,"10":0,"11":0,"12":0,"13":0,"14":0,"15":0,"16":0,"17":0,"18":0,"19":0,"20":0,"21":0,"22":0,"23":0},"f":{"0":0,"1":0,"2":0},"b":{"0":[0,0],"1":[0,0],"2":[0,0],"3":[0,0],"4":[0,0],"5":[0,0],"6":[0,0]},"inputSourceMap":null}
,"/home/runner/work/docente-plus-plus/docente-plus-plus/js/appbar.js": {"path":"/home/runner/work/docente-plus-plus/docente-plus-plus/js/appbar.js","statementMap":{"0":{"start":{"line":4,"column":18},"end":{"line":4,"column":19}},"1":{"start":{"line":5,"column":14},"end":{"line":5,"column":19}},"2":{"start":{"line":12,"column":19},"end":{"line":12,"column":56}},"3":{"start":{"line":13,"column":4},"end":{"line":16,"column":5}},"4":{"start":{"line":14,"column":8},"end":{"line":14,"column":48}},"5":{"start":{"line":15,"column":8},"end":{"line":15,"column":15}},"6":{"start":{"line":19,"column":25},"end":{"line":39,"column":5}},"7":{"start":{"line":20,"column":31},"end":{"line":20,"column":45}},"8":{"start":{"line":23,"column":8},"end":{"line":27,"column":9}},"9":{"start":{"line":24,"column":12},"end":{"line":24,"column":53}},"10":{"start":{"line":25,"column":12},"end":{"line":25,"column":41}},"11":{"start":{"line":26,"column":12},"end":{"line":26,"column":19}},"12":{"start":{"line":30,"column":8},"end":{"line":36,"column":9}},"13":{"start":{"line":32,"column":12},"end":{"line":32,"column":50}},"14":{"start":{"line":33,"column":15},"end":{"line":36,"column":9}},"15":{"start":{"line":35,"column":12},"end":{"line":35,"column":53}},"16":{"start":{"line":38,"column":8},"end":{"line":38,"column":37}},"17":{"start":{"line":42,"column":21},"end":{"line":50,"column":5}},"18":{"start":{"line":43,"column":8},"end":{"line":49,"column":9}},"19":{"start":{"line":44,"column":12},"end":{"line":47,"column":15}},"20":{"start":{"line":45,"column":16},"end":{"line":45,"column":31}},"21":{"start":{"line":46,"column":16},"end":{"line":46,"column":32}},"22":{"start":{"line":48,"column":12},"end":{"line":48,"column":27}},"23":{"start":{"line":52,"column":4},"end":{"line":52,"column":67}},"24":{"start":{"line":82,"column":4},"end":{"line":82,"column":31}}},"fnMap":{"0":{"name":"initAppBarScrollBehavior","decl":{"start":{"line":11,"column":16},"end":{"line":11,"column":40}},"loc":{"start":{"line":11,"column":43},"end":{"line":53,"column":1}},"line":11},"1":{"name":"(anonymous_1)","decl":{"start":{"line":19,"column":25},"end":{"line":19,"column":26}},"loc":{"start":{"line":19,"column":31},"end":{"line":39,"column":5}},"line":19},"2":{"name":"(anonymous_2)","decl":{"start":{"line":42,"column":21},"end":{"line":42,"column":22}},"loc":{"start":{"line":42,"column":27},"end":{"line":50,"column":5}},"line":42},"3":{"name":"(anonymous_3)","decl":{"start":{"line":44,"column":41},"end":{"line":44,"column":42}},"loc":{"start":{"line":44,"column":47},"end":{"line":47,"column":13}},"line":44},"4":{"name":"initAppBar","decl":{"start":{"line":81,"column":16},"end":{"line":81,"column":26}},"loc":{"start":{"line":81,"column":29},"end":{"line":84,"column":1}},"line":81}},"branchMap":{"0":{"loc":{"start":{"line":13,"column":4},"end":{"line":16,"column":5}},"type":"if","locations":[{"start":{"line":13,"column":4},"end":{"line":16,"column":5}},{"start":{},"end":{}}],"line":13},"1":{"loc":{"start":{"line":23,"column":8},"end":{"line":27,"column":9}},"type":"if","locations":[{"start":{"line":23,"column":8},"end":{"line":27,"column":9}},{"start":{},"end":{}}],"line":23},"2":{"loc":{"start":{"line":30,"column":8},"end":{"line":36,"column":9}},"type":"if","locations":[{"start":{"line":30,"column":8},"end":{"line":36,"column":9}},{"start":{"line":33,"column":15},"end":{"line":36,"column":9}}],"line":30},"3":{"loc":{"start":{"line":30,"column":12},"end":{"line":30,"column":64}},"type":"binary-expr","locations":[{"start":{"line":30,"column":12},"end":{"line":30,"column":40}},{"start":{"line":30,"column":44},"end":{"line":30,"column":64}}],"line":30},"4":{"loc":{"start":{"line":33,"column":15},"end":{"line":36,"column":9}},"type":"if","locations":[{"start":{"line":33,"column":15},"end":{"line":36,"column":9}},{"start":{},"end":{}}],"line":33},"5":{"loc":{"start":{"line":43,"column":8},"end":{"line":49,"column":9}},"type":"if","locations":[{"start":{"line":43,"column":8},"end":{"line":49,"column":9}},{"start":{},"end":{}}],"line":43}},"s":{"0":0,"1":0,"2":0,"3":0,"4":0,"5":0,"6":0,"7":0,"8":0,"9":0,"10":0,"11":0,"12":0,"13":0,"14":0,"15":0,"16":0,"17":0,"18":0,"19":0,"20":0,"21":0,"22":0,"23":0,"24":0},"f":{"0":0,"1":0,"2":0,"3":0,"4":0},"b":{"0":[0,0],"1":[0,0],"2":[0,0],"3":[0,0],"4":[0,0],"5":[0,0]},"inputSourceMap":null}
,"/home/runner/work/docente-plus-plus/docente-plus-plus/js/crud.js": {"path":"/home/runner/work/docente-plus-plus/docente-plus-plus/js/crud.js","statementMap":{"0":{"start":{"line":12,"column":18},"end":{"line":12,"column":50}},"1":{"start":{"line":13,"column":4},"end":{"line":17,"column":5}},"2":{"start":{"line":14,"column":8},"end":{"line":14,"column":37}},"3":{"start":{"line":16,"column":8},"end":{"line":16,"column":48}},"4":{"start":{"line":25,"column":18},"end":{"line":25,"column":50}},"5":{"start":{"line":26,"column":4},"end":{"line":29,"column":5}},"6":{"start":{"line":27,"column":8},"end":{"line":27,"column":37}},"7":{"start":{"line":28,"column":8},"end":{"line":28,"column":42}},"8":{"start":{"line":38,"column":92},"end":{"line":38,"column":98}},"9":{"start":{"line":40,"column":23},"end":{"line":68,"column":15}},"10":{"start":{"line":41,"column":91},"end":{"line":41,"column":96}},"11":{"start":{"line":43,"column":8},"end":{"line":67,"column":9}},"12":{"start":{"line":44,"column":12},"end":{"line":52,"column":14}},"13":{"start":{"line":49,"column":45},"end":{"line":49,"column":138}},"14":{"start":{"line":53,"column":15},"end":{"line":67,"column":9}},"15":{"start":{"line":54,"column":12},"end":{"line":59,"column":14}},"16":{"start":{"line":61,"column":12},"end":{"line":66,"column":14}},"17":{"start":{"line":70,"column":4},"end":{"line":83,"column":6}},"18":{"start":{"line":92,"column":17},"end":{"line":92,"column":48}},"19":{"start":{"line":93,"column":21},"end":{"line":93,"column":39}},"20":{"start":{"line":94,"column":17},"end":{"line":94,"column":19}},"21":{"start":{"line":95,"column":4},"end":{"line":97,"column":5}},"22":{"start":{"line":96,"column":8},"end":{"line":96,"column":26}},"23":{"start":{"line":98,"column":4},"end":{"line":98,"column":16}},"24":{"start":{"line":105,"column":17},"end":{"line":105,"column":48}},"25":{"start":{"line":107,"column":4},"end":{"line":110,"column":5}},"26":{"start":{"line":108,"column":8},"end":{"line":108,"column":66}},"27":{"start":{"line":109,"column":8},"end":{"line":109,"column":15}},"28":{"start":{"line":112,"column":21},"end":{"line":117,"column":5}},"29":{"start":{"line":119,"column":4},"end":{"line":119,"column":33}},"30":{"start":{"line":120,"column":4},"end":{"line":120,"column":15}},"31":{"start":{"line":122,"column":4},"end":{"line":122,"column":29}},"32":{"start":{"line":123,"column":4},"end":{"line":123,"column":56}},"33":{"start":{"line":124,"column":4},"end":{"line":124,"column":31}},"34":{"start":{"line":131,"column":22},"end":{"line":131,"column":63}},"35":{"start":{"line":131,"column":46},"end":{"line":131,"column":62}},"36":{"start":{"line":132,"column":4},"end":{"line":135,"column":5}},"37":{"start":{"line":133,"column":8},"end":{"line":133,"column":49}},"38":{"start":{"line":134,"column":8},"end":{"line":134,"column":15}},"39":{"start":{"line":138,"column":4},"end":{"line":138,"column":71}},"40":{"start":{"line":139,"column":4},"end":{"line":139,"column":83}},"41":{"start":{"line":140,"column":4},"end":{"line":140,"column":91}},"42":{"start":{"line":143,"column":17},"end":{"line":143,"column":60}},"43":{"start":{"line":144,"column":4},"end":{"line":147,"column":6}},"44":{"start":{"line":145,"column":8},"end":{"line":145,"column":27}},"45":{"start":{"line":146,"column":8},"end":{"line":146,"column":29}},"46":{"start":{"line":149,"column":4},"end":{"line":149,"column":29}},"47":{"start":{"line":156,"column":17},"end":{"line":156,"column":48}},"48":{"start":{"line":158,"column":22},"end":{"line":158,"column":63}},"49":{"start":{"line":158,"column":46},"end":{"line":158,"column":62}},"50":{"start":{"line":159,"column":4},"end":{"line":162,"column":5}},"51":{"start":{"line":160,"column":8},"end":{"line":160,"column":49}},"52":{"start":{"line":161,"column":8},"end":{"line":161,"column":15}},"53":{"start":{"line":164,"column":4},"end":{"line":164,"column":38}},"54":{"start":{"line":165,"column":4},"end":{"line":165,"column":49}},"55":{"start":{"line":166,"column":4},"end":{"line":166,"column":51}},"56":{"start":{"line":168,"column":4},"end":{"line":168,"column":15}},"57":{"start":{"line":169,"column":4},"end":{"line":169,"column":29}},"58":{"start":{"line":170,"column":4},"end":{"line":170,"column":60}},"59":{"start":{"line":171,"column":4},"end":{"line":171,"column":31}},"60":{"start":{"line":178,"column":22},"end":{"line":178,"column":63}},"61":{"start":{"line":178,"column":46},"end":{"line":178,"column":62}},"62":{"start":{"line":179,"column":4},"end":{"line":182,"column":5}},"63":{"start":{"line":180,"column":8},"end":{"line":180,"column":49}},"64":{"start":{"line":181,"column":8},"end":{"line":181,"column":15}},"65":{"start":{"line":185,"column":28},"end":{"line":185,"column":77}},"66":{"start":{"line":185,"column":55},"end":{"line":185,"column":76}},"67":{"start":{"line":187,"column":21},"end":{"line":187,"column":83}},"68":{"start":{"line":188,"column":4},"end":{"line":190,"column":5}},"69":{"start":{"line":189,"column":8},"end":{"line":189,"column":144}},"70":{"start":{"line":192,"column":4},"end":{"line":194,"column":5}},"71":{"start":{"line":193,"column":8},"end":{"line":193,"column":15}},"72":{"start":{"line":197,"column":4},"end":{"line":197,"column":64}},"73":{"start":{"line":197,"column":46},"end":{"line":197,"column":62}},"74":{"start":{"line":200,"column":4},"end":{"line":204,"column":7}},"75":{"start":{"line":201,"column":8},"end":{"line":203,"column":9}},"76":{"start":{"line":202,"column":12},"end":{"line":202,"column":29}},"77":{"start":{"line":207,"column":4},"end":{"line":209,"column":5}},"78":{"start":{"line":208,"column":8},"end":{"line":208,"column":33}},"79":{"start":{"line":211,"column":4},"end":{"line":211,"column":15}},"80":{"start":{"line":212,"column":4},"end":{"line":212,"column":59}},"81":{"start":{"line":213,"column":4},"end":{"line":213,"column":31}},"82":{"start":{"line":222,"column":17},"end":{"line":222,"column":50}},"83":{"start":{"line":224,"column":4},"end":{"line":227,"column":5}},"84":{"start":{"line":225,"column":8},"end":{"line":225,"column":62}},"85":{"start":{"line":226,"column":8},"end":{"line":226,"column":15}},"86":{"start":{"line":229,"column":23},"end":{"line":237,"column":5}},"87":{"start":{"line":239,"column":4},"end":{"line":239,"column":36}},"88":{"start":{"line":240,"column":4},"end":{"line":240,"column":15}},"89":{"start":{"line":242,"column":4},"end":{"line":242,"column":31}},"90":{"start":{"line":243,"column":4},"end":{"line":243,"column":60}},"91":{"start":{"line":244,"column":4},"end":{"line":244,"column":32}},"92":{"start":{"line":251,"column":20},"end":{"line":251,"column":64}},"93":{"start":{"line":251,"column":45},"end":{"line":251,"column":63}},"94":{"start":{"line":252,"column":4},"end":{"line":255,"column":5}},"95":{"start":{"line":253,"column":8},"end":{"line":253,"column":51}},"96":{"start":{"line":254,"column":8},"end":{"line":254,"column":15}},"97":{"start":{"line":258,"column":4},"end":{"line":258,"column":40}},"98":{"start":{"line":261,"column":4},"end":{"line":261,"column":81}},"99":{"start":{"line":262,"column":4},"end":{"line":262,"column":79}},"100":{"start":{"line":263,"column":4},"end":{"line":263,"column":79}},"101":{"start":{"line":264,"column":4},"end":{"line":264,"column":83}},"102":{"start":{"line":265,"column":4},"end":{"line":265,"column":87}},"103":{"start":{"line":266,"column":4},"end":{"line":266,"column":79}},"104":{"start":{"line":269,"column":17},"end":{"line":269,"column":62}},"105":{"start":{"line":270,"column":4},"end":{"line":273,"column":6}},"106":{"start":{"line":271,"column":8},"end":{"line":271,"column":27}},"107":{"start":{"line":272,"column":8},"end":{"line":272,"column":33}},"108":{"start":{"line":275,"column":4},"end":{"line":275,"column":31}},"109":{"start":{"line":282,"column":17},"end":{"line":282,"column":50}},"110":{"start":{"line":284,"column":20},"end":{"line":284,"column":64}},"111":{"start":{"line":284,"column":45},"end":{"line":284,"column":63}},"112":{"start":{"line":285,"column":4},"end":{"line":288,"column":5}},"113":{"start":{"line":286,"column":8},"end":{"line":286,"column":51}},"114":{"start":{"line":287,"column":8},"end":{"line":287,"column":15}},"115":{"start":{"line":290,"column":4},"end":{"line":290,"column":46}},"116":{"start":{"line":291,"column":4},"end":{"line":291,"column":44}},"117":{"start":{"line":292,"column":4},"end":{"line":292,"column":37}},"118":{"start":{"line":293,"column":4},"end":{"line":293,"column":43}},"119":{"start":{"line":294,"column":4},"end":{"line":294,"column":45}},"120":{"start":{"line":295,"column":4},"end":{"line":295,"column":37}},"121":{"start":{"line":297,"column":4},"end":{"line":297,"column":15}},"122":{"start":{"line":298,"column":4},"end":{"line":298,"column":31}},"123":{"start":{"line":299,"column":4},"end":{"line":299,"column":62}},"124":{"start":{"line":300,"column":4},"end":{"line":300,"column":32}},"125":{"start":{"line":307,"column":20},"end":{"line":307,"column":64}},"126":{"start":{"line":307,"column":45},"end":{"line":307,"column":63}},"127":{"start":{"line":308,"column":4},"end":{"line":311,"column":5}},"128":{"start":{"line":309,"column":8},"end":{"line":309,"column":51}},"129":{"start":{"line":310,"column":8},"end":{"line":310,"column":15}},"130":{"start":{"line":313,"column":4},"end":{"line":315,"column":5}},"131":{"start":{"line":314,"column":8},"end":{"line":314,"column":15}},"132":{"start":{"line":318,"column":4},"end":{"line":318,"column":68}},"133":{"start":{"line":318,"column":48},"end":{"line":318,"column":66}},"134":{"start":{"line":321,"column":4},"end":{"line":321,"column":81}},"135":{"start":{"line":321,"column":54},"end":{"line":321,"column":79}},"136":{"start":{"line":323,"column":4},"end":{"line":323,"column":15}},"137":{"start":{"line":324,"column":4},"end":{"line":324,"column":61}},"138":{"start":{"line":325,"column":4},"end":{"line":325,"column":32}},"139":{"start":{"line":334,"column":17},"end":{"line":334,"column":49}},"140":{"start":{"line":336,"column":4},"end":{"line":339,"column":5}},"141":{"start":{"line":337,"column":8},"end":{"line":337,"column":70}},"142":{"start":{"line":338,"column":8},"end":{"line":338,"column":15}},"143":{"start":{"line":341,"column":22},"end":{"line":349,"column":5}},"144":{"start":{"line":351,"column":4},"end":{"line":351,"column":34}},"145":{"start":{"line":352,"column":4},"end":{"line":352,"column":15}},"146":{"start":{"line":354,"column":4},"end":{"line":354,"column":30}},"147":{"start":{"line":355,"column":4},"end":{"line":355,"column":57}},"148":{"start":{"line":356,"column":4},"end":{"line":356,"column":31}},"149":{"start":{"line":363,"column":19},"end":{"line":363,"column":61}},"150":{"start":{"line":363,"column":43},"end":{"line":363,"column":60}},"151":{"start":{"line":364,"column":4},"end":{"line":367,"column":5}},"152":{"start":{"line":365,"column":8},"end":{"line":365,"column":50}},"153":{"start":{"line":366,"column":8},"end":{"line":366,"column":15}},"154":{"start":{"line":370,"column":4},"end":{"line":370,"column":40}},"155":{"start":{"line":371,"column":4},"end":{"line":371,"column":41}},"156":{"start":{"line":374,"column":4},"end":{"line":374,"column":71}},"157":{"start":{"line":375,"column":4},"end":{"line":375,"column":75}},"158":{"start":{"line":376,"column":4},"end":{"line":376,"column":89}},"159":{"start":{"line":377,"column":4},"end":{"line":377,"column":69}},"160":{"start":{"line":378,"column":4},"end":{"line":378,"column":80}},"161":{"start":{"line":379,"column":4},"end":{"line":379,"column":81}},"162":{"start":{"line":382,"column":17},"end":{"line":382,"column":61}},"163":{"start":{"line":383,"column":4},"end":{"line":386,"column":6}},"164":{"start":{"line":384,"column":8},"end":{"line":384,"column":27}},"165":{"start":{"line":385,"column":8},"end":{"line":385,"column":31}},"166":{"start":{"line":388,"column":4},"end":{"line":388,"column":30}},"167":{"start":{"line":395,"column":17},"end":{"line":395,"column":49}},"168":{"start":{"line":397,"column":19},"end":{"line":397,"column":61}},"169":{"start":{"line":397,"column":43},"end":{"line":397,"column":60}},"170":{"start":{"line":398,"column":4},"end":{"line":401,"column":5}},"171":{"start":{"line":399,"column":8},"end":{"line":399,"column":50}},"172":{"start":{"line":400,"column":8},"end":{"line":400,"column":15}},"173":{"start":{"line":403,"column":4},"end":{"line":403,"column":37}},"174":{"start":{"line":404,"column":4},"end":{"line":404,"column":34}},"175":{"start":{"line":405,"column":4},"end":{"line":405,"column":48}},"176":{"start":{"line":406,"column":4},"end":{"line":406,"column":28}},"177":{"start":{"line":407,"column":4},"end":{"line":407,"column":39}},"178":{"start":{"line":408,"column":4},"end":{"line":408,"column":42}},"179":{"start":{"line":410,"column":4},"end":{"line":410,"column":15}},"180":{"start":{"line":411,"column":4},"end":{"line":411,"column":30}},"181":{"start":{"line":412,"column":4},"end":{"line":412,"column":61}},"182":{"start":{"line":413,"column":4},"end":{"line":413,"column":31}},"183":{"start":{"line":420,"column":19},"end":{"line":420,"column":61}},"184":{"start":{"line":420,"column":43},"end":{"line":420,"column":60}},"185":{"start":{"line":421,"column":4},"end":{"line":424,"column":5}},"186":{"start":{"line":422,"column":8},"end":{"line":422,"column":50}},"187":{"start":{"line":423,"column":8},"end":{"line":423,"column":15}},"188":{"start":{"line":426,"column":4},"end":{"line":428,"column":5}},"189":{"start":{"line":427,"column":8},"end":{"line":427,"column":15}},"190":{"start":{"line":430,"column":4},"end":{"line":430,"column":65}},"191":{"start":{"line":430,"column":46},"end":{"line":430,"column":63}},"192":{"start":{"line":431,"column":4},"end":{"line":431,"column":15}},"193":{"start":{"line":432,"column":4},"end":{"line":432,"column":60}},"194":{"start":{"line":433,"column":4},"end":{"line":433,"column":31}},"195":{"start":{"line":442,"column":17},"end":{"line":442,"column":51}},"196":{"start":{"line":444,"column":4},"end":{"line":447,"column":5}},"197":{"start":{"line":445,"column":8},"end":{"line":445,"column":67}},"198":{"start":{"line":446,"column":8},"end":{"line":446,"column":15}},"199":{"start":{"line":449,"column":24},"end":{"line":457,"column":5}},"200":{"start":{"line":459,"column":4},"end":{"line":459,"column":39}},"201":{"start":{"line":460,"column":4},"end":{"line":460,"column":15}},"202":{"start":{"line":462,"column":4},"end":{"line":462,"column":32}},"203":{"start":{"line":463,"column":4},"end":{"line":463,"column":58}},"204":{"start":{"line":464,"column":4},"end":{"line":464,"column":34}},"205":{"start":{"line":471,"column":21},"end":{"line":471,"column":68}},"206":{"start":{"line":471,"column":48},"end":{"line":471,"column":67}},"207":{"start":{"line":472,"column":4},"end":{"line":475,"column":5}},"208":{"start":{"line":473,"column":8},"end":{"line":473,"column":51}},"209":{"start":{"line":474,"column":8},"end":{"line":474,"column":15}},"210":{"start":{"line":478,"column":4},"end":{"line":478,"column":40}},"211":{"start":{"line":481,"column":4},"end":{"line":481,"column":75}},"212":{"start":{"line":482,"column":4},"end":{"line":482,"column":73}},"213":{"start":{"line":483,"column":4},"end":{"line":483,"column":93}},"214":{"start":{"line":484,"column":4},"end":{"line":484,"column":73}},"215":{"start":{"line":485,"column":4},"end":{"line":485,"column":77}},"216":{"start":{"line":486,"column":4},"end":{"line":486,"column":85}},"217":{"start":{"line":489,"column":17},"end":{"line":489,"column":63}},"218":{"start":{"line":490,"column":4},"end":{"line":493,"column":6}},"219":{"start":{"line":491,"column":8},"end":{"line":491,"column":27}},"220":{"start":{"line":492,"column":8},"end":{"line":492,"column":35}},"221":{"start":{"line":495,"column":4},"end":{"line":495,"column":32}},"222":{"start":{"line":502,"column":17},"end":{"line":502,"column":51}},"223":{"start":{"line":504,"column":21},"end":{"line":504,"column":68}},"224":{"start":{"line":504,"column":48},"end":{"line":504,"column":67}},"225":{"start":{"line":505,"column":4},"end":{"line":508,"column":5}},"226":{"start":{"line":506,"column":8},"end":{"line":506,"column":51}},"227":{"start":{"line":507,"column":8},"end":{"line":507,"column":15}},"228":{"start":{"line":510,"column":4},"end":{"line":510,"column":39}},"229":{"start":{"line":511,"column":4},"end":{"line":511,"column":30}},"230":{"start":{"line":512,"column":4},"end":{"line":512,"column":50}},"231":{"start":{"line":513,"column":4},"end":{"line":513,"column":30}},"232":{"start":{"line":514,"column":4},"end":{"line":514,"column":34}},"233":{"start":{"line":515,"column":4},"end":{"line":515,"column":44}},"234":{"start":{"line":517,"column":4},"end":{"line":517,"column":15}},"235":{"start":{"line":518,"column":4},"end":{"line":518,"column":32}},"236":{"start":{"line":519,"column":4},"end":{"line":519,"column":62}},"237":{"start":{"line":520,"column":4},"end":{"line":520,"column":34}},"238":{"start":{"line":527,"column":21},"end":{"line":527,"column":68}},"239":{"start":{"line":527,"column":48},"end":{"line":527,"column":67}},"240":{"start":{"line":528,"column":4},"end":{"line":531,"column":5}},"241":{"start":{"line":529,"column":8},"end":{"line":529,"column":51}},"242":{"start":{"line":530,"column":8},"end":{"line":530,"column":15}},"243":{"start":{"line":534,"column":24},"end":{"line":534,"column":82}},"244":{"start":{"line":534,"column":54},"end":{"line":534,"column":81}},"245":{"start":{"line":536,"column":21},"end":{"line":536,"column":84}},"246":{"start":{"line":537,"column":4},"end":{"line":539,"column":5}},"247":{"start":{"line":538,"column":8},"end":{"line":538,"column":131}},"248":{"start":{"line":541,"column":4},"end":{"line":543,"column":5}},"249":{"start":{"line":542,"column":8},"end":{"line":542,"column":15}},"250":{"start":{"line":545,"column":4},"end":{"line":545,"column":73}},"251":{"start":{"line":545,"column":52},"end":{"line":545,"column":71}},"252":{"start":{"line":546,"column":4},"end":{"line":546,"column":83}},"253":{"start":{"line":546,"column":54},"end":{"line":546,"column":81}},"254":{"start":{"line":548,"column":4},"end":{"line":548,"column":15}},"255":{"start":{"line":549,"column":4},"end":{"line":549,"column":61}},"256":{"start":{"line":550,"column":4},"end":{"line":550,"column":34}},"257":{"start":{"line":559,"column":17},"end":{"line":559,"column":53}},"258":{"start":{"line":561,"column":4},"end":{"line":564,"column":5}},"259":{"start":{"line":562,"column":8},"end":{"line":562,"column":67}},"260":{"start":{"line":563,"column":8},"end":{"line":563,"column":15}},"261":{"start":{"line":566,"column":26},"end":{"line":573,"column":5}},"262":{"start":{"line":575,"column":4},"end":{"line":575,"column":42}},"263":{"start":{"line":576,"column":4},"end":{"line":576,"column":15}},"264":{"start":{"line":578,"column":4},"end":{"line":578,"column":34}},"265":{"start":{"line":579,"column":4},"end":{"line":579,"column":63}},"266":{"start":{"line":580,"column":4},"end":{"line":580,"column":35}},"267":{"start":{"line":587,"column":23},"end":{"line":587,"column":73}},"268":{"start":{"line":587,"column":51},"end":{"line":587,"column":72}},"269":{"start":{"line":588,"column":4},"end":{"line":591,"column":5}},"270":{"start":{"line":589,"column":8},"end":{"line":589,"column":54}},"271":{"start":{"line":590,"column":8},"end":{"line":590,"column":15}},"272":{"start":{"line":594,"column":4},"end":{"line":594,"column":41}},"273":{"start":{"line":595,"column":4},"end":{"line":595,"column":42}},"274":{"start":{"line":598,"column":4},"end":{"line":598,"column":87}},"275":{"start":{"line":599,"column":4},"end":{"line":599,"column":89}},"276":{"start":{"line":600,"column":4},"end":{"line":600,"column":85}},"277":{"start":{"line":601,"column":4},"end":{"line":601,"column":89}},"278":{"start":{"line":602,"column":4},"end":{"line":602,"column":77}},"279":{"start":{"line":605,"column":17},"end":{"line":605,"column":65}},"280":{"start":{"line":606,"column":4},"end":{"line":609,"column":6}},"281":{"start":{"line":607,"column":8},"end":{"line":607,"column":27}},"282":{"start":{"line":608,"column":8},"end":{"line":608,"column":39}},"283":{"start":{"line":611,"column":4},"end":{"line":611,"column":34}},"284":{"start":{"line":618,"column":17},"end":{"line":618,"column":53}},"285":{"start":{"line":620,"column":23},"end":{"line":620,"column":73}},"286":{"start":{"line":620,"column":51},"end":{"line":620,"column":72}},"287":{"start":{"line":621,"column":4},"end":{"line":624,"column":5}},"288":{"start":{"line":622,"column":8},"end":{"line":622,"column":54}},"289":{"start":{"line":623,"column":8},"end":{"line":623,"column":15}},"290":{"start":{"line":626,"column":4},"end":{"line":626,"column":42}},"291":{"start":{"line":627,"column":4},"end":{"line":627,"column":44}},"292":{"start":{"line":628,"column":4},"end":{"line":628,"column":40}},"293":{"start":{"line":629,"column":4},"end":{"line":629,"column":44}},"294":{"start":{"line":630,"column":4},"end":{"line":630,"column":32}},"295":{"start":{"line":632,"column":4},"end":{"line":632,"column":15}},"296":{"start":{"line":633,"column":4},"end":{"line":633,"column":34}},"297":{"start":{"line":634,"column":4},"end":{"line":634,"column":65}},"298":{"start":{"line":635,"column":4},"end":{"line":635,"column":35}},"299":{"start":{"line":642,"column":23},"end":{"line":642,"column":73}},"300":{"start":{"line":642,"column":51},"end":{"line":642,"column":72}},"301":{"start":{"line":643,"column":4},"end":{"line":646,"column":5}},"302":{"start":{"line":644,"column":8},"end":{"line":644,"column":54}},"303":{"start":{"line":645,"column":8},"end":{"line":645,"column":15}},"304":{"start":{"line":648,"column":4},"end":{"line":650,"column":5}},"305":{"start":{"line":649,"column":8},"end":{"line":649,"column":15}},"306":{"start":{"line":652,"column":4},"end":{"line":652,"column":77}},"307":{"start":{"line":652,"column":54},"end":{"line":652,"column":75}},"308":{"start":{"line":653,"column":4},"end":{"line":653,"column":15}},"309":{"start":{"line":654,"column":4},"end":{"line":654,"column":64}},"310":{"start":{"line":655,"column":4},"end":{"line":655,"column":35}},"311":{"start":{"line":664,"column":4},"end":{"line":667,"column":5}},"312":{"start":{"line":665,"column":8},"end":{"line":665,"column":59}},"313":{"start":{"line":666,"column":8},"end":{"line":666,"column":15}},"314":{"start":{"line":670,"column":20},"end":{"line":670,"column":85}},"315":{"start":{"line":671,"column":17},"end":{"line":671,"column":26}},"316":{"start":{"line":674,"column":4},"end":{"line":686,"column":7}},"317":{"start":{"line":675,"column":25},"end":{"line":675,"column":74}},"318":{"start":{"line":675,"column":49},"end":{"line":675,"column":73}},"319":{"start":{"line":676,"column":26},"end":{"line":676,"column":55}},"320":{"start":{"line":678,"column":8},"end":{"line":685,"column":11}},"321":{"start":{"line":689,"column":23},"end":{"line":691,"column":16}},"322":{"start":{"line":690,"column":8},"end":{"line":690,"column":74}},"323":{"start":{"line":690,"column":24},"end":{"line":690,"column":63}},"324":{"start":{"line":694,"column":17},"end":{"line":694,"column":76}},"325":{"start":{"line":695,"column":17},"end":{"line":695,"column":44}},"326":{"start":{"line":696,"column":4},"end":{"line":696,"column":42}},"327":{"start":{"line":697,"column":4},"end":{"line":697,"column":77}},"328":{"start":{"line":698,"column":4},"end":{"line":698,"column":17}},"329":{"start":{"line":700,"column":4},"end":{"line":700,"column":61}},"330":{"start":{"line":707,"column":4},"end":{"line":710,"column":5}},"331":{"start":{"line":708,"column":8},"end":{"line":708,"column":54}},"332":{"start":{"line":709,"column":8},"end":{"line":709,"column":15}},"333":{"start":{"line":712,"column":19},"end":{"line":712,"column":35}},"334":{"start":{"line":713,"column":4},"end":{"line":743,"column":6}},"335":{"start":{"line":714,"column":8},"end":{"line":742,"column":9}},"336":{"start":{"line":715,"column":28},"end":{"line":715,"column":43}},"337":{"start":{"line":718,"column":12},"end":{"line":738,"column":13}},"338":{"start":{"line":719,"column":32},"end":{"line":719,"column":91}},"339":{"start":{"line":720,"column":16},"end":{"line":720,"column":45}},"340":{"start":{"line":723,"column":30},"end":{"line":723,"column":49}},"341":{"start":{"line":724,"column":32},"end":{"line":724,"column":88}},"342":{"start":{"line":724,"column":61},"end":{"line":724,"column":87}},"343":{"start":{"line":725,"column":29},"end":{"line":725,"column":31}},"344":{"start":{"line":727,"column":16},"end":{"line":736,"colu
[...]
":{"line":178,"column":35},"end":{"line":178,"column":53}},{"start":{"line":178,"column":58},"end":{"line":178,"column":63}}],"line":178},"14":{"loc":{"start":{"line":188,"column":8},"end":{"line":190,"column":9}},"type":"if","locations":[{"start":{"line":188,"column":8},"end":{"line":190,"column":9}},{"start":{},"end":{}}],"line":188},"15":{"loc":{"start":{"line":195,"column":8},"end":{"line":197,"column":9}},"type":"if","locations":[{"start":{"line":195,"column":8},"end":{"line":197,"column":9}},{"start":{},"end":{}}],"line":195},"16":{"loc":{"start":{"line":206,"column":4},"end":{"line":208,"column":5}},"type":"if","locations":[{"start":{"line":206,"column":4},"end":{"line":208,"column":5}},{"start":{},"end":{}}],"line":206},"17":{"loc":{"start":{"line":211,"column":4},"end":{"line":213,"column":5}},"type":"if","locations":[{"start":{"line":211,"column":4},"end":{"line":213,"column":5}},{"start":{},"end":{}}],"line":211},"18":{"loc":{"start":{"line":234,"column":8},"end":{"line":262,"column":9}},"type":"if","locations":[{"start":{"line":234,"column":8},"end":{"line":262,"column":9}},{"start":{},"end":{}}],"line":234},"19":{"loc":{"start":{"line":238,"column":34},"end":{"line":238,"column":90}},"type":"cond-expr","locations":[{"start":{"line":238,"column":55},"end":{"line":238,"column":79}},{"start":{"line":238,"column":82},"end":{"line":238,"column":90}}],"line":238},"20":{"loc":{"start":{"line":244,"column":12},"end":{"line":261,"column":13}},"type":"if","locations":[{"start":{"line":244,"column":12},"end":{"line":261,"column":13}},{"start":{},"end":{}}],"line":244},"21":{"loc":{"start":{"line":269,"column":8},"end":{"line":271,"column":9}},"type":"if","locations":[{"start":{"line":269,"column":8},"end":{"line":271,"column":9}},{"start":{},"end":{}}],"line":269},"22":{"loc":{"start":{"line":276,"column":8},"end":{"line":278,"column":9}},"type":"if","locations":[{"start":{"line":276,"column":8},"end":{"line":278,"column":9}},{"start":{},"end":{}}],"line":276},"23":{"loc":{"start":{"line":276,"column":12},"end":{"line":276,"column":65}},"type":"binary-expr","locations":[{"start":{"line":276,"column":12},"end":{"line":276,"column":30}},{"start":{"line":276,"column":34},"end":{"line":276,"column":65}}],"line":276}},"s":{"0":0,"1":0,"2":0,"3":0,"4":0,"5":0,"6":0,"7":0,"8":0,"9":0,"10":0,"11":0,"12":0,"13":0,"14":0,"15":0,"16":0,"17":0,"18":0,"19":0,"20":0,"21":0,"22":0,"23":0,"24":0,"25":0,"26":0,"27":0,"28":0,"29":0,"30":0,"31":0,"32":0,"33":0,"34":0,"35":0,"36":0,"37":0,"38":0,"39":0,"40":0,"41":0,"42":0,"43":0,"44":0,"45":0,"46":0,"47":0,"48":0,"49":0,"50":0,"51":0,"52":0,"53":0,"54":0,"55":0,"56":0,"57":0,"58":0,"59":0,"60":0,"61":0,"62":0,"63":0,"64":0,"65":0,"66":0,"67":0,"68":0,"69":0,"70":0,"71":0,"72":0,"73":0,"74":0,"75":0,"76":0,"77":0,"78":0,"79":0,"80":0,"81":0,"82":0,"83":0,"84":0,"85":0,"86":0,"87":0,"88":0,"89":0,"90":0,"91":0,"92":0,"93":0,"94":0,"95":0,"96":0,"97":0,"98":0},"f":{"0":0,"1":0,"2":0,"3":0,"4":0,"5":0,"6":0,"7":0,"8":0,"9":0,"10":0,"11":0,"12":0,"13":0,"14":0,"15":0,"16":0},"b":{"0":[0,0],"1":[0,0],"2":[0,0],"3":[0,0],"4":[0,0],"5":[0,0],"6":[0],"7":[0,0],"8":[0,0],"9":[0,0],"10":[0,0],"11":[0,0],"12":[0,0],"13":[0,0,0,0],"14":[0,0],"15":[0,0],"16":[0,0],"17":[0,0],"18":[0,0],"19":[0,0],"20":[0,0],"21":[0,0],"22":[0,0],"23":[0,0]},"inputSourceMap":null}
,"/home/runner/work/docente-plus-plus/docente-plus-plus/js/ui.js": {"path":"/home/runner/work/docente-plus-plus/docente-plus-plus/js/ui.js","statementMap":{"0":{"start":{"line":7,"column":4},"end":{"line":11,"column":5}},"1":{"start":{"line":8,"column":26},"end":{"line":8,"column":55}},"2":{"start":{"line":9,"column":8},"end":{"line":9,"column":41}},"3":{"start":{"line":10,"column":8},"end":{"line":10,"column":45}},"4":{"start":{"line":15,"column":22},"end":{"line":15,"column":64}},"5":{"start":{"line":16,"column":4},"end":{"line":16,"column":27}},"6":{"start":{"line":16,"column":20},"end":{"line":16,"column":27}},"7":{"start":{"line":17,"column":18},"end":{"line":17,"column":47}},"8":{"start":{"line":18,"column":4},"end":{"line":18,"column":49}},"9":{"start":{"line":19,"column":4},"end":{"line":19,"column":32}},"10":{"start":{"line":20,"column":4},"end":{"line":20,"column":33}},"11":{"start":{"line":21,"column":4},"end":{"line":24,"column":17}},"12":{"start":{"line":22,"column":8},"end":{"line":22,"column":39}},"13":{"start":{"line":23,"column":8},"end":{"line":23,"column":46}},"14":{"start":{"line":23,"column":25},"end":{"line":23,"column":39}},"15":{"start":{"line":28,"column":4},"end":{"line":28,"column":25}},"16":{"start":{"line":28,"column":18},"end":{"line":28,"column":25}},"17":{"start":{"line":29,"column":4},"end":{"line":29,"column":89}},"18":{"start":{"line":29,"column":59},"end":{"line":29,"column":87}},"19":{"start":{"line":30,"column":4},"end":{"line":30,"column":86}},"20":{"start":{"line":30,"column":56},"end":{"line":30,"column":84}},"21":{"start":{"line":32,"column":20},"end":{"line":32,"column":52}},"22":{"start":{"line":33,"column":4},"end":{"line":33,"column":49}},"23":{"start":{"line":33,"column":17},"end":{"line":33,"column":49}},"24":{"start":{"line":35,"column":19},"end":{"line":35,"column":77}},"25":{"start":{"line":36,"column":4},"end":{"line":38,"column":5}},"26":{"start":{"line":37,"column":8},"end":{"line":37,"column":39}},"27":{"start":{"line":41,"column":4},"end":{"line":43,"column":5}},"28":{"start":{"line":42,"column":8},"end":{"line":42,"column":55}},"29":{"start":{"line":46,"column":4},"end":{"line":48,"column":5}},"30":{"start":{"line":47,"column":8},"end":{"line":47,"column":46}},"31":{"start":{"line":50,"column":27},"end":{"line":50,"column":88}},"32":{"start":{"line":51,"column":4},"end":{"line":55,"column":5}},"33":{"start":{"line":52,"column":8},"end":{"line":52,"column":37}},"34":{"start":{"line":54,"column":8},"end":{"line":54,"column":69}},"35":{"start":{"line":88,"column":18},"end":{"line":88,"column":61}},"36":{"start":{"line":89,"column":4},"end":{"line":102,"column":5}},"37":{"start":{"line":90,"column":8},"end":{"line":90,"column":37}},"38":{"start":{"line":92,"column":8},"end":{"line":92,"column":31}},"39":{"start":{"line":94,"column":8},"end":{"line":94,"column":74}},"40":{"start":{"line":96,"column":8},"end":{"line":101,"column":11}},"41":{"start":{"line":97,"column":12},"end":{"line":97,"column":29}},"42":{"start":{"line":98,"column":12},"end":{"line":100,"column":13}},"43":{"start":{"line":99,"column":16},"end":{"line":99,"column":45}},"44":{"start":{"line":106,"column":4},"end":{"line":106,"column":71}},"45":{"start":{"line":110,"column":19},"end":{"line":110,"column":74}},"46":{"start":{"line":111,"column":4},"end":{"line":113,"column":5}},"47":{"start":{"line":112,"column":8},"end":{"line":112,"column":39}},"48":{"start":{"line":117,"column":19},"end":{"line":117,"column":74}},"49":{"start":{"line":118,"column":4},"end":{"line":120,"column":5}},"50":{"start":{"line":119,"column":8},"end":{"line":119,"column":38}},"51":{"start":{"line":125,"column":4},"end":{"line":132,"column":7}},"52":{"start":{"line":126,"column":20},"end":{"line":126,"column":38}},"53":{"start":{"line":127,"column":8},"end":{"line":131,"column":9}},"54":{"start":{"line":128,"column":12},"end":{"line":128,"column":45}},"55":{"start":{"line":129,"column":12},"end":{"line":129,"column":57}},"56":{"start":{"line":130,"column":12},"end":{"line":130,"column":99}},"57":{"start":{"line":137,"column":4},"end":{"line":141,"column":7}},"58":{"start":{"line":138,"column":8},"end":{"line":138,"column":44}},"59":{"start":{"line":139,"column":8},"end":{"line":139,"column":48}},"60":{"start":{"line":140,"column":8},"end":{"line":140,"column":92}},"61":{"start":{"line":145,"column":21},"end":{"line":145,"column":66}},"62":{"start":{"line":146,"column":22},"end":{"line":146,"column":58}},"63":{"start":{"line":147,"column":15},"end":{"line":147,"column":17}},"64":{"start":{"line":148,"column":4},"end":{"line":158,"column":5}},"65":{"start":{"line":149,"column":8},"end":{"line":153,"column":11}},"66":{"start":{"line":150,"column":12},"end":{"line":152,"column":15}},"67":{"start":{"line":151,"column":16},"end":{"line":151,"column":46}},"68":{"start":{"line":155,"column":8},"end":{"line":157,"column":11}},"69":{"start":{"line":156,"column":12},"end":{"line":156,"column":42}},"70":{"start":{"line":159,"column":4},"end":{"line":159,"column":31}},"71":{"start":{"line":163,"column":30},"end":{"line":163,"column":73}},"72":{"start":{"line":164,"column":4},"end":{"line":164,"column":35}},"73":{"start":{"line":164,"column":28},"end":{"line":164,"column":35}},"74":{"start":{"line":166,"column":4},"end":{"line":169,"column":5}},"75":{"start":{"line":167,"column":8},"end":{"line":167,"column":114}},"76":{"start":{"line":168,"column":8},"end":{"line":168,"column":15}},"77":{"start":{"line":171,"column":4},"end":{"line":174,"column":16}},"78":{"start":{"line":172,"column":26},"end":{"line":172,"column":89}},"79":{"start":{"line":173,"column":8},"end":{"line":173,"column":118}},"80":{"start":{"line":177,"column":4},"end":{"line":177,"column":65}}},"fnMap":{"0":{"name":"createToastContainer","decl":{"start":{"line":6,"column":16},"end":{"line":6,"column":36}},"loc":{"start":{"line":6,"column":39},"end":{"line":12,"column":1}},"line":6},"1":{"name":"showToast","decl":{"start":{"line":14,"column":16},"end":{"line":14,"column":25}},"loc":{"start":{"line":14,"column":67},"end":{"line":25,"column":1}},"line":14},"2":{"name":"(anonymous_2)","decl":{"start":{"line":21,"column":15},"end":{"line":21,"column":16}},"loc":{"start":{"line":21,"column":21},"end":{"line":24,"column":5}},"line":21},"3":{"name":"(anonymous_3)","decl":{"start":{"line":23,"column":19},"end":{"line":23,"column":20}},"loc":{"start":{"line":23,"column":25},"end":{"line":23,"column":39}},"line":23},"4":{"name":"switchTab","decl":{"start":{"line":27,"column":16},"end":{"line":27,"column":25}},"loc":{"start":{"line":27,"column":35},"end":{"line":56,"column":1}},"line":27},"5":{"name":"(anonymous_5)","decl":{"start":{"line":29,"column":54},"end":{"line":29,"column":55}},"loc":{"start":{"line":29,"column":59},"end":{"line":29,"column":87}},"line":29},"6":{"name":"(anonymous_6)","decl":{"start":{"line":30,"column":51},"end":{"line":30,"column":52}},"loc":{"start":{"line":30,"column":56},"end":{"line":30,"column":84}},"line":30},"7":{"name":"updateActiveClassBadge","decl":{"start":{"line":83,"column":16},"end":{"line":83,"column":38}},"loc":{"start":{"line":83,"column":41},"end":{"line":85,"column":1}},"line":83},"8":{"name":"showOnboarding","decl":{"start":{"line":87,"column":16},"end":{"line":87,"column":30}},"loc":{"start":{"line":87,"column":33},"end":{"line":103,"column":1}},"line":87},"9":{"name":"(anonymous_9)","decl":{"start":{"line":96,"column":33},"end":{"line":96,"column":34}},"loc":{"start":{"line":96,"column":57},"end":{"line":101,"column":9}},"line":96},"10":{"name":"hideOnboarding","decl":{"start":{"line":105,"column":16},"end":{"line":105,"column":30}},"loc":{"start":{"line":105,"column":33},"end":{"line":107,"column":1}},"line":105},"11":{"name":"showOnboardingBanner","decl":{"start":{"line":109,"column":16},"end":{"line":109,"column":36}},"loc":{"start":{"line":109,"column":39},"end":{"line":114,"column":1}},"line":109},"12":{"name":"hideOnboardingBanner","decl":{"start":{"line":116,"column":16},"end":{"line":116,"column":36}},"loc":{"start":{"line":116,"column":39},"end":{"line":121,"column":1}},"line":116},"13":{"name":"disableMenuItems","decl":{"start":{"line":123,"column":16},"end":{"line":123,"column":32}},"loc":{"start":{"line":123,"column":70},"end":{"line":133,"column":1}},"line":123},"14":{"name":"(anonymous_14)","decl":{"start":{"line":125,"column":61},"end":{"line":125,"column":62}},"loc":{"start":{"line":125,"column":71},"end":{"line":132,"column":5}},"line":125},"15":{"name":"enableAllMenuItems","decl":{"start":{"line":135,"column":16},"end":{"line":135,"column":34}},"loc":{"start":{"line":135,"column":37},"end":{"line":142,"column":1}},"line":135},"16":{"name":"(anonymous_16)","decl":{"start":{"line":137,"column":61},"end":{"line":137,"column":62}},"loc":{"start":{"line":137,"column":71},"end":{"line":141,"column":5}},"line":137},"17":{"name":"renderTemplate","decl":{"start":{"line":144,"column":16},"end":{"line":144,"column":30}},"loc":{"start":{"line":144,"column":62},"end":{"line":160,"column":1}},"line":144},"18":{"name":"(anonymous_18)","decl":{"start":{"line":149,"column":21},"end":{"line":149,"column":22}},"loc":{"start":{"line":149,"column":29},"end":{"line":153,"column":9}},"line":149},"19":{"name":"(anonymous_19)","decl":{"start":{"line":150,"column":55},"end":{"line":150,"column":56}},"loc":{"start":{"line":150,"column":71},"end":{"line":152,"column":13}},"line":150},"20":{"name":"(anonymous_20)","decl":{"start":{"line":155,"column":50},"end":{"line":155,"column":51}},"loc":{"start":{"line":155,"column":66},"end":{"line":157,"column":9}},"line":155},"21":{"name":"renderChatMessages","decl":{"start":{"line":162,"column":16},"end":{"line":162,"column":34}},"loc":{"start":{"line":162,"column":37},"end":{"line":178,"column":1}},"line":162},"22":{"name":"(anonymous_22)","decl":{"start":{"line":171,"column":57},"end":{"line":171,"column":58}},"loc":{"start":{"line":171,"column":64},"end":{"line":174,"column":5}},"line":171}},"branchMap":{"0":{"loc":{"start":{"line":7,"column":4},"end":{"line":11,"column":5}},"type":"if","locations":[{"start":{"line":7,"column":4},"end":{"line":11,"column":5}},{"start":{},"end":{}}],"line":7},"1":{"loc":{"start":{"line":14,"column":35},"end":{"line":14,"column":48}},"type":"default-arg","locations":[{"start":{"line":14,"column":42},"end":{"line":14,"column":48}}],"line":14},"2":{"loc":{"start":{"line":14,"column":50},"end":{"line":14,"column":65}},"type":"default-arg","locations":[{"start":{"line":14,"column":61},"end":{"line":14,"column":65}}],"line":14},"3":{"loc":{"start":{"line":16,"column":4},"end":{"line":16,"column":27}},"type":"if","locations":[{"start":{"line":16,"column":4},"end":{"line":16,"column":27}},{"start":{},"end":{}}],"line":16},"4":{"loc":{"start":{"line":28,"column":4},"end":{"line":28,"column":25}},"type":"if","locations":[{"start":{"line":28,"column":4},"end":{"line":28,"column":25}},{"start":{},"end":{}}],"line":28},"5":{"loc":{"start":{"line":33,"column":4},"end":{"line":33,"column":49}},"type":"if","locations":[{"start":{"line":33,"column":4},"end":{"line":33,"column":49}},{"start":{},"end":{}}],"line":33},"6":{"loc":{"start":{"line":36,"column":4},"end":{"line":38,"column":5}},"type":"if","locations":[{"start":{"line":36,"column":4},"end":{"line":38,"column":5}},{"start":{},"end":{}}],"line":36},"7":{"loc":{"start":{"line":41,"column":4},"end":{"line":43,"column":5}},"type":"if","locations":[{"start":{"line":41,"column":4},"end":{"line":43,"column":5}},{"start":{},"end":{}}],"line":41},"8":{"loc":{"start":{"line":41,"column":8},"end":{"line":41,"column":104}},"type":"binary-expr","locations":[{"start":{"line":41,"column":8},"end":{"line":41,"column":31}},{"start":{"line":41,"column":35},"end":{"line":41,"column":104}}],"line":41},"9":{"loc":{"start":{"line":46,"column":4},"end":{"line":48,"column":5}},"type":"if","locations":[{"start":{"line":46,"column":4},"end":{"line":48,"column":5}},{"start":{},"end":{}}],"line":46},"10":{"loc":{"start":{"line":51,"column":4},"end":{"line":55,"column":5}},"type":"if","locations":[{"start":{"line":51,"column":4},"end":{"line":55,"column":5}},{"start":{"line":53,"column":11},"end":{"line":55,"column":5}}],"line":51},"11":{"loc":{"start":{"line":89,"column":4},"end":{"line":102,"column":5}},"type":"if","locations":[{"start":{"line":89,"column":4},"end":{"line":102,"column":5}},{"start":{"line":93,"column":11},"end":{"line":102,"column":5}}],"line":89},"12":{"loc":{"start":{"line":98,"column":12},"end":{"line":100,"column":13}},"type":"if","locations":[{"start":{"line":98,"column":12},"end":{"line":100,"column":13}},{"start":{},"end":{}}],"line":98},"13":{"loc":{"start":{"line":98,"column":16},"end":{"line":98,"column":78}},"type":"binary-expr","locations":[{"start":{"line":98,"column":16},"end":{"line":98,"column":26}},{"start":{"line":98,"column":30},"end":{"line":98,"column":78}}],"line":98},"14":{"loc":{"start":{"line":111,"column":4},"end":{"line":113,"column":5}},"type":"if","locations":[{"start":{"line":111,"column":4},"end":{"line":113,"column":5}},{"start":{},"end":{}}],"line":111},"15":{"loc":{"start":{"line":118,"column":4},"end":{"line":120,"column":5}},"type":"if","locations":[{"start":{"line":118,"column":4},"end":{"line":120,"column":5}},{"start":{},"end":{}}],"line":118},"16":{"loc":{"start":{"line":123,"column":33},"end":{"line":123,"column":68}},"type":"default-arg","locations":[{"start":{"line":123,"column":48},"end":{"line":123,"column":68}}],"line":123},"17":{"loc":{"start":{"line":127,"column":8},"end":{"line":131,"column":9}},"type":"if","locations":[{"start":{"line":127,"column":8},"end":{"line":131,"column":9}},{"start":{},"end":{}}],"line":127},"18":{"loc":{"start":{"line":140,"column":37},"end":{"line":140,"column":90}},"type":"binary-expr","locations":[{"start":{"line":140,"column":37},"end":{"line":140,"column":84}},{"start":{"line":140,"column":88},"end":{"line":140,"column":90}}],"line":140},"19":{"loc":{"start":{"line":148,"column":4},"end":{"line":158,"column":5}},"type":"if","locations":[{"start":{"line":148,"column":4},"end":{"line":158,"column":5}},{"start":{"line":154,"column":11},"end":{"line":158,"column":5}}],"line":148},"20":{"loc":{"start":{"line":151,"column":23},"end":{"line":151,"column":45}},"type":"binary-expr","locations":[{"start":{"line":151,"column":23},"end":{"line":151,"column":39}},{"start":{"line":151,"column":43},"end":{"line":151,"column":45}}],"line":151},"21":{"loc":{"start":{"line":156,"column":19},"end":{"line":156,"column":41}},"type":"binary-expr","locations":[{"start":{"line":156,"column":19},"end":{"line":156,"column":35}},{"start":{"line":156,"column":39},"end":{"line":156,"column":41}}],"line":156},"22":{"loc":{"start":{"line":164,"column":4},"end":{"line":164,"column":35}},"type":"if","locations":[{"start":{"line":164,"column":4},"end":{"line":164,"column":35}},{"start":{},"end":{}}],"line":164},"23":{"loc":{"start":{"line":166,"column":4},"end":{"line":169,"column":5}},"type":"if","locations":[{"start":{"line":166,"column":4},"end":{"line":169,"column":5}},{"start":{},"end":{}}],"line":166},"24":{"loc":{"start":{"line":172,"column":26},"end":{"line":172,"column":89}},"type":"cond-expr","locations":[{"start":{"line":172,"column":50},"end":{"line":172,"column":69}},{"start":{"line":172,"column":72},"end":{"line":172,"column":89}}],"line":172},"25":{"loc":{"start":{"line":173,"column":52},"end":{"line":173,"column":87}},"type":"cond-expr","locations":[{"start":{"line":173,"column":76},"end":{"line":173,"column":80}},{"start":{"line":173,"column":83},"end":{"line":173,"column":87}}],"line":173}},"s":{"0":0,"1":0,"2":0,"3":0,"4":0,"5":0,"6":0,"7":0,"8":0,"9":0,"10":0,"11":0,"12":0,"13":0,"14":0,"15":0,"16":0,"17":0,"18":0,"19":0,"20":0,"21":0,"22":0,"23":0,"24":0,"25":0,"26":0,"27":0,"28":0,"29":0,"30":0,"31":0,"32":0,"33":0,"34":0,"35":0,"36":0,"37":0,"38":0,"39":0,"40":0,"41":0,"42":0,"43":0,"44":0,"45":0,"46":0,"47":0,"48":0,"49":0,"50":0,"51":0,"52":0,"53":0,"54":0,"55":0,"56":0,"57":0,"58":0,"59":0,"60":0,"61":0,"62":0,"63":0,"64":0,"65":0,"66":0,"67":0,"68":0,"69":0,"70":0,"71":0,"72":0,"73":0,"74":0,"75":0,"76":0,"77":0,"78":0,"79":0,"80":0},"f":{"0":0,"1":0,"2":0,"3":0,"4":0,"5":0,"6":0,"7":0,"8":0,"9":0,"10":0,"11":0,"12":0,"13":0,"14":0,"15":0,"16":0,"17":0,"18":0,"19":0,"20":0,"21":0,"22":0},"b":{"0":[0,0],"1":[0],"2":[0],"3":[0,0],"4":[0,0],"5":[0,0],"6":[0,0],"7":[0,0],"8":[0,0],"9":[0,0],"10":[0,0],"11":[0,0],"12":[0,0],"13":[0,0],"14":[0,0],"15":[0,0],"16":[0],"17":[0,0],"18":[0,0],"19":[0,0],"20":[0,0],"21":[0,0],"22":[0,0],"23":[0,0],"24":[0,0],"25":[0,0]},"inputSourceMap":null}
}
