TN:
SF:js/agenda.js
FN:9,generateEventId
FN:19,getEventsInRange
FN:20,(anonymous_2)
FN:23,(anonymous_3)
FN:31,getEventsForDate
FN:33,(anonymous_5)
FN:36,(anonymous_6)
FN:44,createEvent
FN:70,updateEvent
FN:71,(anonymous_9)
FN:93,deleteEvent
FN:94,(anonymous_11)
FN:111,getEventById
FN:112,(anonymous_13)
FN:120,getEventTypeInfo
FN:139,generateSmartSuggestions
FN:152,(anonymous_16)
FN:166,(anonymous_17)
FN:187,(anonymous_18)
FN:199,(anonymous_19)
FN:219,linkEventToSchedule
FN:241,createEventFromScheduleSlot
FN:242,(anonymous_22)
FN:269,getRecurringEventSuggestions
FN:274,(anonymous_24)
FN:276,(anonymous_25)
FNF:26
FNH:0
FNDA:0,generateEventId
FNDA:0,getEventsInRange
FNDA:0,(anonymous_2)
FNDA:0,(anonymous_3)
FNDA:0,getEventsForDate
FNDA:0,(anonymous_5)
FNDA:0,(anonymous_6)
FNDA:0,createEvent
FNDA:0,updateEvent
FNDA:0,(anonymous_9)
FNDA:0,deleteEvent
FNDA:0,(anonymous_11)
FNDA:0,getEventById
FNDA:0,(anonymous_13)
FNDA:0,getEventTypeInfo
FNDA:0,generateSmartSuggestions
FNDA:0,(anonymous_16)
FNDA:0,(anonymous_17)
FNDA:0,(anonymous_18)
FNDA:0,(anonymous_19)
FNDA:0,linkEventToSchedule
FNDA:0,createEventFromScheduleSlot
FNDA:0,(anonymous_22)
FNDA:0,getRecurringEventSuggestions
FNDA:0,(anonymous_24)
FNDA:0,(anonymous_25)
DA:10,0
DA:20,0
DA:21,0
DA:22,0
DA:23,0
DA:32,0
DA:33,0
DA:34,0
DA:35,0
DA:36,0
DA:45,0
DA:58,0
DA:59,0
DA:61,0
DA:71,0
DA:73,0
DA:74,0
DA:77,0
DA:83,0
DA:85,0
DA:94,0
DA:96,0
DA:97,0
DA:100,0
DA:101,0
DA:103,0
DA:112,0
DA:121,0
DA:132,0
DA:140,0
DA:141,0
DA:142,0
DA:144,0
DA:145,0
DA:147,0
DA:148,0
DA:151,0
DA:152,0
DA:154,0
DA:155,0
DA:165,0
DA:166,0
DA:168,0
DA:169,0
DA:176,0
DA:177,0
DA:187,0
DA:188,0
DA:189,0
DA:199,0
DA:200,0
DA:201,0
DA:210,0
DA:220,0
DA:221,0
DA:222,0
DA:226,0
DA:231,0
DA:242,0
DA:243,0
DA:245,0
DA:246,0
DA:247,0
DA:249,0
DA:250,0
DA:252,0
DA:262,0
DA:270,0
DA:271,0
DA:274,0
DA:275,0
DA:276,0
DA:277,0
DA:278,0
DA:288,0
LF:75
LH:0
BRDA:22,0,0,0
BRDA:22,0,1,0
BRDA:50,1,0,0
BRDA:50,1,1,0
BRDA:51,2,0,0
BRDA:51,2,1,0
BRDA:52,3,0,0
BRDA:52,3,1,0
BRDA:53,4,0,0
BRDA:53,4,1,0
BRDA:73,5,0,0
BRDA:73,5,1,0
BRDA:96,6,0,0
BRDA:96,6,1,0
BRDA:112,7,0,0
BRDA:112,7,1,0
BRDA:132,8,0,0
BRDA:132,8,1,0
BRDA:154,9,0,0
BRDA:154,9,1,0
BRDA:168,10,0,0
BRDA:168,10,1,0
BRDA:168,11,0,0
BRDA:168,11,1,0
BRDA:176,12,0,0
BRDA:176,12,1,0
BRDA:188,13,0,0
BRDA:188,13,1,0
BRDA:199,14,0,0
BRDA:199,14,1,0
BRDA:200,15,0,0
BRDA:200,15,1,0
BRDA:221,16,0,0
BRDA:221,16,1,0
BRDA:243,17,0,0
BRDA:243,17,1,0
BRDA:257,18,0,0
BRDA:257,18,1,0
BRDA:271,19,0,0
BRDA:271,19,1,0
BRDA:275,20,0,0
BRDA:275,20,1,0
BRDA:277,21,0,0
BRDA:277,21,1,0
BRF:44
BRH:0
end_of_record
TN:
SF:js/ai-agent.js
FN:83,initAIAgentFAB
FN:108,loadFABPosition
FN:135,saveFABPosition
FN:143,resetFABPosition
FN:161,toggleFABVisibility
FN:177,setupFABDragAndDrop
FN:191,startDrag
FN:205,startDragTouch
FN:220,drag
FN:246,dragTouch
FN:273,endDrag
FN:285,endDragTouch
FN:301,openAIAgentModal
FN:327,closeAIAgentModal
FN:336,getCurrentSection
FN:356,updateContextInfo
FN:367,loadContextualSuggestions
FN:378,(anonymous_17)
FN:382,(anonymous_18)
FN:391,handleSuggestionClick
FN:412,generateMockResponse
FN:431,clearAIOutput
FN:446,setupModalEventListeners
FN:456,(anonymous_23)
FN:469,handleUserPromptSubmit
FN:515,parseUserRequest
FN:530,addSettingsSuggestions
FNF:27
FNH:0
FNDA:0,initAIAgentFAB
FNDA:0,loadFABPosition
FNDA:0,saveFABPosition
FNDA:0,resetFABPosition
FNDA:0,toggleFABVisibility
FNDA:0,setupFABDragAndDrop
FNDA:0,startDrag
FNDA:0,startDragTouch
FNDA:0,drag
FNDA:0,dragTouch
FNDA:0,endDrag
FNDA:0,endDragTouch
FNDA:0,openAIAgentModal
FNDA:0,closeAIAgentModal
FNDA:0,getCurrentSection
FNDA:0,updateContextInfo
FNDA:0,loadContextualSuggestions
FNDA:0,(anonymous_17)
FNDA:0,(anonymous_18)
FNDA:0,handleSuggestionClick
FNDA:0,generateMockResponse
FNDA:0,clearAIOutput
FNDA:0,setupModalEventListeners
FNDA:0,(anonymous_23)
FNDA:0,handleUserPromptSubmit
FNDA:0,parseUserRequest
FNDA:0,addSettingsSuggestions
DA:9,0
DA:13,0
DA:67,0
DA:84,0
DA:85,0
DA:88,0
DA:91,0
DA:92,0
DA:93,0
DA:97,0
DA:100,0
DA:102,0
DA:109,0
DA:110,0
DA:112,0
DA:113,0
DA:114,0
DA:115,0
DA:117,0
DA:118,0
DA:119,0
DA:121,0
DA:122,0
DA:123,0
DA:126,0
DA:127,0
DA:136,0
DA:137,0
DA:144,0
DA:145,0
DA:147,0
DA:148,0
DA:149,0
DA:150,0
DA:153,0
DA:155,0
DA:162,0
DA:163,0
DA:165,0
DA:166,0
DA:167,0
DA:169,0
DA:170,0
DA:178,0
DA:182,0
DA:183,0
DA:184,0
DA:187,0
DA:188,0
DA:189,0
DA:192,0
DA:193,0
DA:194,0
DA:196,0
DA:197,0
DA:198,0
DA:199,0
DA:200,0
DA:202,0
DA:206,0
DA:207,0
DA:208,0
DA:210,0
DA:211,0
DA:212,0
DA:213,0
DA:214,0
DA:215,0
DA:217,0
DA:221,0
DA:223,0
DA:224,0
DA:226,0
DA:227,0
DA:230,0
DA:231,0
DA:232,0
DA:233,0
DA:235,0
DA:236,0
DA:238,0
DA:239,0
DA:240,0
DA:241,0
DA:243,0
DA:247,0
DA:249,0
DA:250,0
DA:251,0
DA:253,0
DA:254,0
DA:257,0
DA:258,0
DA:259,0
DA:260,0
DA:262,0
DA:263,0
DA:265,0
DA:266,0
DA:267,0
DA:268,0
DA:270,0
DA:274,0
DA:275,0
DA:276,0
DA:279,0
DA:280,0
DA:282,0
DA:286,0
DA:287,0
DA:288,0
DA:291,0
DA:292,0
DA:294,0
DA:302,0
DA:303,0
DA:306,0
DA:309,0
DA:312,0
DA:315,0
DA:318,0
DA:321,0
DA:328,0
DA:329,0
DA:330,0
DA:338,0
DA:339,0
DA:343,0
DA:344,0
DA:345,0
DA:346,0
DA:350,0
DA:357,0
DA:358,0
DA:359,0
DA:360,0
DA:368,0
DA:369,0
DA:372,0
DA:375,0
DA:378,0
DA:379,0
DA:380,0
DA:381,0
DA:382,0
DA:383,0
DA:392,0
DA:393,0
DA:395,0
DA:398,0
DA:402,0
DA:403,0
DA:405,0
DA:413,0
DA:432,0
DA:433,0
DA:435,0
DA:436,0
DA:438,0
DA:439,0
DA:447,0
DA:448,0
DA:450,0
DA:451,0
DA:452,0
DA:455,0
DA:456,0
DA:457,0
DA:458,0
DA:461,0
DA:470,0
DA:471,0
DA:472,0
DA:474,0
DA:476,0
DA:477,0
DA:478,0
DA:479,0
DA:483,0
DA:487,0
DA:503,0
DA:506,0
DA:508,0
DA:518,0
LF:184
LH:0
BRDA:85,0,0,0
BRDA:85,0,1,0
BRDA:92,1,0,0
BRDA:92,1,1,0
BRDA:110,2,0,0
BRDA:110,2,1,0
BRDA:113,3,0,0
BRDA:113,3,1,0
BRDA:117,4,0,0
BRDA:117,4,1,0
BRDA:121,5,0,0
BRDA:121,5,1,0
BRDA:145,6,0,0
BRDA:145,6,1,0
BRDA:163,7,0,0
BRDA:163,7,1,0
BRDA:165,8,0,0
BRDA:165,8,1,0
BRDA:192,9,0,0
BRDA:192,9,1,0
BRDA:206,10,0,0
BRDA:206,10,1,0
BRDA:221,11,0,0
BRDA:221,11,1,0
BRDA:247,12,0,0
BRDA:247,12,1,0
BRDA:247,13,0,0
BRDA:247,13,1,0
BRDA:274,14,0,0
BRDA:274,14,1,0
BRDA:286,15,0,0
BRDA:286,15,1,0
BRDA:303,16,0,0
BRDA:303,16,1,0
BRDA:329,17,0,0
BRDA:329,17,1,0
BRDA:338,18,0,0
BRDA:338,18,1,0
BRDA:338,19,0,0
BRDA:338,19,1,0
BRDA:345,20,0,0
BRDA:345,20,1,0
BRDA:345,21,0,0
BRDA:345,21,1,0
BRDA:358,22,0,0
BRDA:358,22,1,0
BRDA:359,23,0,0
BRDA:359,23,1,0
BRDA:369,24,0,0
BRDA:369,24,1,0
BRDA:372,25,0,0
BRDA:372,25,1,0
BRDA:395,26,0,0
BRDA:395,26,1,0
BRDA:395,27,0,0
BRDA:395,27,1,0
BRDA:435,28,0,0
BRDA:435,28,1,0
BRDA:438,29,0,0
BRDA:438,29,1,0
BRDA:450,30,0,0
BRDA:450,30,1,0
BRDA:450,31,0,0
BRDA:450,31,1,0
BRDA:455,32,0,0
BRDA:455,32,1,0
BRDA:455,33,0,0
BRDA:455,33,1,0
BRDA:457,34,0,0
BRDA:457,34,1,0
BRDA:457,35,0,0
BRDA:457,35,1,0
BRDA:474,36,0,0
BRDA:474,36,1,0
BRDA:474,37,0,0
BRDA:474,37,1,0
BRDA:474,37,2,0
BRDA:477,38,0,0
BRDA:477,38,1,0
BRF:79
BRH:0
end_of_record
TN:
SF:js/ai.js
FN:7,sendMessageToAI
FN:17,(anonymous_1)
FN:20,getAIResponse
FNF:3
FNH:0
FNDA:0,sendMessageToAI
FNDA:0,(anonymous_1)
FNDA:0,getAIResponse
DA:8,0
DA:9,0
DA:10,0
DA:11,0
DA:13,0
DA:14,0
DA:15,0
DA:17,0
DA:21,0
DA:22,0
DA:24,0
DA:25,0
DA:26,0
DA:27,0
DA:28,0
DA:29,0
DA:30,0
DA:31,0
DA:34,0
DA:35,0
DA:36,0
LF:21
LH:0
BRDA:9,0,0,0
BRDA:9,0,1,0
BRDA:11,1,0,0
BRDA:11,1,1,0
BRDA:24,2,0,0
BRDA:24,2,1,0
BRDA:24,3,0,0
BRDA:24,3,1,0
BRDA:26,4,0,0
BRDA:26,4,1,0
BRDA:26,5,0,0
BRDA:26,5,1,0
BRDA:27,6,0,0
BRDA:27,6,1,0
BRF:14
BRH:0
end_of_record
TN:
SF:js/appbar.js
FN:11,initAppBarScrollBehavior
FN:19,(anonymous_1)
FN:42,(anonymous_2)
FN:44,(anonymous_3)
FN:81,initAppBar
FNF:5
FNH:0
FNDA:0,initAppBarScrollBehavior
FNDA:0,(anonymous_1)
FNDA:0,(anonymous_2)
FNDA:0,(anonymous_3)
FNDA:0,initAppBar
DA:4,0
DA:5,0
DA:12,0
DA:13,0
DA:14,0
DA:15,0
DA:19,0
DA:20,0
DA:23,0
DA:24,0
DA:25,0
DA:26,0
DA:30,0
DA:32,0
DA:33,0
DA:35,0
DA:38,0
DA:42,0
DA:43,0
DA:44,0
DA:45,0
DA:46,0
DA:48,0
DA:52,0
DA:82,0
LF:25
LH:0
BRDA:13,0,0,0
BRDA:13,0,1,0
BRDA:23,1,0,0
BRDA:23,1,1,0
BRDA:30,2,0,0
BRDA:30,2,1,0
BRDA:30,3,0,0
BRDA:30,3,1,0
BRDA:33,4,0,0
BRDA:33,4,1,0
BRDA:43,5,0,0
BRDA:43,5,1,0
BRF:12
BRH:0
end_of_record
TN:
SF:js/crud.js
FN:11,showModal
FN:24,hideModal
FN:37,createModal
FN:40,(anonymous_3)
FN:49,(anonymous_4)
FN:91,getFormData
FN:104,createClass
FN:130,editClass
FN:131,(anonymous_8)
FN:144,(anonymous_9)
FN:155,updateClass
FN:158,(anonymous_11)
FN:177,deleteClass
FN:178,(anonymous_13)
FN:185,(anonymous_14)
FN:197,(anonymous_15)
FN:200,(anonymous_16)
FN:221,createStudent
FN:250,editStudent
FN:251,(anonymous_19)
FN:270,(anonymous_20)
FN:281,updateStudent
FN:284,(anonymous_22)
FN:306,deleteStudent
FN:307,(anonymous_24)
FN:318,(anonymous_25)
FN:321,(anonymous_26)
FN:333,createLesson
FN:362,editLesson
FN:363,(anonymous_29)
FN:383,(anonymous_30)
FN:394,updateLesson
FN:397,(anonymous_32)
FN:419,deleteLesson
FN:420,(anonymous_34)
FN:430,(anonymous_35)
FN:441,createActivity
FN:470,editActivity
FN:471,(anonymous_38)
FN:490,(anonymous_39)
FN:501,updateActivity
FN:504,(anonymous_41)
FN:526,deleteActivity
FN:527,(anonymous_43)
FN:534,(anonymous_44)
FN:545,(anonymous_45)
FN:546,(anonymous_46)
FN:558,createEvaluation
FN:586,editEvaluation
FN:587,(anonymous_49)
FN:606,(anonymous_50)
FN:617,updateEvaluation
FN:620,(anonymous_52)
FN:641,deleteEvaluation
FN:642,(anonymous_54)
FN:652,(anonymous_55)
FN:663,exportStudentsCSV
FN:674,(anonymous_57)
FN:675,(anonymous_58)
FN:689,(anonymous_59)
FN:690,(anonymous_60)
FN:706,importStudentsCSV
FN:713,(anonymous_62)
FN:724,(anonymous_63)
FN:729,(anonymous_64)
FN:731,(anonymous_65)
FN:750,processCSVData
FN:754,(anonymous_67)
FN:763,(anonymous_68)
FN:777,(anonymous_69)
FN:798,(anonymous_70)
FNF:71
FNH:0
FNDA:0,showModal
FNDA:0,hideModal
FNDA:0,createModal
FNDA:0,(anonymous_3)
FNDA:0,(anonymous_4)
FNDA:0,getFormData
FNDA:0,createClass
FNDA:0,editClass
FNDA:0,(anonymous_8)
FNDA:0,(anonymous_9)
FNDA:0,updateClass
FNDA:0,(anonymous_11)
FNDA:0,deleteClass
FNDA:0,(anonymous_13)
FNDA:0,(anonymous_14)
FNDA:0,(anonymous_15)
FNDA:0,(anonymous_16)
FNDA:0,createStudent
FNDA:0,editStudent
FNDA:0,(anonymous_19)
FNDA:0,(anonymous_20)
FNDA:0,updateStudent
FNDA:0,(anonymous_22)
FNDA:0,deleteStudent
FNDA:0,(anonymous_24)
FNDA:0,(anonymous_25)
FNDA:0,(anonymous_26)
FNDA:0,createLesson
FNDA:0,editLesson
FNDA:0,(anonymous_29)
FNDA:0,(anonymous_30)
FNDA:0,updateLesson
FNDA:0,(anonymous_32)
FNDA:0,deleteLesson
FNDA:0,(anonymous_34)
FNDA:0,(anonymous_35)
FNDA:0,createActivity
FNDA:0,editActivity
FNDA:0,(anonymous_38)
FNDA:0,(anonymous_39)
FNDA:0,updateActivity
FNDA:0,(anonymous_41)
FNDA:0,deleteActivity
FNDA:0,(anonymous_43)
FNDA:0,(anonymous_44)
FNDA:0,(anonymous_45)
FNDA:0,(anonymous_46)
FNDA:0,createEvaluation
FNDA:0,editEvaluation
FNDA:0,(anonymous_49)
FNDA:0,(anonymous_50)
FNDA:0,updateEvaluation
FNDA:0,(anonymous_52)
FNDA:0,deleteEvaluation
FNDA:0,(anonymous_54)
FNDA:0,(anonymous_55)
FNDA:0,exportStudentsCSV
FNDA:0,(anonymous_57)
FNDA:0,(anonymous_58)
FNDA:0,(anonymous_59)
FNDA:0,(anonymous_60)
FNDA:0,importStudentsCSV
FNDA:0,(anonymous_62)
FNDA:0,(anonymous_63)
FNDA:0,(anonymous_64)
FNDA:0,(anonymous_65)
FNDA:0,processCSVData
FNDA:0,(anonymous_67)
FNDA:0,(anonymous_68)
FNDA:0,(anonymous_69)
FNDA:0,(anonymous_70)
DA:12,0
DA:13,0
DA:14,0
DA:16,0
DA:25,0
DA:26,0
DA:27,0
DA:28,0
DA:38,0
DA:40,0
DA:41,0
DA:43,0
DA:44,0
DA:49,0
DA:53,0
DA:54,0
DA:61,0
DA:70,0
DA:92,0
DA:93,0
DA:94,0
DA:95,0
DA:96,0
DA:98,0
DA:105,0
DA:107,0
DA:108,0
DA:109,0
DA:112,0
DA:119,0
DA:120,0
DA:122,0
DA:123,0
DA:124,0
DA:131,0
DA:132,0
DA:133,0
DA:134,0
DA:138,0
DA:139,0
DA:140,0
DA:143,0
DA:144,0
DA:145,0
DA:146,0
DA:149,0
DA:156,0
DA:158,0
DA:159,0
DA:160,0
DA:161,0
DA:164,0
DA:165,0
DA:166,0
DA:168,0
DA:169,0
DA:170,0
DA:171,0
DA:178,0
DA:179,0
DA:180,0
DA:181,0
DA:185,0
DA:187,0
DA:188,0
DA:189,0
DA:192,0
DA:193,0
DA:197,0
DA:200,0
DA:201,0
DA:202,0
DA:207,0
DA:208,0
DA:211,0
DA:212,0
DA:213,0
DA:222,0
DA:224,0
DA:225,0
DA:226,0
DA:229,0
DA:239,0
DA:240,0
DA:242,0
DA:243,0
DA:244,0
DA:251,0
DA:252,0
DA:253,0
DA:254,0
DA:258,0
DA:261,0
DA:262,0
DA:263,0
DA:264,0
DA:265,0
DA:266,0
DA:269,0
DA:270,0
DA:271,0
DA:272,0
DA:275,0
DA:282,0
DA:284,0
DA:285,0
DA:286,0
DA:287,0
DA:290,0
DA:291,0
DA:292,0
DA:293,0
DA:294,0
DA:295,0
DA:297,0
DA:298,0
DA:299,0
DA:300,0
DA:307,0
DA:308,0
DA:309,0
DA:310,0
DA:313,0
DA:314,0
DA:318,0
DA:321,0
DA:323,0
DA:324,0
DA:325,0
DA:334,0
DA:336,0
DA:337,0
DA:338,0
DA:341,0
DA:351,0
DA:352,0
DA:354,0
DA:355,0
DA:356,0
DA:363,0
DA:364,0
DA:365,0
DA:366,0
DA:370,0
DA:371,0
DA:374,0
DA:375,0
DA:376,0
DA:377,0
DA:378,0
DA:379,0
DA:382,0
DA:383,0
DA:384,0
DA:385,0
DA:388,0
DA:395,0
DA:397,0
DA:398,0
DA:399,0
DA:400,0
DA:403,0
DA:404,0
DA:405,0
DA:406,0
DA:407,0
DA:408,0
DA:410,0
DA:411,0
DA:412,0
DA:413,0
DA:420,0
DA:421,0
DA:422,0
DA:423,0
DA:426,0
DA:427,0
DA:430,0
DA:431,0
DA:432,0
DA:433,0
DA:442,0
DA:444,0
DA:445,0
DA:446,0
DA:449,0
DA:459,0
DA:460,0
DA:462,0
DA:463,0
DA:464,0
DA:471,0
DA:472,0
DA:473,0
DA:474,0
DA:478,0
DA:481,0
DA:482,0
DA:483,0
DA:484,0
DA:485,0
DA:486,0
DA:489,0
DA:490,0
DA:491,0
DA:492,0
DA:495,0
DA:502,0
DA:504,0
DA:505,0
DA:506,0
DA:507,0
DA:510,0
DA:511,0
DA:512,0
DA:513,0
DA:514,0
DA:515,0
DA:517,0
DA:518,0
DA:519,0
DA:520,0
DA:527,0
DA:528,0
DA:529,0
DA:530,0
DA:534,0
DA:536,0
DA:537,0
DA:538,0
DA:541,0
DA:542,0
DA:545,0
DA:546,0
DA:548,0
DA:549,0
DA:550,0
DA:559,0
DA:561,0
DA:562,0
DA:563,0
DA:566,0
DA:575,0
DA:576,0
DA:578,0
DA:579,0
DA:580,0
DA:587,0
DA:588,0
DA:589,0
DA:590,0
DA:594,0
DA:595,0
DA:598,0
DA:599,0
DA:600,0
DA:601,0
DA:602,0
DA:605,0
DA:606,0
DA:607,0
DA:608,0
DA:611,0
DA:618,0
DA:620,0
DA:621,0
DA:622,0
DA:623,0
DA:626,0
DA:627,0
DA:628,0
DA:629,0
DA:630,0
DA:632,0
DA:633,0
DA:634,0
DA:635,0
DA:642,0
DA:643,0
DA:644,0
DA:645,0
DA:648,0
DA:649,0
DA:652,0
DA:653,0
DA:654,0
DA:655,0
DA:664,0
DA:665,0
DA:666,0
DA:670,0
DA:671,0
DA:674,0
DA:675,0
DA:676,0
DA:678,0
DA:689,0
DA:690,0
DA:694,0
DA:695,0
DA:696,0
DA:697,0
DA:698,0
DA:700,0
DA:707,0
DA:708,0
DA:709,0
DA:712,0
DA:713,0
DA:714,0
DA:715,0
DA:718,0
DA:719,0
DA:720,0
DA:723,0
DA:724,0
DA:725,0
DA:727,0
DA:728,0
DA:729,0
DA:730,0
DA:731,0
DA:732,0
DA:734,0
DA:737,0
DA:740,0
DA:741,0
DA:744,0
DA:751,0
DA:752,0
DA:754,0
DA:755,0
DA:756,0
DA:758,0
DA:759,0
DA:763,0
DA:764,0
DA:768,0
DA:770,0
DA:771,0
DA:772,0
DA:775,0
DA:776,0
DA:777,0
DA:778,0
DA:779,0
DA:782,0
DA:785,0
DA:796,0
DA:797,0
DA:798,0
DA:799,0
DA:800,0
DA:804,0
DA:805,0
DA:809,0
DA:810,0
DA:811,0
LF:358
LH:0
BRDA:13,0,0,0
BRDA:13,0,1,0
BRDA:26,1,0,0
BRDA:26,1,1,0
BRDA:38,2,0,0
BRDA:38,3,0,0
BRDA:41,4,0,0
BRDA:41,5,0,0
BRDA:41,6,0,0
BRDA:41,7,0,0
BRDA:43,8,0,0
BRDA:43,8,1,0
BRDA:46,9,0,0
BRDA:46,9,1,0
BRDA:47,10,0,0
BRDA:47,10,1,0
BRDA:49,11,0,0
BRDA:49,11,1,0
BRDA:53,12,0,0
BRDA:53,12,1,0
BRDA:56,13,0,0
BRDA:56,13,1,0
BRDA:57,14,0,0
BRDA:57,14,1,0
BRDA:63,15,0,0
BRDA:63,15,1,0
BRDA:64,16,0,0
BRDA:64,16,1,0
BRDA:107,17,0,0
BRDA:107,17,1,0
BRDA:107,18,0,0
BRDA:107,18,1,0
BRDA:115,19,0,0
BRDA:115,19,1,0
BRDA:115,19,2,0
BRDA:116,20,0,0
BRDA:116,20,1,0
BRDA:132,21,0,0
BRDA:132,21,1,0
BRDA:140,22,0,0
BRDA:140,22,1,0
BRDA:159,23,0,0
BRDA:159,23,1,0
BRDA:165,24,0,0
BRDA:165,24,1,0
BRDA:166,25,0,0
BRDA:166,25,1,0
BRDA:179,26,0,0
BRDA:179,26,1,0
BRDA:188,27,0,0
BRDA:188,27,1,0
BRDA:192,28,0,0
BRDA:192,28,1,0
BRDA:201,29,0,0
BRDA:201,29,1,0
BRDA:207,30,0,0
BRDA:207,30,1,0
BRDA:224,31,0,0
BRDA:224,31,1,0
BRDA:224,32,0,0
BRDA:224,32,1,0
BRDA:224,32,2,0
BRDA:224,32,3,0
BRDA:233,33,0,0
BRDA:233,33,1,0
BRDA:234,34,0,0
BRDA:234,34,1,0
BRDA:235,35,0,0
BRDA:235,35,1,0
BRDA:236,36,0,0
BRDA:236,36,1,0
BRDA:252,37,0,0
BRDA:252,37,1,0
BRDA:263,38,0,0
BRDA:263,38,1,0
BRDA:264,39,0,0
BRDA:264,39,1,0
BRDA:265,40,0,0
BRDA:265,40,1,0
BRDA:266,41,0,0
BRDA:266,41,1,0
BRDA:285,42,0,0
BRDA:285,42,1,0
BRDA:292,43,0,0
BRDA:292,43,1,0
BRDA:293,44,0,0
BRDA:293,44,1,0
BRDA:294,45,0,0
BRDA:294,45,1,0
BRDA:295,46,0,0
BRDA:295,46,1,0
BRDA:308,47,0,0
BRDA:308,47,1,0
BRDA:313,48,0,0
BRDA:313,48,1,0
BRDA:336,49,0,0
BRDA:336,49,1,0
BRDA:336,50,0,0
BRDA:336,50,1,0
BRDA:336,50,2,0
BRDA:336,50,3,0
BRDA:345,51,0,0
BRDA:345,51,1,0
BRDA:347,52,0,0
BRDA:347,52,1,0
BRDA:348,53,0,0
BRDA:348,53,1,0
BRDA:364,54,0,0
BRDA:364,54,1,0
BRDA:376,55,0,0
BRDA:376,55,1,0
BRDA:378,56,0,0
BRDA:378,56,1,0
BRDA:379,57,0,0
BRDA:379,57,1,0
BRDA:398,58,0,0
BRDA:398,58,1,0
BRDA:405,59,0,0
BRDA:405,59,1,0
BRDA:407,60,0,0
BRDA:407,60,1,0
BRDA:408,61,0,0
BRDA:408,61,1,0
BRDA:421,62,0,0
BRDA:421,62,1,0
BRDA:426,63,0,0
BRDA:426,63,1,0
BRDA:444,64,0,0
BRDA:444,64,1,0
BRDA:444,65,0,0
BRDA:444,65,1,0
BRDA:444,65,2,0
BRDA:444,65,3,0
BRDA:453,66,0,0
BRDA:453,66,1,0
BRDA:455,67,0,0
BRDA:455,67,1,0
BRDA:456,68,0,0
BRDA:456,68,1,0
BRDA:472,69,0,0
BRDA:472,69,1,0
BRDA:483,70,0,0
BRDA:483,70,1,0
BRDA:486,71,0,0
BRDA:486,71,1,0
BRDA:505,72,0,0
BRDA:505,72,1,0
BRDA:512,73,0,0
BRDA:512,73,1,0
BRDA:515,74,0,0
BRDA:515,74,1,0
BRDA:528,75,0,0
BRDA:528,75,1,0
BRDA:537,76,0,0
BRDA:537,76,1,0
BRDA:541,77,0,0
BRDA:541,77,1,0
BRDA:561,78,0,0
BRDA:561,78,1,0
BRDA:561,79,0,0
BRDA:561,79,1,0
BRDA:570,80,0,0
BRDA:570,80,1,0
BRDA:571,81,0,0
BRDA:571,81,1,0
BRDA:572,82,0,0
BRDA:572,82,1,0
BRDA:588,83,0,0
BRDA:588,83,1,0
BRDA:600,84,0,0
BRDA:600,84,1,0
BRDA:601,85,0,0
BRDA:601,85,1,0
BRDA:621,86,0,0
BRDA:621,86,1,0
BRDA:628,87,0,0
BRDA:628,87,1,0
BRDA:629,88,0,0
BRDA:629,88,1,0
BRDA:643,89,0,0
BRDA:643,89,1,0
BRDA:648,90,0,0
BRDA:648,90,1,0
BRDA:664,91,0,0
BRDA:664,91,1,0
BRDA:676,92,0,0
BRDA:676,92,1,0
BRDA:681,93,0,0
BRDA:681,93,1,0
BRDA:683,94,0,0
BRDA:683,94,1,0
BRDA:684,95,0,0
BRDA:684,95,1,0
BRDA:707,96,0,0
BRDA:707,96,1,0
BRDA:718,97,0,0
BRDA:718,97,1,0
BRDA:728,98,0,0
BRDA:728,98,1,0
BRDA:732,99,0,0
BRDA:732,99,1,0
BRDA:755,100,0,0
BRDA:755,100,1,0
BRDA:755,100,2,0
BRDA:755,100,3,0
BRDA:756,101,0,0
BRDA:756,101,1,0
BRDA:756,101,2,0
BRDA:756,101,3,0
BRDA:758,102,0,0
BRDA:758,102,1,0
BRDA:758,103,0,0
BRDA:758,103,1,0
BRDA:764,104,0,0
BRDA:764,104,1,0
BRDA:768,105,0,0
BRDA:768,105,1,0
BRDA:770,106,0,0
BRDA:770,106,1,0
BRDA:770,106,2,0
BRDA:771,107,0,0
BRDA:771,107,1,0
BRDA:771,107,2,0
BRDA:771,107,3,0
BRDA:772,108,0,0
BRDA:772,108,1,0
BRDA:772,108,2,0
BRDA:772,108,3,0
BRDA:775,109,0,0
BRDA:775,109,1,0
BRDA:775,109,2,0
BRDA:775,109,3,0
BRDA:776,110,0,0
BRDA:776,110,1,0
BRDA:778,111,0,0
BRDA:778,111,1,0
BRDA:789,112,0,0
BRDA:789,112,1,0
BRDA:789,112,2,0
BRDA:790,113,0,0
BRDA:790,113,1,0
BRDA:790,113,2,0
BRDA:790,113,3,0
BRDA:791,114,0,0
BRDA:791,114,1,0
BRDA:791,114,2,0
BRDA:791,114,3,0
BRDA:796,115,0,0
BRDA:796,115,1,0
BRDA:796,115,2,0
BRDA:796,115,3,0
BRDA:797,116,0,0
BRDA:797,116,1,0
BRDA:799,117,0,0
BRDA:799,117,1,0
BRF:255
BRH:0
end_of_record
TN:
SF:js/dashboard.js
FN:13,(anonymous_0)
FN:31,(anonymous_1)
FN:41,(anonymous_2)
FN:46,(anonymous_3)
FN:51,(anonymous_4)
FN:68,(anonymous_5)
FN:72,(anonymous_6)
FN:80,(anonymous_7)
FN:91,(anonymous_8)
FN:100,(anonymous_9)
FN:110,(anonymous_10)
FN:125,(anonymous_11)
FN:128,(anonymous_12)
FN:141,(anonymous_13)
FN:145,(anonymous_14)
FN:154,(anonymous_15)
FN:157,(anonymous_16)
FN:196,(anonymous_17)
FN:198,(anonymous_18)
FN:205,(anonymous_19)
FN:212,(anonymous_20)
FN:219,(anonymous_21)
FN:227,(anonymous_22)
FN:242,(anonymous_23)
FN:244,(anonymous_24)
FN:245,(anonymous_25)
FN:246,(anonymous_26)
FN:247,(anonymous_27)
FN:248,(anonymous_28)
FN:253,(anonymous_29)
FN:258,(anonymous_30)
FN:263,(anonymous_31)
FN:267,(anonymous_32)
FN:269,(anonymous_33)
FN:277,(anonymous_34)
FN:278,(anonymous_35)
FN:301,(anonymous_36)
FN:324,(anonymous_37)
FN:325,(anonymous_38)
FN:334,(anonymous_39)
FN:346,(anonymous_40)
FN:352,(anonymous_41)
FN:359,(anonymous_42)
FN:366,(anonymous_43)
FN:372,(anonymous_44)
FN:382,(anonymous_45)
FN:400,(anonymous_46)
FN:411,(anonymous_47)
FN:449,(anonymous_48)
FN:451,(anonymous_49)
FN:460,(anonymous_50)
FN:479,(anonymous_51)
FN:488,(anonymous_52)
FN:536,(anonymous_53)
FN:546,(anonymous_54)
FN:552,(anonymous_55)
FN:562,(anonymous_56)
FN:575,(anonymous_57)
FNF:58
FNH:0
FNDA:0,(anonymous_0)
FNDA:0,(anonymous_1)
FNDA:0,(anonymous_2)
FNDA:0,(anonymous_3)
FNDA:0,(anonymous_4)
FNDA:0,(anonymous_5)
FNDA:0,(anonymous_6)
FNDA:0,(anonymous_7)
FNDA:0,(anonymous_8)
FNDA:0,(anonymous_9)
FNDA:0,(anonymous_10)
FNDA:0,(anonymous_11)
FNDA:0,(anonymous_12)
FNDA:0,(anonymous_13)
FNDA:0,(anonymous_14)
FNDA:0,(anonymous_15)
FNDA:0,(anonymous_16)
FNDA:0,(anonymous_17)
FNDA:0,(anonymous_18)
FNDA:0,(anonymous_19)
FNDA:0,(anonymous_20)
FNDA:0,(anonymous_21)
FNDA:0,(anonymous_22)
FNDA:0,(anonymous_23)
FNDA:0,(anonymous_24)
FNDA:0,(anonymous_25)
FNDA:0,(anonymous_26)
FNDA:0,(anonymous_27)
FNDA:0,(anonymous_28)
FNDA:0,(anonymous_29)
FNDA:0,(anonymous_30)
FNDA:0,(anonymous_31)
FNDA:0,(anonymous_32)
FNDA:0,(anonymous_33)
FNDA:0,(anonymous_34)
FNDA:0,(anonymous_35)
FNDA:0,(anonymous_36)
FNDA:0,(anonymous_37)
FNDA:0,(anonymous_38)
FNDA:0,(anonymous_39)
FNDA:0,(anonymous_40)
FNDA:0,(anonymous_41)
FNDA:0,(anonymous_42)
FNDA:0,(anonymous_43)
FNDA:0,(anonymous_44)
FNDA:0,(anonymous_45)
FNDA:0,(anonymous_46)
FNDA:0,(anonymous_47)
FNDA:0,(anonymous_48)
FNDA:0,(anonymous_49)
FNDA:0,(anonymous_50)
FNDA:0,(anonymous_51)
FNDA:0,(anonymous_52)
FNDA:0,(anonymous_53)
FNDA:0,(anonymous_54)
FNDA:0,(anonymous_55)
FNDA:0,(anonymous_56)
FNDA:0,(anonymous_57)
DA:14,0
DA:23,0
DA:24,0
DA:25,0
DA:32,0
DA:35,0
DA:36,0
DA:40,0
DA:41,0
DA:45,0
DA:46,0
DA:50,0
DA:51,0
DA:55,0
DA:56,0
DA:60,0
DA:62,0
DA:69,0
DA:70,0
DA:72,0
DA:73,0
DA:74,0
DA:75,0
DA:78,0
DA:80,0
DA:81,0
DA:82,0
DA:86,0
DA:87,0
DA:88,0
DA:89,0
DA:91,0
DA:92,0
DA:93,0
DA:97,0
DA:98,0
DA:100,0
DA:101,0
DA:102,0
DA:106,0
DA:107,0
DA:108,0
DA:110,0
DA:111,0
DA:112,0
DA:115,0
DA:118,0
DA:126,0
DA:128,0
DA:130,0
DA:132,0
DA:133,0
DA:134,0
DA:135,0
DA:136,0
DA:137,0
DA:140,0
DA:141,0
DA:142,0
DA:145,0
DA:146,0
DA:155,0
DA:157,0
DA:158,0
DA:160,0
DA:162,0
DA:163,0
DA:164,0
DA:165,0
DA:169,0
DA:170,0
DA:171,0
DA:172,0
DA:175,0
DA:176,0
DA:177,0
DA:178,0
DA:181,0
DA:182,0
DA:183,0
DA:184,0
DA:187,0
DA:190,0
DA:193,0
DA:197,0
DA:198,0
DA:199,0
DA:206,0
DA:213,0
DA:220,0
DA:221,0
DA:228,0
DA:236,0
DA:244,0
DA:245,0
DA:246,0
DA:247,0
DA:248,0
DA:249,0
DA:253,0
DA:254,0
DA:255,0
DA:258,0
DA:259,0
DA:260,0
DA:263,0
DA:266,0
DA:267,0
DA:268,0
DA:269,0
DA:270,0
DA:274,0
DA:275,0
DA:277,0
DA:278,0
DA:280,0
DA:302,0
DA:305,0
DA:308,0
DA:311,0
DA:313,0
DA:315,0
DA:316,0
DA:317,0
DA:318,0
DA:325,0
DA:335,0
DA:343,0
DA:346,0
DA:347,0
DA:352,0
DA:353,0
DA:359,0
DA:360,0
DA:366,0
DA:367,0
DA:372,0
DA:373,0
DA:376,0
DA:383,0
DA:400,0
DA:411,0
DA:450,0
DA:451,0
DA:452,0
DA:454,0
DA:461,0
DA:480,0
DA:482,0
DA:483,0
DA:486,0
DA:488,0
DA:489,0
DA:528,0
DA:530,0
DA:537,0
DA:538,0
DA:539,0
DA:547,0
DA:550,0
DA:552,0
DA:553,0
DA:554,0
DA:563,0
DA:564,0
DA:565,0
DA:567,0
DA:568,0
DA:577,0
DA:580,0
DA:581,0
DA:587,0
DA:590,0
DA:591,0
LF:174
LH:0
BRDA:35,0,0,0
BRDA:35,0,1,0
BRDA:40,1,0,0
BRDA:40,1,1,0
BRDA:45,2,0,0
BRDA:45,2,1,0
BRDA:45,3,0,0
BRDA:45,3,1,0
BRDA:50,4,0,0
BRDA:50,4,1,0
BRDA:50,5,0,0
BRDA:50,5,1,0
BRDA:55,6,0,0
BRDA:55,6,1,0
BRDA:78,7,0,0
BRDA:78,7,1,0
BRDA:78,7,2,0
BRDA:78,7,3,0
BRDA:78,7,4,0
BRDA:93,8,0,0
BRDA:93,8,1,0
BRDA:102,9,0,0
BRDA:102,9,1,0
BRDA:106,10,0,0
BRDA:106,10,1,0
BRDA:106,11,0,0
BRDA:106,11,1,0
BRDA:112,12,0,0
BRDA:112,12,1,0
BRDA:132,13,0,0
BRDA:132,13,1,0
BRDA:133,14,0,0
BRDA:133,14,1,0
BRDA:134,15,0,0
BRDA:134,15,1,0
BRDA:135,16,0,0
BRDA:135,16,1,0
BRDA:136,17,0,0
BRDA:136,17,1,0
BRDA:137,18,0,0
BRDA:137,18,1,0
BRDA:140,19,0,0
BRDA:140,19,1,0
BRDA:142,20,0,0
BRDA:142,20,1,0
BRDA:146,21,0,0
BRDA:146,21,1,0
BRDA:160,22,0,0
BRDA:160,22,1,0
BRDA:160,22,2,0
BRDA:160,22,3,0
BRDA:160,22,4,0
BRDA:160,22,5,0
BRDA:162,23,0,0
BRDA:162,23,1,0
BRDA:162,23,2,0
BRDA:163,24,0,0
BRDA:163,24,1,0
BRDA:163,24,2,0
BRDA:169,25,0,0
BRDA:169,25,1,0
BRDA:169,25,2,0
BRDA:170,26,0,0
BRDA:170,26,1,0
BRDA:170,26,2,0
BRDA:181,27,0,0
BRDA:181,27,1,0
BRDA:182,28,0,0
BRDA:182,28,1,0
BRDA:190,29,0,0
BRDA:190,29,1,0
BRDA:197,30,0,0
BRDA:197,30,1,0
BRDA:199,31,0,0
BRDA:199,31,1,0
BRDA:249,32,0,0
BRDA:249,32,1,0
BRDA:255,33,0,0
BRDA:255,33,1,0
BRDA:260,34,0,0
BRDA:260,34,1,0
BRDA:268,35,0,0
BRDA:268,35,1,0
BRDA:308,36,0,0
BRDA:308,36,1,0
BRDA:311,37,0,0
BRDA:311,37,1,0
BRDA:315,38,0,0
BRDA:315,38,1,0
BRDA:316,39,0,0
BRDA:316,39,1,0
BRDA:317,40,0,0
BRDA:317,40,1,0
BRDA:347,41,0,0
BRDA:347,41,1,0
BRDA:347,41,2,0
BRDA:353,42,0,0
BRDA:353,42,1,0
BRDA:353,42,2,0
BRDA:353,42,3,0
BRDA:353,42,4,0
BRDA:360,43,0,0
BRDA:360,43,1,0
BRDA:360,43,2,0
BRDA:360,43,3,0
BRDA:360,43,4,0
BRDA:367,44,0,0
BRDA:367,44,1,0
BRDA:367,44,2,0
BRDA:373,45,0,0
BRDA:373,45,1,0
BRDA:388,46,0,0
BRDA:388,46,1,0
BRDA:389,47,0,0
BRDA:389,47,1,0
BRDA:390,48,0,0
BRDA:390,48,1,0
BRDA:391,49,0,0
BRDA:391,49,1,0
BRDA:392,50,0,0
BRDA:392,50,1,0
BRDA:399,51,0,0
BRDA:399,51,1,0
BRDA:401,52,0,0
BRDA:401,52,1,0
BRDA:406,53,0,0
BRDA:406,53,1,0
BRDA:412,54,0,0
BRDA:412,54,1,0
BRDA:418,55,0,0
BRDA:418,55,1,0
BRDA:423,56,0,0
BRDA:423,56,1,0
BRDA:424,57,0,0
BRDA:424,57,1,0
BRDA:425,58,0,0
BRDA:425,58,1,0
BRDA:437,59,0,0
BRDA:437,59,1,0
BRDA:439,60,0,0
BRDA:439,60,1,0
BRDA:442,61,0,0
BRDA:442,61,1,0
BRDA:452,62,0,0
BRDA:452,62,1,0
BRDA:469,63,0,0
BRDA:469,63,1,0
BRDA:482,64,0,0
BRDA:482,64,1,0
BRDA:515,65,0,0
BRDA:515,65,1,0
BRDA:519,66,0,0
BRDA:519,66,1,0
BRDA:538,67,0,0
BRDA:538,67,1,0
BRDA:550,68,0,0
BRDA:550,68,1,0
BRDA:553,69,0,0
BRDA:553,69,1,0
BRDA:565,70,0,0
BRDA:565,70,1,0
BRDA:567,71,0,0
BRDA:567,71,1,0
BRDA:580,72,0,0
BRDA:580,72,1,0
BRDA:590,73,0,0
BRDA:590,73,1,0
BRF:167
BRH:0
end_of_record
TN:
SF:js/data.js
FN:18,safeJSONParse
FN:36,getDefaultScheduleSettings
FN:46,loadData
FN:76,(anonymous_3)
FN:90,showStorageError
FN:97,saveData
FN:117,isOnboardingComplete
FN:121,isProfileComplete
FN:128,completeOnboarding
FN:134,skipOnboarding
FN:141,resetToDefaults
FN:156,clearAllData
FN:168,checkStorageHealth
FN:186,recoverOnboardingState
FN:224,validateAndFixOnboardingState
FNF:15
FNH:0
FNDA:0,safeJSONParse
FNDA:0,getDefaultScheduleSettings
FNDA:0,loadData
FNDA:0,(anonymous_3)
FNDA:0,showStorageError
FNDA:0,saveData
FNDA:0,isOnboardingComplete
FNDA:0,isProfileComplete
FNDA:0,completeOnboarding
FNDA:0,skipOnboarding
FNDA:0,resetToDefaults
FNDA:0,clearAllData
FNDA:0,checkStorageHealth
FNDA:0,recoverOnboardingState
FNDA:0,validateAndFixOnboardingState
DA:4,0
DA:19,0
DA:20,0
DA:21,0
DA:23,0
DA:24,0
DA:25,0
DA:26,0
DA:28,0
DA:30,0
DA:31,0
DA:37,0
DA:47,0
DA:49,0
DA:50,0
DA:51,0
DA:52,0
DA:55,0
DA:58,0
DA:59,0
DA:62,0
DA:65,0
DA:66,0
DA:67,0
DA:68,0
DA:69,0
DA:70,0
DA:71,0
DA:72,0
DA:73,0
DA:76,0
DA:77,0
DA:78,0
DA:81,0
DA:83,0
DA:85,0
DA:86,0
DA:92,0
DA:93,0
DA:98,0
DA:99,0
DA:100,0
DA:101,0
DA:102,0
DA:103,0
DA:104,0
DA:105,0
DA:106,0
DA:107,0
DA:108,0
DA:109,0
DA:111,0
DA:113,0
DA:118,0
DA:123,0
DA:129,0
DA:130,0
DA:131,0
DA:137,0
DA:138,0
DA:143,0
DA:144,0
DA:145,0
DA:146,0
DA:147,0
DA:148,0
DA:149,0
DA:150,0
DA:151,0
DA:153,0
DA:158,0
DA:159,0
DA:160,0
DA:161,0
DA:163,0
DA:164,0
DA:170,0
DA:171,0
DA:172,0
DA:173,0
DA:174,0
DA:175,0
DA:177,0
DA:178,0
DA:187,0
DA:188,0
DA:190,0
DA:193,0
DA:194,0
DA:196,0
DA:204,0
DA:205,0
DA:213,0
DA:225,0
DA:226,0
DA:228,0
DA:229,0
DA:231,0
DA:232,0
DA:233,0
DA:236,0
DA:237,0
DA:238,0
DA:242,0
DA:244,0
DA:245,0
LF:106
LH:0
BRDA:19,0,0,0
BRDA:19,0,1,0
BRDA:23,1,0,0
BRDA:23,1,1,0
BRDA:24,2,0,0
BRDA:24,2,1,0
BRDA:25,3,0,0
BRDA:25,3,1,0
BRDA:26,4,0,0
BRDA:26,4,1,0
BRDA:26,5,0,0
BRDA:26,5,1,0
BRDA:26,5,2,0
BRDA:49,6,0,0
BRDA:49,6,1,0
BRDA:58,7,0,0
BRDA:58,7,1,0
BRDA:73,8,0,0
BRDA:73,8,1,0
BRDA:76,9,0,0
BRDA:76,9,1,0
BRDA:76,10,0,0
BRDA:76,10,1,0
BRDA:92,11,0,0
BRDA:92,11,1,0
BRDA:92,12,0,0
BRDA:92,12,1,0
BRDA:123,13,0,0
BRDA:123,13,1,0
BRDA:123,13,2,0
BRDA:193,14,0,0
BRDA:193,14,1,0
BRDA:193,15,0,0
BRDA:193,15,1,0
BRDA:204,16,0,0
BRDA:204,16,1,0
BRDA:228,17,0,0
BRDA:228,17,1,0
BRDA:231,18,0,0
BRDA:231,18,1,0
BRDA:231,19,0,0
BRDA:231,19,1,0
BRF:42
BRH:0
end_of_record
TN:
SF:js/events.js
FN:9,setupEventListeners
FN:10,(anonymous_1)
FN:14,(anonymous_2)
FN:17,(anonymous_3)
FN:18,(anonymous_4)
FN:29,(anonymous_5)
FN:31,(anonymous_6)
FN:36,(anonymous_7)
FN:67,(anonymous_8)
FN:71,(anonymous_9)
FN:72,(anonymous_10)
FN:78,(anonymous_11)
FN:81,(anonymous_12)
FN:87,(anonymous_13)
FN:99,(anonymous_14)
FN:106,(anonymous_15)
FN:113,(anonymous_16)
FN:121,(anonymous_17)
FN:129,(anonymous_18)
FN:137,(anonymous_19)
FN:144,(anonymous_20)
FN:158,(anonymous_21)
FN:171,(anonymous_22)
FN:179,(anonymous_23)
FN:180,(anonymous_24)
FN:184,(anonymous_25)
FN:202,(anonymous_26)
FN:209,(anonymous_27)
FN:219,(anonymous_28)
FN:229,(anonymous_29)
FNF:30
FNH:0
FNDA:0,setupEventListeners
FNDA:0,(anonymous_1)
FNDA:0,(anonymous_2)
FNDA:0,(anonymous_3)
FNDA:0,(anonymous_4)
FNDA:0,(anonymous_5)
FNDA:0,(anonymous_6)
FNDA:0,(anonymous_7)
FNDA:0,(anonymous_8)
FNDA:0,(anonymous_9)
FNDA:0,(anonymous_10)
FNDA:0,(anonymous_11)
FNDA:0,(anonymous_12)
FNDA:0,(anonymous_13)
FNDA:0,(anonymous_14)
FNDA:0,(anonymous_15)
FNDA:0,(anonymous_16)
FNDA:0,(anonymous_17)
FNDA:0,(anonymous_18)
FNDA:0,(anonymous_19)
FNDA:0,(anonymous_20)
FNDA:0,(anonymous_21)
FNDA:0,(anonymous_22)
FNDA:0,(anonymous_23)
FNDA:0,(anonymous_24)
FNDA:0,(anonymous_25)
FNDA:0,(anonymous_26)
FNDA:0,(anonymous_27)
FNDA:0,(anonymous_28)
FNDA:0,(anonymous_29)
DA:10,0
DA:11,0
DA:12,0
DA:14,0
DA:17,0
DA:18,0
DA:20,0
DA:21,0
DA:22,0
DA:24,0
DA:29,0
DA:31,0
DA:32,0
DA:36,0
DA:37,0
DA:38,0
DA:39,0
DA:46,0
DA:47,0
DA:48,0
DA:51,0
DA:52,0
DA:53,0
DA:56,0
DA:57,0
DA:60,0
DA:61,0
DA:67,0
DA:68,0
DA:71,0
DA:72,0
DA:73,0
DA:74,0
DA:75,0
DA:78,0
DA:81,0
DA:82,0
DA:83,0
DA:84,0
DA:85,0
DA:86,0
DA:87,0
DA:88,0
DA:91,0
DA:92,0
DA:99,0
DA:100,0
DA:101,0
DA:102,0
DA:106,0
DA:107,0
DA:108,0
DA:113,0
DA:114,0
DA:115,0
DA:116,0
DA:121,0
DA:122,0
DA:123,0
DA:124,0
DA:129,0
DA:130,0
DA:131,0
DA:132,0
DA:137,0
DA:138,0
DA:139,0
DA:144,0
DA:145,0
DA:146,0
DA:147,0
DA:148,0
DA:149,0
DA:151,0
DA:152,0
DA:158,0
DA:159,0
DA:160,0
DA:162,0
DA:166,0
DA:171,0
DA:172,0
DA:173,0
DA:174,0
DA:179,0
DA:180,0
DA:181,0
DA:184,0
DA:185,0
DA:186,0
DA:189,0
DA:190,0
DA:191,0
DA:195,0
DA:196,0
DA:202,0
DA:203,0
DA:204,0
DA:209,0
DA:211,0
DA:212,0
DA:215,0
DA:216,0
DA:219,0
DA:220,0
DA:221,0
DA:222,0
DA:229,0
DA:230,0
DA:232,0
DA:233,0
DA:244,0
LF:112
LH:0
BRDA:20,0,0,0
BRDA:20,0,1,0
BRDA:40,1,0,0
BRDA:40,1,1,0
BRDA:41,2,0,0
BRDA:41,2,1,0
BRDA:42,3,0,0
BRDA:42,3,1,0
BRDA:46,4,0,0
BRDA:46,4,1,0
BRDA:56,5,0,0
BRDA:56,5,1,0
BRDA:73,6,0,0
BRDA:73,6,1,0
BRDA:73,7,0,0
BRDA:73,7,1,0
BRDA:82,8,0,0
BRDA:82,8,1,0
BRDA:83,9,0,0
BRDA:83,9,1,0
BRDA:100,10,0,0
BRDA:100,10,1,0
BRDA:102,11,0,0
BRDA:102,11,1,0
BRDA:107,12,0,0
BRDA:107,12,1,0
BRDA:115,13,0,0
BRDA:115,13,1,0
BRDA:123,14,0,0
BRDA:123,14,1,0
BRDA:131,15,0,0
BRDA:131,15,1,0
BRDA:138,16,0,0
BRDA:138,16,1,0
BRDA:147,17,0,0
BRDA:147,17,1,0
BRDA:149,18,0,0
BRDA:149,18,1,0
BRDA:151,19,0,0
BRDA:151,19,1,0
BRDA:151,20,0,0
BRDA:151,20,1,0
BRDA:162,21,0,0
BRDA:162,21,1,0
BRDA:162,22,0,0
BRDA:162,22,1,0
BRDA:162,22,2,0
BRDA:162,22,3,0
BRDA:162,22,4,0
BRDA:173,23,0,0
BRDA:173,23,1,0
BRDA:174,24,0,0
BRDA:174,24,1,0
BRDA:190,25,0,0
BRDA:190,25,1,0
BRDA:195,26,0,0
BRDA:195,26,1,0
BRDA:203,27,0,0
BRDA:203,27,1,0
BRDA:212,28,0,0
BRDA:212,28,1,0
BRDA:215,29,0,0
BRDA:215,29,1,0
BRDA:221,30,0,0
BRDA:221,30,1,0
BRDA:232,31,0,0
BRDA:232,31,1,0
BRDA:234,32,0,0
BRDA:234,32,1,0
BRDA:235,33,0,0
BRDA:235,33,1,0
BRDA:236,34,0,0
BRDA:236,34,1,0
BRDA:237,35,0,0
BRDA:237,35,1,0
BRDA:238,36,0,0
BRDA:238,36,1,0
BRDA:239,37,0,0
BRDA:239,37,1,0
BRDA:240,38,0,0
BRDA:240,38,1,0
BRDA:241,39,0,0
BRDA:241,39,1,0
BRF:83
BRH:0
end_of_record
TN:
SF:js/files.js
FN:9,handleFileUpload
FN:35,processPdfForLessons
FNF:2
FNH:0
FNDA:0,handleFileUpload
FNDA:0,processPdfForLessons
DA:6,0
DA:7,0
DA:10,0
DA:11,0
DA:13,0
DA:15,0
DA:16,0
DA:18,0
DA:19,0
DA:21,0
DA:24,0
DA:28,0
DA:29,0
DA:36,0
DA:37,0
DA:38,0
DA:41,0
DA:50,0
DA:51,0
DA:52,0
DA:53,0
DA:54,0
LF:22
LH:0
BRDA:11,0,0,0
BRDA:11,0,1,0
BRDA:18,1,0,0
BRDA:18,1,1,0
BRDA:19,2,0,0
BRDA:19,2,1,0
BRDA:29,3,0,0
BRDA:29,3,1,0
BRDA:36,4,0,0
BRDA:36,4,1,0
BRDA:36,5,0,0
BRDA:36,5,1,0
BRF:12
BRH:0
end_of_record
TN:
SF:js/icons.js
FN:127,(anonymous_0)
FN:167,(anonymous_1)
FN:196,(anonymous_2)
FN:208,(anonymous_3)
FN:219,(anonymous_4)
FN:229,(anonymous_5)
FN:240,(anonymous_6)
FN:249,(anonymous_7)
FN:261,(anonymous_8)
FNF:9
FNH:0
FNDA:0,(anonymous_0)
FNDA:0,(anonymous_1)
FNDA:0,(anonymous_2)
FNDA:0,(anonymous_3)
FNDA:0,(anonymous_4)
FNDA:0,(anonymous_5)
FNDA:0,(anonymous_6)
FNDA:0,(anonymous_7)
FNDA:0,(anonymous_8)
DA:11,0
DA:19,0
DA:31,0
DA:135,0
DA:137,0
DA:138,0
DA:139,0
DA:142,0
DA:143,0
DA:147,0
DA:148,0
DA:152,0
DA:153,0
DA:155,0
DA:173,0
DA:175,0
DA:176,0
DA:177,0
DA:178,0
DA:180,0
DA:181,0
DA:183,0
DA:184,0
DA:187,0
DA:197,0
DA:198,0
DA:199,0
DA:209,0
DA:210,0
DA:220,0
DA:221,0
DA:231,0
DA:232,0
DA:241,0
DA:250,0
DA:251,0
DA:262,0
DA:264,0
DA:265,0
DA:267,0
DA:268,0
DA:269,0
DA:270,0
DA:272,0
DA:273,0
DA:275,0
DA:280,0
DA:281,0
DA:285,0
DA:286,0
LF:50
LH:0
BRDA:127,0,0,0
BRDA:129,1,0,0
BRDA:130,2,0,0
BRDA:131,3,0,0
BRDA:132,4,0,0
BRDA:133,5,0,0
BRDA:134,6,0,0
BRDA:142,7,0,0
BRDA:142,7,1,0
BRDA:147,8,0,0
BRDA:147,8,1,0
BRDA:153,9,0,0
BRDA:153,9,1,0
BRDA:153,9,2,0
BRDA:167,10,0,0
BRDA:169,11,0,0
BRDA:170,12,0,0
BRDA:171,13,0,0
BRDA:183,14,0,0
BRDA:183,14,1,0
BRDA:196,15,0,0
BRDA:208,16,0,0
BRDA:219,17,0,0
BRDA:251,18,0,0
BRDA:251,18,1,0
BRDA:261,19,0,0
BRDA:262,20,0,0
BRDA:280,21,0,0
BRDA:280,21,1,0
BRDA:285,22,0,0
BRDA:285,22,1,0
BRDA:285,23,0,0
BRDA:285,23,1,0
BRF:33
BRH:0
end_of_record
TN:
SF:js/import-pipeline.js
FN:14,(anonymous_0)
FN:45,(anonymous_1)
FN:85,(anonymous_2)
FN:101,(anonymous_3)
FN:113,(anonymous_4)
FN:114,(anonymous_5)
FN:116,(anonymous_6)
FN:138,(anonymous_7)
FN:139,(anonymous_8)
FN:141,(anonymous_9)
FN:146,(anonymous_10)
FN:162,(anonymous_11)
FN:163,(anonymous_12)
FN:165,(anonymous_13)
FN:190,(anonymous_14)
FN:211,(anonymous_15)
FN:220,(anonymous_16)
FN:244,(anonymous_17)
FN:247,(anonymous_18)
FN:255,(anonymous_19)
FN:273,(anonymous_20)
FN:296,(anonymous_21)
FN:316,(anonymous_22)
FN:353,(anonymous_23)
FN:363,(anonymous_24)
FN:364,(anonymous_25)
FN:399,(anonymous_26)
FN:413,(anonymous_27)
FN:415,(anonymous_28)
FN:426,(anonymous_29)
FN:431,(anonymous_30)
FN:439,(anonymous_31)
FN:447,(anonymous_32)
FN:467,(anonymous_33)
FN:484,(anonymous_34)
FN:492,(anonymous_35)
FN:515,(anonymous_36)
FN:526,(anonymous_37)
FN:560,(anonymous_38)
FN:594,(anonymous_39)
FN:601,(anonymous_40)
FN:620,(anonymous_41)
FN:638,(anonymous_42)
FN:693,(anonymous_43)
FN:701,(anonymous_44)
FN:722,(anonymous_45)
FN:728,(anonymous_46)
FN:752,(anonymous_47)
FN:782,(anonymous_48)
FN:787,(anonymous_49)
FN:799,(anonymous_50)
FN:803,(anonymous_51)
FN:812,(anonymous_52)
FN:863,(anonymous_53)
FN:865,(anonymous_54)
FN:867,(anonymous_55)
FN:889,(anonymous_56)
FN:891,(anonymous_57)
FN:915,(anonymous_58)
FN:923,(anonymous_59)
FN:938,(anonymous_60)
FN:946,(anonymous_61)
FN:966,(anonymous_62)
FN:987,(anonymous_63)
FN:998,(anonymous_64)
FN:1009,(anonymous_65)
FN:1011,(anonymous_66)
FN:1012,(anonymous_67)
FNF:68
FNH:0
FNDA:0,(anonymous_0)
FNDA:0,(anonymous_1)
FNDA:0,(anonymous_2)
FNDA:0,(anonymous_3)
FNDA:0,(anonymous_4)
FNDA:0,(anonymous_5)
FNDA:0,(anonymous_6)
FNDA:0,(anonymous_7)
FNDA:0,(anonymous_8)
FNDA:0,(anonymous_9)
FNDA:0,(anonymous_10)
FNDA:0,(anonymous_11)
FNDA:0,(anonymous_12)
FNDA:0,(anonymous_13)
FNDA:0,(anonymous_14)
FNDA:0,(anonymous_15)
FNDA:0,(anonymous_16)
FNDA:0,(anonymous_17)
FNDA:0,(anonymous_18)
FNDA:0,(anonymous_19)
FNDA:0,(anonymous_20)
FNDA:0,(anonymous_21)
FNDA:0,(anonymous_22)
FNDA:0,(anonymous_23)
FNDA:0,(anonymous_24)
FNDA:0,(anonymous_25)
FNDA:0,(anonymous_26)
FNDA:0,(anonymous_27)
FNDA:0,(anonymous_28)
FNDA:0,(anonymous_29)
FNDA:0,(anonymous_30)
FNDA:0,(anonymous_31)
FNDA:0,(anonymous_32)
FNDA:0,(anonymous_33)
FNDA:0,(anonymous_34)
FNDA:0,(anonymous_35)
FNDA:0,(anonymous_36)
FNDA:0,(anonymous_37)
FNDA:0,(anonymous_38)
FNDA:0,(anonymous_39)
FNDA:0,(anonymous_40)
FNDA:0,(anonymous_41)
FNDA:0,(anonymous_42)
FNDA:0,(anonymous_43)
FNDA:0,(anonymous_44)
FNDA:0,(anonymous_45)
FNDA:0,(anonymous_46)
FNDA:0,(anonymous_47)
FNDA:0,(anonymous_48)
FNDA:0,(anonymous_49)
FNDA:0,(anonymous_50)
FNDA:0,(anonymous_51)
FNDA:0,(anonymous_52)
FNDA:0,(anonymous_53)
FNDA:0,(anonymous_54)
FNDA:0,(anonymous_55)
FNDA:0,(anonymous_56)
FNDA:0,(anonymous_57)
FNDA:0,(anonymous_58)
FNDA:0,(anonymous_59)
FNDA:0,(anonymous_60)
FNDA:0,(anonymous_61)
FNDA:0,(anonymous_62)
FNDA:0,(anonymous_63)
FNDA:0,(anonymous_64)
FNDA:0,(anonymous_65)
FNDA:0,(anonymous_66)
FNDA:0,(anonymous_67)
DA:15,0
DA:38,0
DA:39,0
DA:46,0
DA:47,0
DA:48,0
DA:51,0
DA:52,0
DA:55,0
DA:58,0
DA:61,0
DA:64,0
DA:71,0
DA:73,0
DA:76,0
DA:77,0
DA:78,0
DA:86,0
DA:88,0
DA:89,0
DA:90,0
DA:91,0
DA:92,0
DA:93,0
DA:94,0
DA:95,0
DA:97,0
DA:104,0
DA:114,0
DA:115,0
DA:116,0
DA:117,0
DA:118,0
DA:119,0
DA:120,0
DA:121,0
DA:123,0
DA:130,0
DA:133,0
DA:134,0
DA:139,0
DA:140,0
DA:141,0
DA:142,0
DA:143,0
DA:147,0
DA:157,0
DA:158,0
DA:163,0
DA:164,0
DA:165,0
DA:166,0
DA:170,0
DA:171,0
DA:176,0
DA:182,0
DA:183,0
DA:194,0
DA:195,0
DA:198,0
DA:199,0
DA:200,0
DA:201,0
DA:202,0
DA:203,0
DA:204,0
DA:205,0
DA:207,0
DA:212,0
DA:213,0
DA:214,0
DA:215,0
DA:217,0
DA:221,0
DA:240,0
DA:241,0
DA:244,0
DA:247,0
DA:249,0
DA:256,0
DA:258,0
DA:260,0
DA:262,0
DA:264,0
DA:266,0
DA:277,0
DA:298,0
DA:301,0
DA:304,0
DA:305,0
DA:309,0
DA:316,0
DA:318,0
DA:319,0
DA:320,0
DA:322,0
DA:323,0
DA:338,0
DA:340,0
DA:354,0
DA:355,0
DA:357,0
DA:360,0
DA:361,0
DA:363,0
DA:364,0
DA:366,0
DA:378,0
DA:379,0
DA:380,0
DA:382,0
DA:385,0
DA:388,0
DA:400,0
DA:402,0
DA:403,0
DA:406,0
DA:407,0
DA:411,0
DA:412,0
DA:413,0
DA:414,0
DA:415,0
DA:417,0
DA:420,0
DA:427,0
DA:429,0
DA:430,0
DA:431,0
DA:432,0
DA:433,0
DA:436,0
DA:439,0
DA:441,0
DA:448,0
DA:460,0
DA:461,0
DA:468,0
DA:470,0
DA:471,0
DA:472,0
DA:473,0
DA:474,0
DA:475,0
DA:476,0
DA:478,0
DA:486,0
DA:491,0
DA:492,0
DA:494,0
DA:495,0
DA:498,0
DA:500,0
DA:503,0
DA:504,0
DA:506,0
DA:514,0
DA:515,0
DA:516,0
DA:517,0
DA:528,0
DA:531,0
DA:532,0
DA:533,0
DA:535,0
DA:537,0
DA:549,0
DA:564,0
DA:565,0
DA:566,0
DA:567,0
DA:576,0
DA:578,0
DA:586,0
DA:596,0
DA:599,0
DA:601,0
DA:602,0
DA:604,0
DA:614,0
DA:617,0
DA:622,0
DA:624,0
DA:625,0
DA:627,0
DA:628,0
DA:629,0
DA:632,0
DA:639,0
DA:640,0
DA:643,0
DA:644,0
DA:646,0
DA:663,0
DA:664,0
DA:665,0
DA:666,0
DA:667,0
DA:668,0
DA:669,0
DA:670,0
DA:672,0
DA:675,0
DA:690,0
DA:694,0
DA:695,0
DA:696,0
DA:697,0
DA:698,0
DA:699,0
DA:701,0
DA:702,0
DA:716,0
DA:717,0
DA:718,0
DA:719,0
DA:723,0
DA:724,0
DA:725,0
DA:726,0
DA:728,0
DA:729,0
DA:730,0
DA:740,0
DA:752,0
DA:776,0
DA:777,0
DA:778,0
DA:779,0
DA:783,0
DA:785,0
DA:786,0
DA:787,0
DA:788,0
DA:790,0
DA:792,0
DA:795,0
DA:796,0
DA:800,0
DA:804,0
DA:805,0
DA:806,0
DA:813,0
DA:814,0
DA:815,0
DA:818,0
DA:819,0
DA:821,0
DA:822,0
DA:823,0
DA:824,0
DA:825,0
DA:826,0
DA:827,0
DA:828,0
DA:829,0
DA:830,0
DA:831,0
DA:835,0
DA:838,0
DA:841,0
DA:842,0
DA:843,0
DA:853,0
DA:854,0
DA:858,0
DA:859,0
DA:864,0
DA:865,0
DA:867,0
DA:868,0
DA:872,0
DA:873,0
DA:881,0
DA:885,0
DA:886,0
DA:890,0
DA:891,0
DA:893,0
DA:907,0
DA:908,0
DA:911,0
DA:912,0
DA:917,0
DA:924,0
DA:925,0
DA:926,0
DA:929,0
DA:930,0
DA:931,0
DA:940,0
DA:947,0
DA:949,0
DA:958,0
DA:959,0
DA:960,0
DA:967,0
DA:969,0
DA:979,0
DA:980,0
DA:981,0
DA:988,0
DA:990,0
DA:991,0
DA:992,0
DA:999,0
DA:1000,0
DA:1001,0
DA:1002,0
DA:1010,0
DA:1011,0
DA:1012,0
DA:1013,0
DA:1014,0
DA:1015,0
DA:1017,0
DA:1018,0
DA:1026,0
DA:1029,0
DA:1030,0
LF:320
LH:0
BRDA:46,0,0,0
BRDA:46,0,1,0
BRDA:88,1,0,0
BRDA:88,1,1,0
BRDA:90,2,0,0
BRDA:90,2,1,0
BRDA:92,3,0,0
BRDA:92,3,1,0
BRDA:94,4,0,0
BRDA:94,4,1,0
BRDA:170,5,0,0
BRDA:170,5,1,0
BRDA:170,6,0,0
BRDA:170,6,1,0
BRDA:198,7,0,0
BRDA:198,7,1,0
BRDA:200,8,0,0
BRDA:200,8,1,0
BRDA:202,9,0,0
BRDA:202,9,1,0
BRDA:204,10,0,0
BRDA:204,10,1,0
BRDA:212,11,0,0
BRDA:212,11,1,0
BRDA:213,12,0,0
BRDA:213,12,1,0
BRDA:214,13,0,0
BRDA:214,13,1,0
BRDA:214,14,0,0
BRDA:214,14,1,0
BRDA:241,15,0,0
BRDA:241,15,1,0
BRDA:249,16,0,0
BRDA:249,16,1,0
BRDA:256,17,0,0
BRDA:256,17,1,0
BRDA:256,17,2,0
BRDA:256,17,3,0
BRDA:256,17,4,0
BRDA:304,18,0,0
BRDA:304,18,1,0
BRDA:304,19,0,0
BRDA:304,19,1,0
BRDA:319,20,0,0
BRDA:319,20,1,0
BRDA:320,21,0,0
BRDA:320,21,1,0
BRDA:322,22,0,0
BRDA:322,22,1,0
BRDA:322,23,0,0
BRDA:322,23,1,0
BRDA:322,23,2,0
BRDA:329,24,0,0
BRDA:329,24,1,0
BRDA:343,25,0,0
BRDA:343,25,1,0
BRDA:357,26,0,0
BRDA:357,26,1,0
BRDA:357,27,0,0
BRDA:357,27,1,0
BRDA:361,28,0,0
BRDA:361,28,1,0
BRDA:361,29,0,0
BRDA:361,29,1,0
BRDA:364,30,0,0
BRDA:364,30,1,0
BRDA:364,31,0,0
BRDA:364,31,1,0
BRDA:364,31,2,0
BRDA:368,32,0,0
BRDA:368,32,1,0
BRDA:369,33,0,0
BRDA:369,33,1,0
BRDA:370,34,0,0
BRDA:370,34,1,0
BRDA:371,35,0,0
BRDA:371,35,1,0
BRDA:372,36,0,0
BRDA:372,36,1,0
BRDA:379,37,0,0
BRDA:379,37,1,0
BRDA:400,38,0,0
BRDA:400,38,1,0
BRDA:400,39,0,0
BRDA:400,39,1,0
BRDA:403,40,0,0
BRDA:403,40,1,0
BRDA:406,41,0,0
BRDA:406,41,1,0
BRDA:406,42,0,0
BRDA:406,42,1,0
BRDA:411,43,0,0
BRDA:411,43,1,0
BRDA:414,44,0,0
BRDA:414,44,1,0
BRDA:414,45,0,0
BRDA:414,45,1,0
BRDA:427,46,0,0
BRDA:427,46,1,0
BRDA:427,47,0,0
BRDA:427,47,1,0
BRDA:432,48,0,0
BRDA:432,48,1,0
BRDA:432,49,0,0
BRDA:432,49,1,0
BRDA:436,50,0,0
BRDA:436,50,1,0
BRDA:439,51,0,0
BRDA:439,51,1,0
BRDA:439,52,0,0
BRDA:439,52,1,0
BRDA:461,53,0,0
BRDA:461,53,1,0
BRDA:470,54,0,0
BRDA:470,54,1,0
BRDA:471,55,0,0
BRDA:471,55,1,0
BRDA:472,56,0,0
BRDA:472,56,1,0
BRDA:473,57,0,0
BRDA:473,57,1,0
BRDA:474,58,0,0
BRDA:474,58,1,0
BRDA:475,59,0,0
BRDA:475,59,1,0
BRDA:476,60,0,0
BRDA:476,60,1,0
BRDA:498,61,0,0
BRDA:498,61,1,0
BRDA:503,62,0,0
BRDA:503,62,1,0
BRDA:514,63,0,0
BRDA:514,63,1,0
BRDA:516,64,0,0
BRDA:516,64,1,0
BRDA:535,65,0,0
BRDA:535,65,1,0
BRDA:535,66,0,0
BRDA:535,66,1,0
BRDA:564,67,0,0
BRDA:564,67,1,0
BRDA:564,68,0,0
BRDA:564,68,1,0
BRDA:566,69,0,0
BRDA:566,69,1,0
BRDA:566,70,0,0
BRDA:566,70,1,0
BRDA:599,71,0,0
BRDA:599,71,1,0
BRDA:602,72,0,0
BRDA:602,72,1,0
BRDA:602,73,0,0
BRDA:602,73,1,0
BRDA:602,73,2,0
BRDA:606,74,0,0
BRDA:606,74,1,0
BRDA:607,75,0,0
BRDA:607,75,1,0
BRDA:608,76,0,0
BRDA:608,76,1,0
BRDA:609,77,0,0
BRDA:609,77,1,0
BRDA:610,78,0,0
BRDA:610,78,1,0
BRDA:622,79,0,0
BRDA:622,79,1,0
BRDA:624,80,0,0
BRDA:624,80,1,0
BRDA:625,81,0,0
BRDA:625,81,1,0
BRDA:628,82,0,0
BRDA:628,82,1,0
BRDA:628,82,2,0
BRDA:629,83,0,0
BRDA:629,83,1,0
BRDA:639,84,0,0
BRDA:639,84,1,0
BRDA:639,85,0,0
BRDA:639,85,1,0
BRDA:644,86,0,0
BRDA:644,86,1,0
BRDA:654,87,0,0
BRDA:654,87,1,0
BRDA:663,88,0,0
BRDA:663,88,1,0
BRDA:663,89,0,0
BRDA:663,89,1,0
BRDA:665,90,0,0
BRDA:665,90,1,0
BRDA:665,91,0,0
BRDA:665,91,1,0
BRDA:667,92,0,0
BRDA:667,92,1,0
BRDA:669,93,0,0
BRDA:669,93,1,0
BRDA:685,94,0,0
BRDA:685,94,1,0
BRDA:703,95,0,0
BRDA:703,95,1,0
BRDA:704,96,0,0
BRDA:704,96,1,0
BRDA:705,97,0,0
BRDA:705,97,1,0
BRDA:706,98,0,0
BRDA:706,98,1,0
BRDA:707,99,0,0
BRDA:707,99,1,0
BRDA:743,100,0,0
BRDA:743,100,1,0
BRDA:752,101,0,0
BRDA:752,101,1,0
BRDA:757,102,0,0
BRDA:757,102,1,0
BRDA:761,103,0,0
BRDA:761,103,1,0
BRDA:765,104,0,0
BRDA:765,104,1,0
BRDA:770,105,0,0
BRDA:770,105,1,0
BRDA:785,106,0,0
BRDA:785,106,1,0
BRDA:785,107,0,0
BRDA:785,107,1,0
BRDA:804,108,0,0
BRDA:804,108,1,0
BRDA:805,109,0,0
BRDA:805,109,1,0
BRDA:813,110,0,0
BRDA:813,110,1,0
BRDA:813,111,0,0
BRDA:813,111,1,0
BRDA:822,112,0,0
BRDA:822,112,1,0
BRDA:825,113,0,0
BRDA:825,113,1,0
BRDA:828,114,0,0
BRDA:828,114,1,0
BRDA:830,115,0,0
BRDA:830,115,1,0
BRDA:842,116,0,0
BRDA:842,116,1,0
BRDA:853,117,0,0
BRDA:853,117,1,0
BRDA:868,118,0,0
BRDA:868,118,1,0
BRDA:868,118,2,0
BRDA:868,118,3,0
BRDA:872,119,0,0
BRDA:872,119,1,0
BRDA:896,120,0,0
BRDA:896,120,1,0
BRDA:898,121,0,0
BRDA:898,121,1,0
BRDA:900,122,0,0
BRDA:900,122,1,0
BRDA:901,123,0,0
BRDA:901,123,1,0
BRDA:901,123,2,0
BRDA:902,124,0,0
BRDA:902,124,1,0
BRDA:904,125,0,0
BRDA:904,125,1,0
BRDA:930,126,0,0
BRDA:930,126,1,0
BRDA:947,127,0,0
BRDA:947,127,1,0
BRDA:947,128,0,0
BRDA:947,128,1,0
BRDA:967,129,0,0
BRDA:967,129,1,0
BRDA:967,130,0,0
BRDA:967,130,1,0
BRDA:988,131,0,0
BRDA:988,131,1,0
BRDA:988,132,0,0
BRDA:988,132,1,0
BRDA:1000,133,0,0
BRDA:1000,133,1,0
BRDA:1017,134,0,0
BRDA:1017,134,1,0
BRDA:1017,135,0,0
BRDA:1017,135,1,0
BRDA:1029,136,0,0
BRDA:1029,136,1,0
BRF:284
BRH:0
end_of_record
TN:
SF:js/navigation.js
FN:11,(anonymous_0)
FN:21,(anonymous_1)
FN:25,(anonymous_2)
FN:49,(anonymous_3)
FN:75,(anonymous_4)
FN:87,(anonymous_5)
FN:96,(anonymous_6)
FN:116,(anonymous_7)
FN:129,(anonymous_8)
FN:147,(anonymous_9)
FN:159,(anonymous_10)
FN:162,(anonymous_11)
FN:173,initNavigation
FN:181,createNavigationUI
FN:230,navigateToPage
FN:237,goBack
FN:244,goHome
FNF:17
FNH:0
FNDA:0,(anonymous_0)
FNDA:0,(anonymous_1)
FNDA:0,(anonymous_2)
FNDA:0,(anonymous_3)
FNDA:0,(anonymous_4)
FNDA:0,(anonymous_5)
FNDA:0,(anonymous_6)
FNDA:0,(anonymous_7)
FNDA:0,(anonymous_8)
FNDA:0,(anonymous_9)
FNDA:0,(anonymous_10)
FNDA:0,(anonymous_11)
FNDA:0,initNavigation
FNDA:0,createNavigationUI
FNDA:0,navigateToPage
FNDA:0,goBack
FNDA:0,goHome
DA:12,0
DA:13,0
DA:14,0
DA:15,0
DA:22,0
DA:25,0
DA:26,0
DA:27,0
DA:30,0
DA:35,0
DA:36,0
DA:39,0
DA:40,0
DA:50,0
DA:52,0
DA:55,0
DA:56,0
DA:57,0
DA:58,0
DA:62,0
DA:65,0
DA:66,0
DA:69,0
DA:76,0
DA:77,0
DA:80,0
DA:88,0
DA:97,0
DA:110,0
DA:117,0
DA:118,0
DA:121,0
DA:124,0
DA:125,0
DA:129,0
DA:130,0
DA:131,0
DA:133,0
DA:134,0
DA:136,0
DA:140,0
DA:148,0
DA:149,0
DA:150,0
DA:160,0
DA:161,0
DA:162,0
DA:168,0
DA:174,0
DA:175,0
DA:183,0
DA:186,0
DA:187,0
DA:188,0
DA:189,0
DA:190,0
DA:192,0
DA:211,0
DA:212,0
DA:213,0
DA:214,0
DA:215,0
DA:218,0
DA:222,0
DA:231,0
DA:238,0
DA:245,0
DA:249,0
DA:250,0
LF:69
LH:0
BRDA:22,0,0,0
BRDA:22,0,1,0
BRDA:26,1,0,0
BRDA:26,1,1,0
BRDA:26,2,0,0
BRDA:26,2,1,0
BRDA:35,3,0,0
BRDA:35,3,1,0
BRDA:49,4,0,0
BRDA:49,5,0,0
BRDA:55,6,0,0
BRDA:55,6,1,0
BRDA:57,7,0,0
BRDA:57,7,1,0
BRDA:65,8,0,0
BRDA:65,8,1,0
BRDA:65,9,0,0
BRDA:65,9,1,0
BRDA:76,10,0,0
BRDA:76,10,1,0
BRDA:110,11,0,0
BRDA:110,11,1,0
BRDA:118,12,0,0
BRDA:118,12,1,0
BRDA:124,13,0,0
BRDA:124,13,1,0
BRDA:131,14,0,0
BRDA:131,14,1,0
BRDA:133,15,0,0
BRDA:133,15,1,0
BRDA:149,16,0,0
BRDA:149,16,1,0
BRDA:150,17,0,0
BRDA:150,17,1,0
BRDA:160,18,0,0
BRDA:160,18,1,0
BRDA:183,19,0,0
BRDA:183,19,1,0
BRDA:212,20,0,0
BRDA:212,20,1,0
BRDA:212,21,0,0
BRDA:212,21,1,0
BRDA:214,22,0,0
BRDA:214,22,1,0
BRDA:230,23,0,0
BRDA:249,24,0,0
BRDA:249,24,1,0
BRF:47
BRH:0
end_of_record
TN:
SF:js/notifications.js
FN:14,(anonymous_0)
FN:41,(anonymous_1)
FN:63,(anonymous_2)
FN:77,(anonymous_3)
FN:82,(anonymous_4)
FN:90,(anonymous_5)
FN:100,(anonymous_6)
FN:130,(anonymous_7)
FN:136,(anonymous_8)
FN:140,(anonymous_9)
FN:142,(anonymous_10)
FN:191,(anonymous_11)
FN:246,(anonymous_12)
FN:253,(anonymous_13)
FN:283,(anonymous_14)
FN:287,(anonymous_15)
FN:300,(anonymous_16)
FN:344,(anonymous_17)
FN:391,(anonymous_18)
FN:411,(anonymous_19)
FN:435,(anonymous_20)
FN:436,(anonymous_21)
FN:447,(anonymous_22)
FN:448,(anonymous_23)
FN:457,(anonymous_24)
FN:458,(anonymous_25)
FN:469,(anonymous_26)
FN:470,(anonymous_27)
FN:483,(anonymous_28)
FN:484,(anonymous_29)
FN:497,(anonymous_30)
FN:511,(anonymous_31)
FN:536,(anonymous_32)
FN:556,(anonymous_33)
FN:583,(anonymous_34)
FN:602,(anonymous_35)
FN:606,(anonymous_36)
FN:611,(anonymous_37)
FN:620,(anonymous_38)
FN:622,(anonymous_39)
FN:623,(anonymous_40)
FN:637,(anonymous_41)
FN:638,(anonymous_42)
FN:644,(anonymous_43)
FN:645,(anonymous_44)
FN:651,(anonymous_45)
FN:652,(anonymous_46)
FN:658,(anonymous_47)
FN:659,(anonymous_48)
FN:713,(anonymous_49)
FN:733,(anonymous_50)
FN:751,(anonymous_51)
FN:770,(anonymous_52)
FN:771,(anonymous_53)
FN:775,(anonymous_54)
FN:782,(anonymous_55)
FN:784,(anonymous_56)
FN:786,(anonymous_57)
FN:795,(anonymous_58)
FN:813,(anonymous_59)
FN:822,(anonymous_60)
FN:852,(anonymous_61)
FN:877,(anonymous_62)
FN:886,(anonymous_63)
FN:913,(anonymous_64)
FN:929,(anonymous_65)
FN:945,(anonymous_66)
FN:966,(anonymous_67)
FNF:68
FNH:0
FNDA:0,(anonymous_0)
FNDA:0,(anonymous_1)
FNDA:0,(anonymous_2)
FNDA:0,(anonymous_3)
FNDA:0,(anonymous_4)
FNDA:0,(anonymous_5)
FNDA:0,(anonymous_6)
FNDA:0,(anonymous_7)
FNDA:0,(anonymous_8)
FNDA:0,(anonymous_9)
FNDA:0,(anonymous_10)
FNDA:0,(anonymous_11)
FNDA:0,(anonymous_12)
FNDA:0,(anonymous_13)
FNDA:0,(anonymous_14)
FNDA:0,(anonymous_15)
FNDA:0,(anonymous_16)
FNDA:0,(anonymous_17)
FNDA:0,(anonymous_18)
FNDA:0,(anonymous_19)
FNDA:0,(anonymous_20)
FNDA:0,(anonymous_21)
FNDA:0,(anonymous_22)
FNDA:0,(anonymous_23)
FNDA:0,(anonymous_24)
FNDA:0,(anonymous_25)
FNDA:0,(anonymous_26)
FNDA:0,(anonymous_27)
FNDA:0,(anonymous_28)
FNDA:0,(anonymous_29)
FNDA:0,(anonymous_30)
FNDA:0,(anonymous_31)
FNDA:0,(anonymous_32)
FNDA:0,(anonymous_33)
FNDA:0,(anonymous_34)
FNDA:0,(anonymous_35)
FNDA:0,(anonymous_36)
FNDA:0,(anonymous_37)
FNDA:0,(anonymous_38)
FNDA:0,(anonymous_39)
FNDA:0,(anonymous_40)
FNDA:0,(anonymous_41)
FNDA:0,(anonymous_42)
FNDA:0,(anonymous_43)
FNDA:0,(anonymous_44)
FNDA:0,(anonymous_45)
FNDA:0,(anonymous_46)
FNDA:0,(anonymous_47)
FNDA:0,(anonymous_48)
FNDA:0,(anonymous_49)
FNDA:0,(anonymous_50)
FNDA:0,(anonymous_51)
FNDA:0,(anonymous_52)
FNDA:0,(anonymous_53)
FNDA:0,(anonymous_54)
FNDA:0,(anonymous_55)
FNDA:0,(anonymous_56)
FNDA:0,(anonymous_57)
FNDA:0,(anonymous_58)
FNDA:0,(anonymous_59)
FNDA:0,(anonymous_60)
FNDA:0,(anonymous_61)
FNDA:0,(anonymous_62)
FNDA:0,(anonymous_63)
FNDA:0,(anonymous_64)
FNDA:0,(anonymous_65)
FNDA:0,(anonymous_66)
FNDA:0,(anonymous_67)
DA:15,0
DA:16,0
DA:17,0
DA:20,0
DA:32,0
DA:35,0
DA:42,0
DA:43,0
DA:44,0
DA:45,0
DA:48,0
DA:49,0
DA:50,0
DA:53,0
DA:54,0
DA:55,0
DA:56,0
DA:64,0
DA:65,0
DA:66,0
DA:67,0
DA:68,0
DA:70,0
DA:79,0
DA:82,0
DA:83,0
DA:91,0
DA:92,0
DA:93,0
DA:101,0
DA:103,0
DA:106,0
DA:109,0
DA:112,0
DA:115,0
DA:118,0
DA:119,0
DA:123,0
DA:131,0
DA:132,0
DA:133,0
DA:136,0
DA:137,0
DA:140,0
DA:142,0
DA:143,0
DA:147,0
DA:149,0
DA:174,0
DA:177,0
DA:192,0
DA:193,0
DA:194,0
DA:197,0
DA:241,0
DA:246,0
DA:247,0
DA:248,0
DA:251,0
DA:253,0
DA:254,0
DA:259,0
DA:260,0
DA:284,0
DA:285,0
DA:287,0
DA:288,0
DA:290,0
DA:291,0
DA:293,0
DA:296,0
DA:298,0
DA:300,0
DA:301,0
DA:306,0
DA:307,0
DA:308,0
DA:310,0
DA:311,0
DA:312,0
DA:313,0
DA:314,0
DA:315,0
DA:317,0
DA:318,0
DA:321,0
DA:345,0
DA:360,0
DA:363,0
DA:365,0
DA:367,0
DA:368,0
DA:373,0
DA:374,0
DA:378,0
DA:379,0
DA:382,0
DA:383,0
DA:385,0
DA:392,0
DA:394,0
DA:396,0
DA:398,0
DA:400,0
DA:402,0
DA:404,0
DA:412,0
DA:424,0
DA:425,0
DA:427,0
DA:429,0
DA:436,0
DA:437,0
DA:438,0
DA:439,0
DA:440,0
DA:448,0
DA:449,0
DA:450,0
DA:451,0
DA:458,0
DA:459,0
DA:460,0
DA:461,0
DA:462,0
DA:470,0
DA:471,0
DA:472,0
DA:473,0
DA:474,0
DA:475,0
DA:476,0
DA:484,0
DA:485,0
DA:486,0
DA:487,0
DA:488,0
DA:489,0
DA:490,0
DA:498,0
DA:499,0
DA:500,0
DA:503,0
DA:504,0
DA:512,0
DA:513,0
DA:514,0
DA:517,0
DA:518,0
DA:521,0
DA:522,0
DA:523,0
DA:524,0
DA:525,0
DA:529,0
DA:530,0
DA:537,0
DA:538,0
DA:540,0
DA:541,0
DA:549,0
DA:557,0
DA:560,0
DA:568,0
DA:569,0
DA:577,0
DA:585,0
DA:586,0
DA:587,0
DA:588,0
DA:589,0
DA:593,0
DA:594,0
DA:595,0
DA:603,0
DA:604,0
DA:606,0
DA:607,0
DA:608,0
DA:611,0
DA:612,0
DA:613,0
DA:621,0
DA:622,0
DA:625,0
DA:626,0
DA:628,0
DA:630,0
DA:638,0
DA:645,0
DA:652,0
DA:659,0
DA:660,0
DA:662,0
DA:664,0
DA:665,0
DA:668,0
DA:672,0
DA:673,0
DA:677,0
DA:678,0
DA:681,0
DA:682,0
DA:685,0
DA:686,0
DA:689,0
DA:690,0
DA:693,0
DA:694,0
DA:697,0
DA:698,0
DA:701,0
DA:705,0
DA:706,0
DA:714,0
DA:716,0
DA:734,0
DA:736,0
DA:752,0
DA:754,0
DA:771,0
DA:774,0
DA:775,0
DA:776,0
DA:777,0
DA:780,0
DA:782,0
DA:784,0
DA:786,0
DA:788,0
DA:796,0
DA:797,0
DA:799,0
DA:800,0
DA:802,0
DA:803,0
DA:809,0
DA:813,0
DA:814,0
DA:815,0
DA:816,0
DA:817,0
DA:820,0
DA:822,0
DA:823,0
DA:832,0
DA:833,0
DA:834,0
DA:835,0
DA:837,0
DA:852,0
DA:870,0
DA:871,0
DA:878,0
DA:880,0
DA:881,0
DA:884,0
DA:886,0
DA:887,0
DA:888,0
DA:889,0
DA:895,0
DA:897,0
DA:913,0
DA:924,0
DA:926,0
DA:930,0
DA:931,0
DA:932,0
DA:933,0
DA:934,0
DA:935,0
DA:937,0
DA:938,0
DA:939,0
DA:940,0
DA:942,0
DA:946,0
DA:952,0
DA:957,0
DA:960,0
DA:961,0
DA:965,0
DA:966,0
DA:967,0
LF:285
LH:0
BRDA:43,0,0,0
BRDA:43,0,1,0
BRDA:44,1,0,0
BRDA:44,1,1,0
BRDA:45,2,0,0
BRDA:45,2,1,0
BRDA:49,3,0,0
BRDA:49,3,1,0
BRDA:91,4,0,0
BRDA:91,4,1,0
BRDA:118,5,0,0
BRDA:118,5,1,0
BRDA:118,6,0,0
BRDA:118,6,1,0
BRDA:143,7,0,0
BRDA:143,7,1,0
BRDA:147,8,0,0
BRDA:147,8,1,0
BRDA:247,9,0,0
BRDA:247,9,1,0
BRDA:251,10,0,0
BRDA:251,10,1,0
BRDA:251,11,0,0
BRDA:251,11,1,0
BRDA:254,12,0,0
BRDA:254,12,1,0
BRDA:254,12,2,0
BRDA:259,13,0,0
BRDA:259,13,1,0
BRDA:288,14,0,0
BRDA:288,14,1,0
BRDA:298,15,0,0
BRDA:298,15,1,0
BRDA:301,16,0,0
BRDA:301,16,1,0
BRDA:301,16,2,0
BRDA:306,17,0,0
BRDA:306,17,1,0
BRDA:310,18,0,0
BRDA:310,18,1,0
BRDA:313,19,0,0
BRDA:313,19,1,0
BRDA:350,20,0,0
BRDA:350,20,1,0
BRDA:356,21,0,0
BRDA:356,21,1,0
BRDA:365,22,0,0
BRDA:365,22,1,0
BRDA:365,23,0,0
BRDA:365,23,1,0
BRDA:367,24,0,0
BRDA:367,24,1,0
BRDA:373,25,0,0
BRDA:373,25,1,0
BRDA:373,26,0,0
BRDA:373,26,1,0
BRDA:378,27,0,0
BRDA:378,27,1,0
BRDA:378,28,0,0
BRDA:378,28,1,0
BRDA:392,29,0,0
BRDA:392,29,1,0
BRDA:392,29,2,0
BRDA:392,29,3,0
BRDA:392,29,4,0
BRDA:392,29,5,0
BRDA:418,30,0,0
BRDA:418,30,1,0
BRDA:419,31,0,0
BRDA:419,31,1,0
BRDA:437,32,0,0
BRDA:437,32,1,0
BRDA:459,33,0,0
BRDA:459,33,1,0
BRDA:469,34,0,0
BRDA:471,35,0,0
BRDA:471,35,1,0
BRDA:485,36,0,0
BRDA:485,36,1,0
BRDA:503,37,0,0
BRDA:503,37,1,0
BRDA:503,38,0,0
BRDA:503,38,1,0
BRDA:512,39,0,0
BRDA:512,39,1,0
BRDA:517,40,0,0
BRDA:517,40,1,0
BRDA:521,41,0,0
BRDA:521,41,1,0
BRDA:523,42,0,0
BRDA:523,42,1,0
BRDA:537,43,0,0
BRDA:537,43,1,0
BRDA:538,44,0,0
BRDA:538,44,1,0
BRDA:557,45,0,0
BRDA:557,45,1,0
BRDA:561,46,0,0
BRDA:561,46,1,0
BRDA:568,47,0,0
BRDA:568,47,1,0
BRDA:587,48,0,0
BRDA:587,48,1,0
BRDA:588,49,0,0
BRDA:588,49,1,0
BRDA:589,50,0,0
BRDA:589,50,1,0
BRDA:594,51,0,0
BRDA:594,51,1,0
BRDA:594,52,0,0
BRDA:594,52,1,0
BRDA:608,53,0,0
BRDA:608,53,1,0
BRDA:613,54,0,0
BRDA:613,54,1,0
BRDA:628,55,0,0
BRDA:628,55,1,0
BRDA:638,56,0,0
BRDA:638,56,1,0
BRDA:645,57,0,0
BRDA:645,57,1,0
BRDA:652,58,0,0
BRDA:652,58,1,0
BRDA:660,59,0,0
BRDA:660,59,1,0
BRDA:662,60,0,0
BRDA:662,60,1,0
BRDA:662,60,2,0
BRDA:662,60,3,0
BRDA:662,60,4,0
BRDA:662,60,5,0
BRDA:662,60,6,0
BRDA:662,60,7,0
BRDA:662,60,8,0
BRDA:664,61,0,0
BRDA:664,61,1,0
BRDA:693,62,0,0
BRDA:693,62,1,0
BRDA:705,63,0,0
BRDA:705,63,1,0
BRDA:714,64,0,0
BRDA:714,64,1,0
BRDA:734,65,0,0
BRDA:734,65,1,0
BRDA:752,66,0,0
BRDA:752,66,1,0
BRDA:770,67,0,0
BRDA:776,68,0,0
BRDA:776,68,1,0
BRDA:780,69,0,0
BRDA:780,69,1,0
BRDA:780,69,2,0
BRDA:780,69,3,0
BRDA:797,70,0,0
BRDA:797,70,1,0
BRDA:799,71,0,0
BRDA:799,71,1,0
BRDA:802,72,0,0
BRDA:802,72,1,0
BRDA:816,73,0,0
BRDA:816,73,1,0
BRDA:832,74,0,0
BRDA:832,74,1,0
BRDA:833,75,0,0
BRDA:833,75,1,0
BRDA:834,76,0,0
BRDA:834,76,1,0
BRDA:850,77,0,0
BRDA:850,77,1,0
BRDA:850,78,0,0
BRDA:850,78,1,0
BRDA:880,79,0,0
BRDA:880,79,1,0
BRDA:888,80,0,0
BRDA:888,80,1,0
BRDA:895,81,0,0
BRDA:895,81,1,0
BRDA:911,82,0,0
BRDA:911,82,1,0
BRDA:911,83,0,0
BRDA:911,83,1,0
BRDA:937,84,0,0
BRDA:937,84,1,0
BRDA:938,85,0,0
BRDA:938,85,1,0
BRDA:939,86,0,0
BRDA:939,86,1,0
BRDA:940,87,0,0
BRDA:940,87,1,0
BRDA:952,88,0,0
BRDA:952,88,1,0
BRDA:960,89,0,0
BRDA:960,89,1,0
BRDA:965,90,0,0
BRDA:965,90,1,0
BRF:195
BRH:0
end_of_record
TN:
SF:js/planner.js
FN:14,(anonymous_0)
FN:30,(anonymous_1)
FN:56,(anonymous_2)
FN:58,(anonymous_3)
FN:73,(anonymous_4)
FN:81,(anonymous_5)
FN:82,(anonymous_6)
FN:87,(anonymous_7)
FN:94,(anonymous_8)
FN:114,(anonymous_9)
FN:127,(anonymous_10)
FN:142,(anonymous_11)
FN:151,(anonymous_12)
FN:160,(anonymous_13)
FN:163,(anonymous_14)
FN:173,(anonymous_15)
FN:189,(anonymous_16)
FN:200,(anonymous_17)
FN:225,(anonymous_18)
FN:238,(anonymous_19)
FN:297,(anonymous_20)
FN:348,(anonymous_21)
FN:353,(anonymous_22)
FN:362,(anonymous_23)
FN:385,(anonymous_24)
FN:400,(anonymous_25)
FN:409,(anonymous_26)
FN:421,(anonymous_27)
FN:469,(anonymous_28)
FN:482,(anonymous_29)
FNF:30
FNH:0
FNDA:0,(anonymous_0)
FNDA:0,(anonymous_1)
FNDA:0,(anonymous_2)
FNDA:0,(anonymous_3)
FNDA:0,(anonymous_4)
FNDA:0,(anonymous_5)
FNDA:0,(anonymous_6)
FNDA:0,(anonymous_7)
FNDA:0,(anonymous_8)
FNDA:0,(anonymous_9)
FNDA:0,(anonymous_10)
FNDA:0,(anonymous_11)
FNDA:0,(anonymous_12)
FNDA:0,(anonymous_13)
FNDA:0,(anonymous_14)
FNDA:0,(anonymous_15)
FNDA:0,(anonymous_16)
FNDA:0,(anonymous_17)
FNDA:0,(anonymous_18)
FNDA:0,(anonymous_19)
FNDA:0,(anonymous_20)
FNDA:0,(anonymous_21)
FNDA:0,(anonymous_22)
FNDA:0,(anonymous_23)
FNDA:0,(anonymous_24)
FNDA:0,(anonymous_25)
FNDA:0,(anonymous_26)
FNDA:0,(anonymous_27)
FNDA:0,(anonymous_28)
FNDA:0,(anonymous_29)
DA:16,0
DA:24,0
DA:31,0
DA:32,0
DA:33,0
DA:35,0
DA:38,0
DA:39,0
DA:43,0
DA:44,0
DA:47,0
DA:57,0
DA:58,0
DA:60,0
DA:62,0
DA:74,0
DA:75,0
DA:76,0
DA:79,0
DA:80,0
DA:81,0
DA:83,0
DA:84,0
DA:87,0
DA:95,0
DA:97,0
DA:98,0
DA:105,0
DA:107,0
DA:116,0
DA:124,0
DA:127,0
DA:128,0
DA:129,0
DA:130,0
DA:132,0
DA:142,0
DA:144,0
DA:152,0
DA:153,0
DA:160,0
DA:163,0
DA:164,0
DA:165,0
DA:166,0
DA:169,0
DA:173,0
DA:174,0
DA:175,0
DA:178,0
DA:179,0
DA:180,0
DA:182,0
DA:189,0
DA:191,0
DA:201,0
DA:203,0
DA:204,0
DA:207,0
DA:208,0
DA:209,0
DA:210,0
DA:213,0
DA:214,0
DA:215,0
DA:218,0
DA:229,0
DA:231,0
DA:239,0
DA:290,0
DA:301,0
DA:302,0
DA:303,0
DA:305,0
DA:306,0
DA:308,0
DA:309,0
DA:311,0
DA:313,0
DA:314,0
DA:315,0
DA:317,0
DA:325,0
DA:326,0
DA:330,0
DA:333,0
DA:334,0
DA:338,0
DA:349,0
DA:350,0
DA:353,0
DA:354,0
DA:355,0
DA:356,0
DA:358,0
DA:362,0
DA:364,0
DA:365,0
DA:374,0
DA:375,0
DA:376,0
DA:385,0
DA:386,0
DA:387,0
DA:388,0
DA:399,0
DA:400,0
DA:410,0
DA:411,0
DA:412,0
DA:421,0
DA:422,0
DA:423,0
DA:425,0
DA:426,0
DA:429,0
DA:430,0
DA:434,0
DA:435,0
DA:439,0
DA:440,0
DA:441,0
DA:445,0
DA:450,0
DA:451,0
DA:452,0
DA:453,0
DA:455,0
DA:458,0
DA:462,0
DA:470,0
DA:472,0
DA:473,0
DA:480,0
DA:482,0
DA:483,0
DA:484,0
DA:489,0
DA:490,0
DA:495,0
DA:496,0
DA:504,0
DA:515,0
DA:518,0
DA:519,0
LF:145
LH:0
BRDA:38,0,0,0
BRDA:38,0,1,0
BRDA:43,1,0,0
BRDA:43,1,1,0
BRDA:43,2,0,0
BRDA:43,2,1,0
BRDA:75,3,0,0
BRDA:75,3,1,0
BRDA:97,4,0,0
BRDA:97,4,1,0
BRDA:124,5,0,0
BRDA:124,5,1,0
BRDA:130,6,0,0
BRDA:130,6,1,0
BRDA:135,7,0,0
BRDA:135,7,1,0
BRDA:152,8,0,0
BRDA:152,8,1,0
BRDA:169,9,0,0
BRDA:169,9,1,0
BRDA:169,9,2,0
BRDA:178,10,0,0
BRDA:178,10,1,0
BRDA:178,11,0,0
BRDA:178,11,1,0
BRDA:178,11,2,0
BRDA:179,12,0,0
BRDA:179,12,1,0
BRDA:179,13,0,0
BRDA:179,13,1,0
BRDA:179,13,2,0
BRDA:180,14,0,0
BRDA:180,14,1,0
BRDA:193,15,0,0
BRDA:193,15,1,0
BRDA:203,16,0,0
BRDA:203,16,1,0
BRDA:207,17,0,0
BRDA:207,17,1,0
BRDA:207,18,0,0
BRDA:207,18,1,0
BRDA:207,18,2,0
BRDA:209,19,0,0
BRDA:209,19,1,0
BRDA:209,20,0,0
BRDA:209,20,1,0
BRDA:209,20,2,0
BRDA:214,21,0,0
BRDA:214,21,1,0
BRDA:218,22,0,0
BRDA:218,22,1,0
BRDA:290,23,0,0
BRDA:290,23,1,0
BRDA:308,24,0,0
BRDA:308,24,1,0
BRDA:311,25,0,0
BRDA:311,25,1,0
BRDA:333,26,0,0
BRDA:333,26,1,0
BRDA:355,27,0,0
BRDA:355,27,1,0
BRDA:364,28,0,0
BRDA:364,28,1,0
BRDA:375,29,0,0
BRDA:375,29,1,0
BRDA:387,30,0,0
BRDA:387,30,1,0
BRDA:387,31,0,0
BRDA:387,31,1,0
BRDA:425,32,0,0
BRDA:425,32,1,0
BRDA:425,33,0,0
BRDA:425,33,1,0
BRDA:429,34,0,0
BRDA:429,34,1,0
BRDA:430,35,0,0
BRDA:430,35,1,0
BRDA:434,36,0,0
BRDA:434,36,1,0
BRDA:435,37,0,0
BRDA:435,37,1,0
BRDA:440,38,0,0
BRDA:440,38,1,0
BRDA:445,39,0,0
BRDA:445,39,1,0
BRDA:452,40,0,0
BRDA:452,40,1,0
BRDA:458,41,0,0
BRDA:458,41,1,0
BRDA:472,42,0,0
BRDA:472,42,1,0
BRDA:472,43,0,0
BRDA:472,43,1,0
BRDA:483,44,0,0
BRDA:483,44,1,0
BRDA:489,45,0,0
BRDA:489,45,1,0
BRDA:495,46,0,0
BRDA:495,46,1,0
BRDA:518,47,0,0
BRDA:518,47,1,0
BRF:101
BRH:0
end_of_record
TN:
SF:js/schedule-component.js
FN:62,generateTimeSlots
FN:80,createScheduleCell
FN:89,(anonymous_2)
FN:118,(anonymous_3)
FN:123,(anonymous_4)
FN:139,renderScheduleTable
FN:169,(anonymous_6)
FN:186,(anonymous_7)
FN:197,(anonymous_8)
FN:222,showScheduleEditModal
FN:256,(anonymous_10)
FN:285,(anonymous_11)
FN:329,(anonymous_12)
FN:333,(anonymous_13)
FN:350,(anonymous_14)
FN:358,(anonymous_15)
FN:369,(anonymous_16)
FN:380,getActivityType
FN:388,getScheduleConfig
FNF:19
FNH:0
FNDA:0,generateTimeSlots
FNDA:0,createScheduleCell
FNDA:0,(anonymous_2)
FNDA:0,(anonymous_3)
FNDA:0,(anonymous_4)
FNDA:0,renderScheduleTable
FNDA:0,(anonymous_6)
FNDA:0,(anonymous_7)
FNDA:0,(anonymous_8)
FNDA:0,showScheduleEditModal
FNDA:0,(anonymous_10)
FNDA:0,(anonymous_11)
FNDA:0,(anonymous_12)
FNDA:0,(anonymous_13)
FNDA:0,(anonymous_14)
FNDA:0,(anonymous_15)
FNDA:0,(anonymous_16)
FNDA:0,getActivityType
FNDA:0,getScheduleConfig
DA:17,0
DA:51,0
DA:63,0
DA:64,0
DA:65,0
DA:66,0
DA:67,0
DA:69,0
DA:81,0
DA:82,0
DA:83,0
DA:84,0
DA:85,0
DA:87,0
DA:89,0
DA:90,0
DA:92,0
DA:93,0
DA:108,0
DA:109,0
DA:118,0
DA:119,0
DA:123,0
DA:124,0
DA:125,0
DA:126,0
DA:130,0
DA:140,0
DA:141,0
DA:142,0
DA:145,0
DA:148,0
DA:149,0
DA:152,0
DA:153,0
DA:154,0
DA:155,0
DA:158,0
DA:159,0
DA:162,0
DA:163,0
DA:164,0
DA:165,0
DA:166,0
DA:169,0
DA:170,0
DA:171,0
DA:172,0
DA:173,0
DA:177,0
DA:180,0
DA:181,0
DA:184,0
DA:186,0
DA:187,0
DA:190,0
DA:191,0
DA:192,0
DA:193,0
DA:194,0
DA:197,0
DA:198,0
DA:199,0
DA:200,0
DA:201,0
DA:204,0
DA:207,0
DA:208,0
DA:211,0
DA:212,0
DA:224,0
DA:225,0
DA:228,0
DA:229,0
DA:230,0
DA:231,0
DA:232,0
DA:234,0
DA:236,0
DA:256,0
DA:285,0
DA:324,0
DA:325,0
DA:326,0
DA:327,0
DA:329,0
DA:330,0
DA:333,0
DA:334,0
DA:336,0
DA:342,0
DA:343,0
DA:346,0
DA:347,0
DA:349,0
DA:350,0
DA:351,0
DA:352,0
DA:353,0
DA:358,0
DA:359,0
DA:360,0
DA:365,0
DA:366,0
DA:369,0
DA:370,0
DA:371,0
DA:381,0
DA:389,0
LF:109
LH:0
BRDA:87,0,0,0
BRDA:87,0,1,0
BRDA:87,1,0,0
BRDA:87,1,1,0
BRDA:90,2,0,0
BRDA:90,2,1,0
BRDA:101,3,0,0
BRDA:101,3,1,0
BRDA:102,4,0,0
BRDA:102,4,1,0
BRDA:124,5,0,0
BRDA:124,5,1,0
BRDA:124,6,0,0
BRDA:124,6,1,0
BRDA:140,7,0,0
BRDA:140,7,1,0
BRDA:199,8,0,0
BRDA:199,8,1,0
BRDA:257,9,0,0
BRDA:257,9,1,0
BRDA:273,10,0,0
BRDA:273,10,1,0
BRDA:291,11,0,0
BRDA:291,11,1,0
BRDA:291,12,0,0
BRDA:291,12,1,0
BRDA:291,12,2,0
BRDA:305,13,0,0
BRDA:305,13,1,0
BRDA:349,14,0,0
BRDA:349,14,1,0
BRDA:351,15,0,0
BRDA:351,15,1,0
BRDA:359,16,0,0
BRDA:359,16,1,0
BRDA:371,17,0,0
BRDA:371,17,1,0
BRDA:381,18,0,0
BRDA:381,18,1,0
BRF:39
BRH:0
end_of_record
TN:
SF:js/schedule-example-data.js
FN:198,generateEmptySchedule
FN:208,validateScheduleData
FN:238,getScheduleForDay
FN:255,getScheduleStats
FNF:4
FNH:0
FNDA:0,generateEmptySchedule
FNDA:0,validateScheduleData
FNDA:0,getScheduleForDay
FNDA:0,getScheduleStats
DA:7,0
DA:123,0
DA:145,0
DA:185,0
DA:200,0
DA:209,0
DA:210,0
DA:213,0
DA:214,0
DA:216,0
DA:217,0
DA:218,0
DA:222,0
DA:223,0
DA:224,0
DA:229,0
DA:239,0
DA:241,0
DA:242,0
DA:243,0
DA:247,0
DA:257,0
DA:258,0
DA:259,0
DA:260,0
DA:263,0
DA:264,0
DA:265,0
DA:268,0
DA:269,0
DA:273,0
DA:274,0
DA:279,0
LF:33
LH:0
BRDA:209,0,0,0
BRDA:209,0,1,0
BRDA:209,1,0,0
BRDA:209,1,1,0
BRDA:214,2,0,0
BRDA:214,2,1,0
BRDA:216,3,0,0
BRDA:216,3,1,0
BRDA:216,4,0,0
BRDA:216,4,1,0
BRDA:216,4,2,0
BRDA:222,5,0,0
BRDA:222,5,1,0
BRDA:242,6,0,0
BRDA:242,6,1,0
BRDA:264,7,0,0
BRDA:264,7,1,0
BRDA:264,8,0,0
BRDA:264,8,1,0
BRDA:268,9,0,0
BRDA:268,9,1,0
BRDA:269,10,0,0
BRDA:269,10,1,0
BRDA:273,11,0,0
BRDA:273,11,1,0
BRDA:274,12,0,0
BRDA:274,12,1,0
BRDA:283,13,0,0
BRDA:283,13,1,0
BRF:29
BRH:0
end_of_record
TN:
SF:js/theme.js
FN:49,getThemePreference
FN:57,saveThemePreference
FN:65,getThemeColorPreference
FN:73,saveThemeColorPreference
FN:81,getSystemTheme
FN:93,applyColorPalette
FN:118,applyTheme
FN:150,initializeTheme
FN:158,(anonymous_8)
FN:170,setupThemePicker
FN:184,(anonymous_10)
FN:202,(anonymous_11)
FN:216,(anonymous_12)
FN:221,(anonymous_13)
FN:227,(anonymous_14)
FN:268,(anonymous_15)
FN:275,(anonymous_16)
FNF:17
FNH:0
FNDA:0,getThemePreference
FNDA:0,saveThemePreference
FNDA:0,getThemeColorPreference
FNDA:0,saveThemeColorPreference
FNDA:0,getSystemTheme
FNDA:0,applyColorPalette
FNDA:0,applyTheme
FNDA:0,initializeTheme
FNDA:0,(anonymous_8)
FNDA:0,setupThemePicker
FNDA:0,(anonymous_10)
FNDA:0,(anonymous_11)
FNDA:0,(anonymous_12)
FNDA:0,(anonymous_13)
FNDA:0,(anonymous_14)
FNDA:0,(anonymous_15)
FNDA:0,(anonymous_16)
DA:3,0
DA:4,0
DA:5,0
DA:6,0
DA:7,0
DA:10,0
DA:50,0
DA:58,0
DA:66,0
DA:74,0
DA:82,0
DA:83,0
DA:85,0
DA:94,0
DA:95,0
DA:97,0
DA:98,0
DA:101,0
DA:102,0
DA:103,0
DA:104,0
DA:107,0
DA:108,0
DA:109,0
DA:119,0
DA:120,0
DA:123,0
DA:124,0
DA:127,0
DA:128,0
DA:130,0
DA:134,0
DA:135,0
DA:136,0
DA:138,0
DA:139,0
DA:143,0
DA:144,0
DA:151,0
DA:152,0
DA:153,0
DA:156,0
DA:157,0
DA:158,0
DA:159,0
DA:160,0
DA:161,0
DA:171,0
DA:172,0
DA:173,0
DA:174,0
DA:175,0
DA:176,0
DA:178,0
DA:179,0
DA:180,0
DA:184,0
DA:186,0
DA:187,0
DA:188,0
DA:189,0
DA:193,0
DA:194,0
DA:195,0
DA:196,0
DA:199,0
DA:202,0
DA:206,0
DA:207,0
DA:211,0
DA:212,0
DA:216,0
DA:217,0
DA:221,0
DA:222,0
DA:223,0
DA:227,0
DA:228,0
DA:231,0
DA:232,0
DA:234,0
DA:235,0
DA:236,0
DA:238,0
DA:239,0
DA:241,0
DA:244,0
DA:245,0
DA:250,0
DA:260,0
DA:264,0
DA:268,0
DA:269,0
DA:270,0
DA:275,0
DA:276,0
DA:277,0
LF:97
LH:0
BRDA:50,0,0,0
BRDA:50,0,1,0
BRDA:66,1,0,0
BRDA:66,1,1,0
BRDA:82,2,0,0
BRDA:82,2,1,0
BRDA:82,3,0,0
BRDA:82,3,1,0
BRDA:95,4,0,0
BRDA:95,4,1,0
BRDA:108,5,0,0
BRDA:108,5,1,0
BRDA:118,6,0,0
BRDA:127,7,0,0
BRDA:127,7,1,0
BRDA:134,8,0,0
BRDA:134,8,1,0
BRDA:143,9,0,0
BRDA:143,9,1,0
BRDA:156,10,0,0
BRDA:156,10,1,0
BRDA:160,11,0,0
BRDA:160,11,1,0
BRDA:178,12,0,0
BRDA:178,12,1,0
BRDA:178,13,0,0
BRDA:178,13,1,0
BRDA:178,13,2,0
BRDA:178,13,3,0
BRDA:188,14,0,0
BRDA:188,14,1,0
BRDA:195,15,0,0
BRDA:195,15,1,0
BRDA:206,16,0,0
BRDA:206,16,1,0
BRDA:211,17,0,0
BRDA:211,17,1,0
BRDA:234,18,0,0
BRDA:234,18,1,0
BRDA:238,19,0,0
BRDA:238,19,1,0
BRDA:244,20,0,0
BRDA:244,20,1,0
BRDA:269,21,0,0
BRDA:269,21,1,0
BRDA:276,22,0,0
BRDA:276,22,1,0
BRDA:276,23,0,0
BRDA:276,23,1,0
BRF:49
BRH:0
end_of_record
TN:
SF:js/ui.js
FN:6,createToastContainer
FN:14,showToast
FN:21,(anonymous_2)
FN:23,(anonymous_3)
FN:27,switchTab
FN:29,(anonymous_5)
FN:30,(anonymous_6)
FN:83,updateActiveClassBadge
FN:87,showOnboarding
FN:96,(anonymous_9)
FN:105,hideOnboarding
FN:109,showOnboardingBanner
FN:116,hideOnboardingBanner
FN:123,disableMenuItems
FN:125,(anonymous_14)
FN:135,enableAllMenuItems
FN:137,(anonymous_16)
FN:144,renderTemplate
FN:149,(anonymous_18)
FN:150,(anonymous_19)
FN:155,(anonymous_20)
FN:162,renderChatMessages
FN:171,(anonymous_22)
FNF:23
FNH:0
FNDA:0,createToastContainer
FNDA:0,showToast
FNDA:0,(anonymous_2)
FNDA:0,(anonymous_3)
FNDA:0,switchTab
FNDA:0,(anonymous_5)
FNDA:0,(anonymous_6)
FNDA:0,updateActiveClassBadge
FNDA:0,showOnboarding
FNDA:0,(anonymous_9)
FNDA:0,hideOnboarding
FNDA:0,showOnboardingBanner
FNDA:0,hideOnboardingBanner
FNDA:0,disableMenuItems
FNDA:0,(anonymous_14)
FNDA:0,enableAllMenuItems
FNDA:0,(anonymous_16)
FNDA:0,renderTemplate
FNDA:0,(anonymous_18)
FNDA:0,(anonymous_19)
FNDA:0,(anonymous_20)
FNDA:0,renderChatMessages
FNDA:0,(anonymous_22)
DA:7,0
DA:8,0
DA:9,0
DA:10,0
DA:15,0
DA:16,0
DA:17,0
DA:18,0
DA:19,0
DA:20,0
DA:21,0
DA:22,0
DA:23,0
DA:28,0
DA:29,0
DA:30,0
DA:32,0
DA:33,0
DA:35,0
DA:36,0
DA:37,0
DA:41,0
DA:42,0
DA:46,0
DA:47,0
DA:50,0
DA:51,0
DA:52,0
DA:54,0
DA:88,0
DA:89,0
DA:90,0
DA:92,0
DA:94,0
DA:96,0
DA:97,0
DA:98,0
DA:99,0
DA:106,0
DA:110,0
DA:111,0
DA:112,0
DA:117,0
DA:118,0
DA:119,0
DA:125,0
DA:126,0
DA:127,0
DA:128,0
DA:129,0
DA:130,0
DA:137,0
DA:138,0
DA:139,0
DA:140,0
DA:145,0
DA:146,0
DA:147,0
DA:148,0
DA:149,0
DA:150,0
DA:151,0
DA:155,0
DA:156,0
DA:159,0
DA:163,0
DA:164,0
DA:166,0
DA:167,0
DA:168,0
DA:171,0
DA:172,0
DA:173,0
DA:177,0
LF:74
LH:0
BRDA:7,0,0,0
BRDA:7,0,1,0
BRDA:14,1,0,0
BRDA:14,2,0,0
BRDA:16,3,0,0
BRDA:16,3,1,0
BRDA:28,4,0,0
BRDA:28,4,1,0
BRDA:33,5,0,0
BRDA:33,5,1,0
BRDA:36,6,0,0
BRDA:36,6,1,0
BRDA:41,7,0,0
BRDA:41,7,1,0
BRDA:41,8,0,0
BRDA:41,8,1,0
BRDA:46,9,0,0
BRDA:46,9,1,0
BRDA:51,10,0,0
BRDA:51,10,1,0
BRDA:89,11,0,0
BRDA:89,11,1,0
BRDA:98,12,0,0
BRDA:98,12,1,0
BRDA:98,13,0,0
BRDA:98,13,1,0
BRDA:111,14,0,0
BRDA:111,14,1,0
BRDA:118,15,0,0
BRDA:118,15,1,0
BRDA:123,16,0,0
BRDA:127,17,0,0
BRDA:127,17,1,0
BRDA:140,18,0,0
BRDA:140,18,1,0
BRDA:148,19,0,0
BRDA:148,19,1,0
BRDA:151,20,0,0
BRDA:151,20,1,0
BRDA:156,21,0,0
BRDA:156,21,1,0
BRDA:164,22,0,0
BRDA:164,22,1,0
BRDA:166,23,0,0
BRDA:166,23,1,0
BRDA:172,24,0,0
BRDA:172,24,1,0
BRDA:173,25,0,0
BRDA:173,25,1,0
BRF:49
BRH:0
end_of_record
